Emulate Docker CLI using podman. Create /etc/containers/nodocker to quiet msg.
STEP 1/5: FROM fedora:latest
STEP 2/5: RUN dnf -y update     && dnf -y install         cmake         gcc-c++         git         make         valgrind     && dnf clean all
--> Using cache 5802ab9d4de926976d2204e0d4287399d4a04109b108b3f5c5742abffd0aa87b
--> 5802ab9d4de9
STEP 3/5: COPY . /micm/
--> 4cba04b69f8d
STEP 4/5: RUN mkdir /build       && cd /build       && cmake         -D CMAKE_BUILD_TYPE=release         -D MICM_ENABLE_CLANG_TIDY:BOOL=FALSE         -D MICM_ENABLE_MEMCHECK:BOOL=TRUE         ../micm       && make install -j 8
-- The CXX compiler identification is GNU 15.2.1
-- Detecting CXX compiler ABI info
-- Detecting CXX compiler ABI info - done
-- Check for working CXX compiler: /usr/bin/c++ - skipped
-- Detecting CXX compile features
-- Detecting CXX compile features - done
-- CMake build configuration for micm(release) 3.13.0
-- The C compiler identification is GNU 15.2.1
-- Detecting C compiler ABI info
-- Detecting C compiler ABI info - done
-- Check for working C compiler: /usr/bin/cc - skipped
-- Detecting C compile features
-- Detecting C compile features - done
-- Found Python3: /usr/bin/python3.14 (found version "3.14.2") found components: Interpreter
-- Performing Test CMAKE_HAVE_LIBC_PTHREAD
-- Performing Test CMAKE_HAVE_LIBC_PTHREAD - Success
-- Found Threads: TRUE
-- Configuring done (3.7s)
-- Generating done (0.0s)
-- Build files have been written to: /build
[  0%] Building CXX object _deps/googletest-build/googletest/CMakeFiles/gtest.dir/src/gtest-all.cc.o
[  0%] Built target copy_tutorial_configs
[  0%] Built target copy_expected_regression_results
[  1%] Linking CXX static library ../../../lib/libgtest.a
[  1%] Built target gtest
[  2%] Building CXX object _deps/googletest-build/googletest/CMakeFiles/gtest_main.dir/src/gtest_main.cc.o
[  3%] Linking CXX static library ../../../lib/libgtest_main.a
[  3%] Built target gtest_main
[  4%] Building CXX object test/unit/constraint/CMakeFiles/test_constraint_set.dir/test_constraint_set.cpp.o
[  6%] Building CXX object test/unit/process/CMakeFiles/test_process.dir/test_process.cpp.o
[  6%] Building CXX object test/unit/constraint/type/CMakeFiles/test_equilibrium.dir/test_equilibrium.cpp.o
[  6%] Building CXX object test/unit/constraint/type/CMakeFiles/test_linear.dir/test_linear.cpp.o
[  6%] Building CXX object test/unit/process/CMakeFiles/test_reaction_rate_store.dir/test_reaction_rate_store.cpp.o
[  8%] Building CXX object test/unit/process/CMakeFiles/test_process_set.dir/test_process_set.cpp.o
[  8%] Building CXX object test/unit/process/rate_constant/CMakeFiles/test_arrhenius_rate_constant.dir/test_arrhenius_rate_constant.cpp.o
[  9%] Building CXX object test/unit/process/rate_constant/CMakeFiles/test_branched_rate_constant.dir/test_branched_rate_constant.cpp.o
[ 10%] Linking CXX executable ../../../../test_branched_rate_constant
[ 11%] Linking CXX executable ../../../../test_arrhenius_rate_constant
[ 11%] Built target test_branched_rate_constant
[ 11%] Built target test_arrhenius_rate_constant
[ 12%] Building CXX object test/unit/process/rate_constant/CMakeFiles/test_lambda_rate_constant.dir/test_lambda_rate_constant.cpp.o
[ 13%] Building CXX object test/unit/process/rate_constant/CMakeFiles/test_reversible_rate_constant.dir/test_reversible_rate_constant.cpp.o
[ 14%] Linking CXX executable ../../../../test_lambda_rate_constant
[ 14%] Built target test_lambda_rate_constant
[ 15%] Building CXX object test/unit/process/rate_constant/CMakeFiles/test_surface_rate_constant.dir/test_surface_rate_constant.cpp.o
[ 16%] Linking CXX executable ../../../../test_reversible_rate_constant
[ 16%] Built target test_reversible_rate_constant
[ 17%] Building CXX object test/unit/process/rate_constant/CMakeFiles/test_taylor_series_rate_constant.dir/test_taylor_series_rate_constant.cpp.o
[ 18%] Linking CXX executable ../../../../test_taylor_series_rate_constant
[ 18%] Built target test_taylor_series_rate_constant
[ 19%] Building CXX object test/unit/process/rate_constant/CMakeFiles/test_ternary_chemical_activation_rate_constant.dir/test_ternary_chemical_activation_rate_constant.cpp.o
[ 20%] Linking CXX executable ../../../../test_ternary_chemical_activation_rate_constant
[ 20%] Built target test_ternary_chemical_activation_rate_constant
[ 21%] Building CXX object test/unit/process/rate_constant/CMakeFiles/test_troe_rate_constant.dir/test_troe_rate_constant.cpp.o
[ 22%] Linking CXX executable ../../../test_reaction_rate_store
[ 22%] Built target test_reaction_rate_store
[ 23%] Building CXX object test/unit/process/rate_constant/CMakeFiles/test_tunneling_rate_constant.dir/test_tunneling_rate_constant.cpp.o
[ 23%] Linking CXX executable ../../../../test_troe_rate_constant
[ 24%] Linking CXX executable ../../../../test_surface_rate_constant
[ 24%] Built target test_troe_rate_constant
[ 25%] Building CXX object test/unit/process/rate_constant/CMakeFiles/test_user_defined_rate_constant.dir/test_user_defined_rate_constant.cpp.o
[ 25%] Built target test_surface_rate_constant
[ 26%] Building CXX object test/unit/solver/CMakeFiles/test_chapman_ode_solver.dir/test_chapman_ode_solver.cpp.o
[ 26%] Linking CXX executable ../../../../test_linear
[ 26%] Built target test_linear
[ 27%] Building CXX object test/unit/solver/CMakeFiles/test_linear_solver.dir/test_linear_solver.cpp.o
[ 27%] Linking CXX executable ../../../../test_equilibrium
[ 27%] Built target test_equilibrium
[ 28%] Building CXX object test/unit/solver/CMakeFiles/test_linear_solver_in_place.dir/test_linear_solver_in_place.cpp.o
[ 29%] Linking CXX executable ../../../../test_tunneling_rate_constant
[ 29%] Built target test_tunneling_rate_constant
[ 30%] Building CXX object test/unit/solver/CMakeFiles/test_lu_decomposition_doolittle.dir/test_lu_decomposition_doolittle.cpp.o
[ 30%] Linking CXX executable ../../../../test_user_defined_rate_constant
[ 30%] Built target test_user_defined_rate_constant
[ 31%] Building CXX object test/unit/solver/CMakeFiles/test_lu_decomposition_mozart.dir/test_lu_decomposition_mozart.cpp.o
[ 32%] Linking CXX executable ../../../test_process
[ 32%] Built target test_process
[ 33%] Building CXX object test/unit/solver/CMakeFiles/test_lu_decomposition_doolittle_in_place.dir/test_lu_decomposition_doolittle_in_place.cpp.o
[ 34%] Linking CXX executable ../../../test_chapman_ode_solver
[ 34%] Built target test_chapman_ode_solver
[ 35%] Building CXX object test/unit/solver/CMakeFiles/test_lu_decomposition_mozart_in_place.dir/test_lu_decomposition_mozart_in_place.cpp.o
[ 35%] Linking CXX executable ../../../test_lu_decomposition_mozart
[ 35%] Built target test_lu_decomposition_mozart
[ 35%] Building CXX object test/unit/solver/CMakeFiles/test_rosenbrock.dir/test_rosenbrock.cpp.o
[ 35%] Linking CXX executable ../../../test_lu_decomposition_doolittle
[ 35%] Built target test_lu_decomposition_doolittle
[ 35%] Building CXX object test/unit/solver/CMakeFiles/test_constraint_initialization.dir/test_constraint_initialization.cpp.o
[ 36%] Linking CXX executable ../../../test_linear_solver_in_place
[ 37%] Linking CXX executable ../../../test_lu_decomposition_doolittle_in_place
[ 37%] Built target test_linear_solver_in_place
[ 37%] Built target test_lu_decomposition_doolittle_in_place
[ 38%] Building CXX object test/unit/solver/CMakeFiles/test_state.dir/test_state.cpp.o
[ 38%] Building CXX object test/unit/solver/CMakeFiles/test_backward_euler.dir/test_backward_euler.cpp.o
[ 38%] Linking CXX executable ../../../test_linear_solver
[ 38%] Built target test_linear_solver
[ 38%] Building CXX object test/unit/solver/CMakeFiles/test_solver_builder.dir/test_solver_builder.cpp.o
[ 39%] Linking CXX executable ../../../test_lu_decomposition_mozart_in_place
[ 39%] Built target test_lu_decomposition_mozart_in_place
[ 39%] Building CXX object test/unit/solver/CMakeFiles/test_solver_lambda_rate_constant.dir/test_solver_lambda_rate_constant.cpp.o
[ 40%] Linking CXX executable ../../../test_process_set
[ 40%] Built target test_process_set
[ 41%] Building CXX object test/unit/system/CMakeFiles/test_phase.dir/test_phase.cpp.o
[ 42%] Linking CXX executable ../../../test_constraint_set
[ 42%] Built target test_constraint_set
[ 43%] Building CXX object test/unit/system/CMakeFiles/test_species.dir/test_species.cpp.o
[ 44%] Linking CXX executable ../../../test_phase
[ 44%] Built target test_phase
[ 45%] Building CXX object test/unit/system/CMakeFiles/test_system.dir/test_system.cpp.o
[ 46%] Linking CXX executable ../../../test_species
[ 46%] Built target test_species
[ 47%] Building CXX object test/unit/util/CMakeFiles/test_matrix.dir/test_matrix.cpp.o
[ 47%] Linking CXX executable ../../../test_state
[ 47%] Built target test_state
[ 48%] Building CXX object test/unit/util/CMakeFiles/test_sparse_matrix_standard_compressed_column_ordering.dir/test_sparse_matrix_standard_ordering_column.cpp.o
[ 48%] Linking CXX executable ../../../test_system
[ 48%] Built target test_system
[ 49%] Building CXX object test/unit/util/CMakeFiles/test_sparse_matrix_standard_compressed_row_ordering.dir/test_sparse_matrix_standard_ordering_row.cpp.o
[ 50%] Linking CXX executable ../../../test_constraint_initialization
[ 50%] Built target test_constraint_initialization
[ 51%] Building CXX object test/unit/util/CMakeFiles/test_sparse_matrix_vector_compressed_column_ordering.dir/test_sparse_matrix_vector_ordering_column.cpp.o
[ 52%] Linking CXX executable ../../../test_backward_euler
[ 52%] Built target test_backward_euler
[ 53%] Building CXX object test/unit/util/CMakeFiles/test_sparse_matrix_vector_compressed_row_ordering.dir/test_sparse_matrix_vector_ordering_row.cpp.o
[ 54%] Linking CXX executable ../../../test_solver_lambda_rate_constant
[ 54%] Built target test_solver_lambda_rate_constant
[ 55%] Building CXX object test/unit/util/CMakeFiles/test_vector_matrix.dir/test_vector_matrix.cpp.o
[ 55%] Linking CXX executable ../../../test_matrix
[ 55%] Built target test_matrix
[ 56%] Building CXX object test/unit/util/CMakeFiles/test_view_category_sfinae.dir/test_view_category_sfinae.cpp.o
[ 57%] Linking CXX executable ../../../test_view_category_sfinae
[ 57%] Built target test_view_category_sfinae
[ 58%] Building CXX object test/unit/util/CMakeFiles/test_jacobian_verification.dir/test_jacobian_verification.cpp.o
[ 59%] Linking CXX executable ../../../test_sparse_matrix_standard_compressed_column_ordering
[ 59%] Linking CXX executable ../../../test_sparse_matrix_standard_compressed_row_ordering
[ 59%] Built target test_sparse_matrix_standard_compressed_column_ordering
[ 60%] Building CXX object test/unit/version/CMakeFiles/test_version.dir/test_version.cpp.o
[ 60%] Built target test_sparse_matrix_standard_compressed_row_ordering
[ 61%] Building CXX object test/regression/CMakeFiles/test_regression.dir/test_regression.cpp.o
[ 62%] Linking CXX executable ../../../test_version
[ 62%] Built target test_version
[ 63%] Building CXX object test/regression/RosenbrockChapman/CMakeFiles/test_regression_test_rosenbrock_p_force.dir/regression_test_p_force.cpp.o
[ 63%] Linking CXX executable ../../../test_jacobian_verification
[ 63%] Built target test_jacobian_verification
[ 63%] Building CXX object test/regression/RosenbrockChapman/CMakeFiles/test_regression_test_rosenbrock_dforce_dy.dir/regression_test_dforce_dy.cpp.o
[ 64%] Linking CXX executable ../../../test_solver_builder
[ 64%] Built target test_solver_builder
[ 64%] Building CXX object test/regression/RosenbrockChapman/CMakeFiles/test_regression_test_solve.dir/regression_test_solve.cpp.o
[ 65%] Linking CXX executable ../../test_regression
[ 65%] Built target test_regression
[ 65%] Building CXX object test/integration/CMakeFiles/test_chapman_integration.dir/test_chapman_integration.cpp.o
[ 65%] Linking CXX executable ../../../test_sparse_matrix_vector_compressed_row_ordering
[ 65%] Built target test_sparse_matrix_vector_compressed_row_ordering
[ 65%] Building CXX object test/integration/CMakeFiles/test_analytical_rosenbrock_integration.dir/test_analytical_rosenbrock.cpp.o
[ 66%] Linking CXX executable ../../../test_sparse_matrix_vector_compressed_column_ordering
[ 66%] Built target test_sparse_matrix_vector_compressed_column_ordering
[ 67%] Building CXX object test/integration/CMakeFiles/test_analytical_backward_euler.dir/test_analytical_backward_euler.cpp.o
[ 68%] Linking CXX executable ../../../test_vector_matrix
[ 68%] Built target test_vector_matrix
[ 69%] Building CXX object test/integration/CMakeFiles/test_terminator.dir/test_terminator.cpp.o
[ 70%] Linking CXX executable ../../test_chapman_integration
[ 70%] Built target test_chapman_integration
[ 71%] Building CXX object test/integration/CMakeFiles/test_integrated_reaction_rates.dir/test_integrated_reaction_rates.cpp.o
[ 72%] Linking CXX executable ../../../test_rosenbrock
[ 72%] Built target test_rosenbrock
[ 73%] Building CXX object test/integration/CMakeFiles/test_aerosol_model_backward_euler.dir/test_aerosol_model_backward_euler.cpp.o
[ 74%] Linking CXX executable ../../../test_regression_test_rosenbrock_dforce_dy
[ 74%] Built target test_regression_test_rosenbrock_dforce_dy
[ 74%] Building CXX object test/integration/CMakeFiles/test_aerosol_model_rosenbrock.dir/test_aerosol_model_rosenbrock.cpp.o
[ 75%] Linking CXX executable ../../../test_regression_test_rosenbrock_p_force
[ 75%] Built target test_regression_test_rosenbrock_p_force
[ 76%] Building CXX object test/integration/CMakeFiles/test_equilibrium_constraint.dir/test_equilibrium_constraint.cpp.o
[ 77%] Linking CXX executable ../../test_integrated_reaction_rates
[ 77%] Built target test_integrated_reaction_rates
[ 78%] Building CXX object test/integration/CMakeFiles/test_linear_constraint.dir/test_linear_constraint.cpp.o
[ 79%] Linking CXX executable ../../../test_regression_test_solve
[ 79%] Built target test_regression_test_solve
[ 80%] Building CXX object test/integration/CMakeFiles/test_external_model_constraints.dir/test_external_model_constraints.cpp.o
[ 81%] Linking CXX executable ../../test_equilibrium_constraint
[ 81%] Built target test_equilibrium_constraint
[ 82%] Building CXX object test/integration/CMakeFiles/test_dae_constraint_overshoot.dir/test_dae_constraint_overshoot.cpp.o
[ 83%] Linking CXX executable ../../test_linear_constraint
[ 83%] Built target test_linear_constraint
[ 83%] Building CXX object test/integration/CMakeFiles/test_dae_algebraic_error_insensitivity.dir/test_dae_algebraic_error_insensitivity.cpp.o
[ 83%] Linking CXX executable ../../test_terminator
[ 83%] Built target test_terminator
[ 83%] Building CXX object test/tutorial/CMakeFiles/test_README_example.dir/test_README_example.cpp.o
[ 84%] Linking CXX executable ../../test_dae_constraint_overshoot
[ 84%] Built target test_dae_constraint_overshoot
[ 85%] Building CXX object test/tutorial/CMakeFiles/test_solve_results.dir/test_solver_results.cpp.o
[ 86%] Linking CXX executable ../../test_dae_algebraic_error_insensitivity
[ 86%] Built target test_dae_algebraic_error_insensitivity
[ 87%] Building CXX object test/tutorial/CMakeFiles/test_multiple_grid_cells.dir/test_multiple_grid_cells.cpp.o
[ 87%] Linking CXX executable ../../test_external_model_constraints
[ 87%] Built target test_external_model_constraints
[ 87%] Building CXX object test/tutorial/CMakeFiles/test_rate_constants_no_user_defined_example_by_hand.dir/test_rate_constants_no_user_defined_by_hand.cpp.o
[ 88%] Linking CXX executable ../../test_README_example
[ 88%] Built target test_README_example
[ 89%] Building CXX object test/tutorial/CMakeFiles/test_rate_constants_user_defined_example_by_hand.dir/test_rate_constants_user_defined_by_hand.cpp.o
[ 90%] Linking CXX executable ../../test_solve_results
[ 90%] Built target test_solve_results
[ 91%] Building CXX object test/tutorial/CMakeFiles/test_solver_configuration.dir/test_solver_configuration.cpp.o
[ 92%] Linking CXX executable ../../test_multiple_grid_cells
[ 92%] Built target test_multiple_grid_cells
[ 93%] Building CXX object test/tutorial/CMakeFiles/test_vectorized_matrix_solver.dir/test_vectorized_matrix_solver.cpp.o
[ 94%] Linking CXX executable ../../test_rate_constants_no_user_defined_example_by_hand
[ 94%] Built target test_rate_constants_no_user_defined_example_by_hand
[ 95%] Linking CXX executable ../../test_rate_constants_user_defined_example_by_hand
[ 95%] Built target test_rate_constants_user_defined_example_by_hand
[ 96%] Linking CXX executable ../../test_solver_configuration
[ 96%] Built target test_solver_configuration
[ 96%] Linking CXX executable ../../test_vectorized_matrix_solver
[ 96%] Built target test_vectorized_matrix_solver
[ 97%] Linking CXX executable ../../test_analytical_backward_euler
[ 97%] Built target test_analytical_backward_euler
[ 98%] Linking CXX executable ../../test_aerosol_model_rosenbrock
[ 98%] Built target test_aerosol_model_rosenbrock
[ 99%] Linking CXX executable ../../test_aerosol_model_backward_euler
[ 99%] Built target test_aerosol_model_backward_euler
[100%] Linking CXX executable ../../test_analytical_rosenbrock_integration
[100%] Built target test_analytical_rosenbrock_integration
Install the project...
-- Install configuration: "release"
-- Installing: /usr/local/micm-3.13.0/include/micm
-- Installing: /usr/local/micm-3.13.0/include/micm/util
-- Installing: /usr/local/micm-3.13.0/include/micm/util/vector_matrix.hpp
-- Installing: /usr/local/micm-3.13.0/include/micm/util/random_string.hpp
-- Installing: /usr/local/micm-3.13.0/include/micm/util/sparse_matrix_standard_ordering_compressed_sparse_row.hpp
-- Installing: /usr/local/micm-3.13.0/include/micm/util/sparse_matrix_vector_ordering_compressed_sparse_column.hpp
-- Installing: /usr/local/micm-3.13.0/include/micm/util/micm_exception.hpp
-- Installing: /usr/local/micm-3.13.0/include/micm/util/sparse_matrix_vector_ordering.hpp
-- Installing: /usr/local/micm-3.13.0/include/micm/util/view_category.hpp
-- Installing: /usr/local/micm-3.13.0/include/micm/util/sparse_matrix_vector_ordering_compressed_sparse_row.hpp
-- Installing: /usr/local/micm-3.13.0/include/micm/util/sparse_matrix.hpp
-- Installing: /usr/local/micm-3.13.0/include/micm/util/constants.hpp
-- Installing: /usr/local/micm-3.13.0/include/micm/util/property_keys.hpp
-- Installing: /usr/local/micm-3.13.0/include/micm/util/sparse_matrix_standard_ordering_compressed_sparse_column.hpp
-- Installing: /usr/local/micm-3.13.0/include/micm/util/sparse_matrix_standard_ordering.hpp
-- Installing: /usr/local/micm-3.13.0/include/micm/util/error.hpp
-- Installing: /usr/local/micm-3.13.0/include/micm/util/jacobian.hpp
-- Installing: /usr/local/micm-3.13.0/include/micm/util/jacobian_verification.hpp
-- Installing: /usr/local/micm-3.13.0/include/micm/util/matrix.hpp
-- Installing: /usr/local/micm-3.13.0/include/micm/solver
-- Installing: /usr/local/micm-3.13.0/include/micm/solver/lu_decomposition_mozart.inl
-- Installing: /usr/local/micm-3.13.0/include/micm/solver/linear_solver.inl
-- Installing: /usr/local/micm-3.13.0/include/micm/solver/rosenbrock_solver_parameters.hpp
-- Installing: /usr/local/micm-3.13.0/include/micm/solver/lu_decomposition_doolittle.inl
-- Installing: /usr/local/micm-3.13.0/include/micm/solver/temporary_variables.hpp
-- Installing: /usr/local/micm-3.13.0/include/micm/solver/lu_decomposition_doolittle_in_place.hpp
-- Installing: /usr/local/micm-3.13.0/include/micm/solver/state.inl
-- Installing: /usr/local/micm-3.13.0/include/micm/solver/lu_decomposition_mozart_in_place.inl
-- Installing: /usr/local/micm-3.13.0/include/micm/solver/linear_solver_in_place.hpp
-- Installing: /usr/local/micm-3.13.0/include/micm/solver/backward_euler.hpp
-- Installing: /usr/local/micm-3.13.0/include/micm/solver/backward_euler_solver_parameters.hpp
-- Installing: /usr/local/micm-3.13.0/include/micm/solver/solver_result.hpp
-- Installing: /usr/local/micm-3.13.0/include/micm/solver/solver.hpp
-- Installing: /usr/local/micm-3.13.0/include/micm/solver/solver_builder.hpp
-- Installing: /usr/local/micm-3.13.0/include/micm/solver/lu_decomposition_doolittle_in_place.inl
-- Installing: /usr/local/micm-3.13.0/include/micm/solver/lu_decomposition_mozart.hpp
-- Installing: /usr/local/micm-3.13.0/include/micm/solver/linear_solver_in_place.inl
-- Installing: /usr/local/micm-3.13.0/include/micm/solver/lu_decomposition_mozart_in_place.hpp
-- Installing: /usr/local/micm-3.13.0/include/micm/solver/linear_solver.hpp
-- Installing: /usr/local/micm-3.13.0/include/micm/solver/lu_decomposition.hpp
-- Installing: /usr/local/micm-3.13.0/include/micm/solver/backward_euler.inl
-- Installing: /usr/local/micm-3.13.0/include/micm/solver/rosenbrock.inl
-- Installing: /usr/local/micm-3.13.0/include/micm/solver/lu_decomposition_doolittle.hpp
-- Installing: /usr/local/micm-3.13.0/include/micm/solver/state.hpp
-- Installing: /usr/local/micm-3.13.0/include/micm/solver/solver_builder.inl
-- Installing: /usr/local/micm-3.13.0/include/micm/solver/rosenbrock_temporary_variables.hpp
-- Installing: /usr/local/micm-3.13.0/include/micm/solver/rosenbrock.hpp
-- Installing: /usr/local/micm-3.13.0/include/micm/solver/backward_euler_temporary_variables.hpp
-- Installing: /usr/local/micm-3.13.0/include/micm/System.hpp
-- Installing: /usr/local/micm-3.13.0/include/micm/CPU.hpp
-- Installing: /usr/local/micm-3.13.0/include/micm/process
-- Installing: /usr/local/micm-3.13.0/include/micm/process/rate_constant
-- Installing: /usr/local/micm-3.13.0/include/micm/process/rate_constant/tunneling_rate_constant.hpp
-- Installing: /usr/local/micm-3.13.0/include/micm/process/rate_constant/user_defined_rate_constant.hpp
-- Installing: /usr/local/micm-3.13.0/include/micm/process/rate_constant/reversible_rate_constant.hpp
-- Installing: /usr/local/micm-3.13.0/include/micm/process/rate_constant/lambda_rate_constant.hpp
-- Installing: /usr/local/micm-3.13.0/include/micm/process/rate_constant/taylor_series_rate_constant.hpp
-- Installing: /usr/local/micm-3.13.0/include/micm/process/rate_constant/rate_constant_functions.hpp
-- Installing: /usr/local/micm-3.13.0/include/micm/process/rate_constant/arrhenius_rate_constant.hpp
-- Installing: /usr/local/micm-3.13.0/include/micm/process/rate_constant/surface_rate_constant.hpp
-- Installing: /usr/local/micm-3.13.0/include/micm/process/rate_constant/ternary_chemical_activation_rate_constant.hpp
-- Installing: /usr/local/micm-3.13.0/include/micm/process/rate_constant/branched_rate_constant.hpp
-- Installing: /usr/local/micm-3.13.0/include/micm/process/rate_constant/troe_rate_constant.hpp
-- Installing: /usr/local/micm-3.13.0/include/micm/process/reaction_rate_store.hpp
-- Installing: /usr/local/micm-3.13.0/include/micm/process/chemical_reaction_builder.hpp
-- Installing: /usr/local/micm-3.13.0/include/micm/process/process.hpp
-- Installing: /usr/local/micm-3.13.0/include/micm/process/chemical_reaction.hpp
-- Installing: /usr/local/micm-3.13.0/include/micm/process/process_set.hpp
-- Installing: /usr/local/micm-3.13.0/include/micm/GPU.hpp
-- Installing: /usr/local/micm-3.13.0/include/micm/system
-- Installing: /usr/local/micm-3.13.0/include/micm/system/stoich_species.hpp
-- Installing: /usr/local/micm-3.13.0/include/micm/system/species.hpp
-- Installing: /usr/local/micm-3.13.0/include/micm/system/system.hpp
-- Installing: /usr/local/micm-3.13.0/include/micm/system/conditions.hpp
-- Installing: /usr/local/micm-3.13.0/include/micm/system/phase.hpp
-- Installing: /usr/local/micm-3.13.0/include/micm/Solver.hpp
-- Installing: /usr/local/micm-3.13.0/include/micm/constraint
-- Installing: /usr/local/micm-3.13.0/include/micm/constraint/constraint_set.hpp
-- Installing: /usr/local/micm-3.13.0/include/micm/constraint/constraint.hpp
-- Installing: /usr/local/micm-3.13.0/include/micm/constraint/constraint_info.hpp
-- Installing: /usr/local/micm-3.13.0/include/micm/constraint/types
-- Installing: /usr/local/micm-3.13.0/include/micm/constraint/types/equilibrium_constraint.hpp
-- Installing: /usr/local/micm-3.13.0/include/micm/constraint/types/linear_constraint.hpp
-- Installing: /usr/local/micm-3.13.0/include/micm/cuda
-- Installing: /usr/local/micm-3.13.0/include/micm/cuda/util
-- Installing: /usr/local/micm-3.13.0/include/micm/cuda/util/cuda_param.hpp
-- Installing: /usr/local/micm-3.13.0/include/micm/cuda/util/cuda_util.cuh
-- Installing: /usr/local/micm-3.13.0/include/micm/cuda/util/cuda_dense_matrix.hpp
-- Installing: /usr/local/micm-3.13.0/include/micm/cuda/util/cuda_sparse_matrix.hpp
-- Installing: /usr/local/micm-3.13.0/include/micm/cuda/util/cuda_matrix.cuh
-- Installing: /usr/local/micm-3.13.0/include/micm/cuda/solver
-- Installing: /usr/local/micm-3.13.0/include/micm/cuda/solver/cuda_lu_decomposition_mozart_in_place.hpp
-- Installing: /usr/local/micm-3.13.0/include/micm/cuda/solver/cuda_state.hpp
-- Installing: /usr/local/micm-3.13.0/include/micm/cuda/solver/cuda_lu_decomposition_mozart_in_place.cuh
-- Installing: /usr/local/micm-3.13.0/include/micm/cuda/solver/cuda_linear_solver_in_place.cuh
-- Installing: /usr/local/micm-3.13.0/include/micm/cuda/solver/cuda_solver_parameters.hpp
-- Installing: /usr/local/micm-3.13.0/include/micm/cuda/solver/cuda_rosenbrock.hpp
-- Installing: /usr/local/micm-3.13.0/include/micm/cuda/solver/cuda_lu_decomposition.hpp
-- Installing: /usr/local/micm-3.13.0/include/micm/cuda/solver/cuda_rosenbrock.cuh
-- Installing: /usr/local/micm-3.13.0/include/micm/cuda/solver/cuda_linear_solver_in_place.hpp
-- Installing: /usr/local/micm-3.13.0/include/micm/cuda/solver/cuda_solver_builder.hpp
-- Installing: /usr/local/micm-3.13.0/include/micm/cuda/process
-- Installing: /usr/local/micm-3.13.0/include/micm/cuda/process/cuda_rate_constant_kernel.cuh
-- Installing: /usr/local/micm-3.13.0/include/micm/cuda/process/cuda_process_set.cuh
-- Installing: /usr/local/micm-3.13.0/include/micm/cuda/process/cuda_reaction_rate_store.hpp
-- Installing: /usr/local/micm-3.13.0/include/micm/cuda/process/cuda_process_set.hpp
-- Installing: /usr/local/micm-3.13.0/include/micm/version.hpp
-- Installing: /usr/local/micm-3.13.0/include/micm/Util.hpp
-- Installing: /usr/local/micm-3.13.0/include/micm/external_model.hpp
-- Installing: /usr/local/micm-3.13.0/include/micm/Constraint.hpp
-- Installing: /usr/local/micm-3.13.0/include/micm/Process.hpp
-- Installing: /usr/local/micm-3.13.0/cmake/micm_Exports.cmake
-- Installing: /usr/local/micm-3.13.0/cmake/micmConfig.cmake
-- Installing: /usr/local/micm-3.13.0/cmake/micmConfigVersion.cmake
--> f18773952499
STEP 5/5: WORKDIR /build
COMMIT micm
--> 6403e06c2074
Successfully tagged localhost/micm:latest
6403e06c2074437bdc31ba60e7fe8efe893f9efaa5ba4a3bc72b46158d4914a3
