STEP 1/5: FROM fedora:latest
STEP 2/5: RUN dnf -y update     && dnf -y install         cmake         gcc-c++         gdb         git         make     && dnf clean all
--> Using cache 0461552e4d859408d6892b1e2422ea9aab560f7e3653e5418497d29b507cb5e8
--> 0461552e4d85
STEP 3/5: COPY . /micm/
--> f7e5a26b22ac
STEP 4/5: RUN mkdir /build       && cd /build       && cmake         -D CMAKE_BUILD_TYPE=release         -D MICM_ENABLE_CLANG_TIDY:BOOL=FALSE         ../micm       && make install -j 8
-- The CXX compiler identification is GNU 15.2.1
-- Detecting CXX compiler ABI info
-- Detecting CXX compiler ABI info - done
-- Check for working CXX compiler: /usr/bin/c++ - skipped
-- Detecting CXX compile features
-- Detecting CXX compile features - done
-- CMake build configuration for micm(release) 3.11.0
-- The C compiler identification is GNU 15.2.1
-- Detecting C compiler ABI info
-- Detecting C compiler ABI info - done
-- Check for working C compiler: /usr/bin/cc - skipped
-- Detecting C compile features
-- Detecting C compile features - done
-- Found Python3: /usr/bin/python3.14 (found version "3.14.2") found components: Interpreter
-- Performing Test CMAKE_HAVE_LIBC_PTHREAD
-- Performing Test CMAKE_HAVE_LIBC_PTHREAD - Success
-- Found Threads: TRUE
-- Configuring done (1.9s)
-- Generating done (0.0s)
-- Build files have been written to: /build
[  0%] Building CXX object _deps/googletest-build/googletest/CMakeFiles/gtest.dir/src/gtest-all.cc.o
[  0%] Built target copy_tutorial_configs
[  0%] Built target copy_expected_regression_results
[  1%] Linking CXX static library ../../../lib/libgtest.a
[  1%] Built target gtest
[  2%] Building CXX object _deps/googletest-build/googletest/CMakeFiles/gtest_main.dir/src/gtest_main.cc.o
[  3%] Linking CXX static library ../../../lib/libgtest_main.a
[  3%] Built target gtest_main
[  5%] Building CXX object test/unit/process/CMakeFiles/test_process_set.dir/test_process_set.cpp.o
[  5%] Building CXX object test/unit/process/rate_constant/CMakeFiles/test_arrhenius_rate_constant.dir/test_arrhenius_rate_constant.cpp.o
[  6%] Building CXX object test/unit/process/CMakeFiles/test_process_configuration.dir/test_process_configuration.cpp.o
[ 10%] Building CXX object test/unit/process/rate_constant/CMakeFiles/test_surface_rate_constant.dir/test_surface_rate_constant.cpp.o
[ 10%] Building CXX object test/unit/process/rate_constant/CMakeFiles/test_lambda_rate_constant.dir/test_lambda_rate_constant.cpp.o
[ 10%] Building CXX object test/unit/process/rate_constant/CMakeFiles/test_reversible_rate_constant.dir/test_reversible_rate_constant.cpp.o
[ 10%] Building CXX object test/unit/process/CMakeFiles/test_process.dir/test_process.cpp.o
[ 11%] Building CXX object test/unit/process/rate_constant/CMakeFiles/test_branched_rate_constant.dir/test_branched_rate_constant.cpp.o
[ 12%] Linking CXX executable ../../../../test_reversible_rate_constant
[ 12%] Built target test_reversible_rate_constant
[ 13%] Building CXX object test/unit/process/rate_constant/CMakeFiles/test_taylor_series_rate_constant.dir/test_taylor_series_rate_constant.cpp.o
[ 14%] Linking CXX executable ../../../../test_branched_rate_constant
[ 15%] Linking CXX executable ../../../../test_arrhenius_rate_constant
[ 15%] Built target test_branched_rate_constant
[ 16%] Building CXX object test/unit/process/rate_constant/CMakeFiles/test_ternary_chemical_activation_rate_constant.dir/test_ternary_chemical_activation_rate_constant.cpp.o
[ 17%] Linking CXX executable ../../../../test_lambda_rate_constant
[ 17%] Built target test_arrhenius_rate_constant
[ 18%] Building CXX object test/unit/process/rate_constant/CMakeFiles/test_troe_rate_constant.dir/test_troe_rate_constant.cpp.o
[ 18%] Built target test_lambda_rate_constant
[ 19%] Building CXX object test/unit/process/rate_constant/CMakeFiles/test_tunneling_rate_constant.dir/test_tunneling_rate_constant.cpp.o
[ 20%] Linking CXX executable ../../../../test_taylor_series_rate_constant
[ 21%] Linking CXX executable ../../../../test_ternary_chemical_activation_rate_constant
[ 21%] Built target test_taylor_series_rate_constant
[ 22%] Building CXX object test/unit/process/rate_constant/CMakeFiles/test_user_defined_rate_constant.dir/test_user_defined_rate_constant.cpp.o
[ 22%] Linking CXX executable ../../../../test_tunneling_rate_constant
[ 22%] Built target test_ternary_chemical_activation_rate_constant
[ 22%] Building CXX object test/unit/process/transfer_coefficient/CMakeFiles/test_henrys_law_constant.dir/test_henrys_law_constant.cpp.o
[ 23%] Linking CXX executable ../../../../test_troe_rate_constant
[ 23%] Built target test_tunneling_rate_constant
[ 24%] Building CXX object test/unit/solver/CMakeFiles/test_chapman_ode_solver.dir/test_chapman_ode_solver.cpp.o
[ 24%] Built target test_troe_rate_constant
[ 25%] Building CXX object test/unit/solver/CMakeFiles/test_linear_solver.dir/test_linear_solver.cpp.o
[ 26%] Linking CXX executable ../../../../test_surface_rate_constant
[ 26%] Built target test_surface_rate_constant
[ 27%] Building CXX object test/unit/solver/CMakeFiles/test_linear_solver_in_place.dir/test_linear_solver_in_place.cpp.o
[ 28%] Linking CXX executable ../../../test_process_configuration
[ 28%] Built target test_process_configuration
[ 29%] Building CXX object test/unit/solver/CMakeFiles/test_lu_decomposition_doolittle.dir/test_lu_decomposition_doolittle.cpp.o
[ 30%] Linking CXX executable ../../../../test_henrys_law_constant
[ 30%] Built target test_henrys_law_constant
[ 31%] Building CXX object test/unit/solver/CMakeFiles/test_lu_decomposition_mozart.dir/test_lu_decomposition_mozart.cpp.o
[ 32%] Linking CXX executable ../../../../test_user_defined_rate_constant
[ 32%] Built target test_user_defined_rate_constant
[ 33%] Building CXX object test/unit/solver/CMakeFiles/test_lu_decomposition_doolittle_in_place.dir/test_lu_decomposition_doolittle_in_place.cpp.o
[ 34%] Linking CXX executable ../../../test_process
[ 34%] Built target test_process
[ 35%] Building CXX object test/unit/solver/CMakeFiles/test_lu_decomposition_mozart_in_place.dir/test_lu_decomposition_mozart_in_place.cpp.o
[ 36%] Linking CXX executable ../../../test_chapman_ode_solver
[ 36%] Built target test_chapman_ode_solver
[ 36%] Building CXX object test/unit/solver/CMakeFiles/test_rosenbrock.dir/test_rosenbrock.cpp.o
[ 36%] Linking CXX executable ../../../test_lu_decomposition_doolittle
[ 36%] Built target test_lu_decomposition_doolittle
[ 37%] Building CXX object test/unit/solver/CMakeFiles/test_state.dir/test_state.cpp.o
[ 38%] Linking CXX executable ../../../test_lu_decomposition_mozart
[ 38%] Built target test_lu_decomposition_mozart
[ 39%] Building CXX object test/unit/solver/CMakeFiles/test_backward_euler.dir/test_backward_euler.cpp.o
[ 40%] Linking CXX executable ../../../test_lu_decomposition_doolittle_in_place
[ 40%] Built target test_lu_decomposition_doolittle_in_place
[ 41%] Building CXX object test/unit/solver/CMakeFiles/test_solver_builder.dir/test_solver_builder.cpp.o
[ 42%] Linking CXX executable ../../../test_linear_solver
[ 43%] Linking CXX executable ../../../test_linear_solver_in_place
[ 43%] Built target test_linear_solver
[ 43%] Building CXX object test/unit/system/CMakeFiles/test_phase.dir/test_phase.cpp.o
[ 43%] Built target test_linear_solver_in_place
[ 44%] Building CXX object test/unit/system/CMakeFiles/test_species.dir/test_species.cpp.o
[ 45%] Linking CXX executable ../../../test_lu_decomposition_mozart_in_place
[ 45%] Built target test_lu_decomposition_mozart_in_place
[ 45%] Building CXX object test/unit/system/CMakeFiles/test_system.dir/test_system.cpp.o
[ 46%] Linking CXX executable ../../../test_process_set
[ 46%] Built target test_process_set
[ 47%] Building CXX object test/unit/util/CMakeFiles/test_matrix.dir/test_matrix.cpp.o
[ 48%] Linking CXX executable ../../../test_phase
[ 48%] Built target test_phase
[ 49%] Building CXX object test/unit/util/CMakeFiles/test_sparse_matrix_standard_compressed_column_ordering.dir/test_sparse_matrix_standard_ordering_column.cpp.o
[ 50%] Linking CXX executable ../../../test_species
[ 50%] Built target test_species
[ 51%] Building CXX object test/unit/util/CMakeFiles/test_sparse_matrix_standard_compressed_row_ordering.dir/test_sparse_matrix_standard_ordering_row.cpp.o
[ 52%] Linking CXX executable ../../../test_system
[ 52%] Built target test_system
[ 53%] Building CXX object test/unit/util/CMakeFiles/test_sparse_matrix_vector_compressed_column_ordering.dir/test_sparse_matrix_vector_ordering_column.cpp.o
[ 54%] Linking CXX executable ../../../test_state
[ 54%] Built target test_state
[ 55%] Building CXX object test/unit/util/CMakeFiles/test_sparse_matrix_vector_compressed_row_ordering.dir/test_sparse_matrix_vector_ordering_row.cpp.o
[ 56%] Linking CXX executable ../../../test_matrix
[ 56%] Built target test_matrix
[ 57%] Building CXX object test/unit/util/CMakeFiles/test_utils.dir/test_utils.cpp.o
[ 58%] Linking CXX executable ../../../test_utils
[ 58%] Built target test_utils
[ 59%] Building CXX object test/unit/util/CMakeFiles/test_vector_matrix.dir/test_vector_matrix.cpp.o
[ 60%] Linking CXX executable ../../../test_backward_euler
[ 61%] Linking CXX executable ../../../test_sparse_matrix_standard_compressed_column_ordering
[ 61%] Built target test_backward_euler
[ 62%] Building CXX object test/unit/version/CMakeFiles/test_version.dir/test_version.cpp.o
[ 62%] Built target test_sparse_matrix_standard_compressed_column_ordering
[ 63%] Building CXX object test/regression/CMakeFiles/test_regression.dir/test_regression.cpp.o
[ 63%] Linking CXX executable ../../../test_sparse_matrix_standard_compressed_row_ordering
[ 63%] Built target test_sparse_matrix_standard_compressed_row_ordering
[ 64%] Building CXX object test/regression/RosenbrockChapman/CMakeFiles/test_regression_test_rosenbrock_p_force.dir/regression_test_p_force.cpp.o
[ 65%] Linking CXX executable ../../../test_version
[ 65%] Built target test_version
[ 66%] Building CXX object test/regression/RosenbrockChapman/CMakeFiles/test_regression_test_rosenbrock_dforce_dy.dir/regression_test_dforce_dy.cpp.o
[ 67%] Linking CXX executable ../../../test_solver_builder
[ 67%] Built target test_solver_builder
[ 68%] Building CXX object test/regression/RosenbrockChapman/CMakeFiles/test_regression_test_solve.dir/regression_test_solve.cpp.o
[ 69%] Linking CXX executable ../../../test_sparse_matrix_vector_compressed_column_ordering
[ 69%] Built target test_sparse_matrix_vector_compressed_column_ordering
[ 70%] Building CXX object test/integration/CMakeFiles/test_chapman_integration.dir/test_chapman_integration.cpp.o
[ 71%] Linking CXX executable ../../../test_vector_matrix
[ 71%] Built target test_vector_matrix
[ 72%] Building CXX object test/integration/CMakeFiles/test_analytical_rosenbrock_integration.dir/test_analytical_rosenbrock.cpp.o
[ 73%] Linking CXX executable ../../../test_sparse_matrix_vector_compressed_row_ordering
[ 73%] Built target test_sparse_matrix_vector_compressed_row_ordering
[ 74%] Building CXX object test/integration/CMakeFiles/test_analytical_backward_euler.dir/test_analytical_backward_euler.cpp.o
[ 75%] Linking CXX executable ../../../test_rosenbrock
[ 75%] Built target test_rosenbrock
[ 76%] Building CXX object test/integration/CMakeFiles/test_terminator.dir/test_terminator.cpp.o
[ 77%] Linking CXX executable ../../test_regression
[ 77%] Built target test_regression
[ 78%] Building CXX object test/integration/CMakeFiles/test_integrated_reaction_rates.dir/test_integrated_reaction_rates.cpp.o
[ 79%] Linking CXX executable ../../test_chapman_integration
[ 79%] Built target test_chapman_integration
[ 80%] Building CXX object test/integration/CMakeFiles/test_aerosol_model.dir/test_aerosol_model.cpp.o
[ 81%] Linking CXX executable ../../../test_regression_test_rosenbrock_dforce_dy
[ 81%] Built target test_regression_test_rosenbrock_dforce_dy
[ 82%] Building CXX object test/tutorial/CMakeFiles/test_README_example.dir/test_README_example.cpp.o
[ 83%] Linking CXX executable ../../../test_regression_test_rosenbrock_p_force
[ 83%] Built target test_regression_test_rosenbrock_p_force
[ 84%] Building CXX object test/tutorial/CMakeFiles/test_solve_results.dir/test_solver_results.cpp.o
[ 85%] Linking CXX executable ../../test_integrated_reaction_rates
[ 85%] Built target test_integrated_reaction_rates
[ 86%] Building CXX object test/tutorial/CMakeFiles/test_multiple_grid_cells.dir/test_multiple_grid_cells.cpp.o
[ 87%] Linking CXX executable ../../test_aerosol_model
[ 87%] Built target test_aerosol_model
[ 88%] Building CXX object test/tutorial/CMakeFiles/test_rate_constants_no_user_defined_example_by_hand.dir/test_rate_constants_no_user_defined_by_hand.cpp.o
[ 89%] Linking CXX executable ../../../test_regression_test_solve
[ 89%] Built target test_regression_test_solve
[ 90%] Building CXX object test/tutorial/CMakeFiles/test_rate_constants_user_defined_example_by_hand.dir/test_rate_constants_user_defined_by_hand.cpp.o
[ 91%] Linking CXX executable ../../test_README_example
[ 91%] Built target test_README_example
[ 92%] Building CXX object test/tutorial/CMakeFiles/test_solver_configuration.dir/test_solver_configuration.cpp.o
[ 93%] Linking CXX executable ../../test_solve_results
[ 93%] Built target test_solve_results
[ 94%] Building CXX object test/tutorial/CMakeFiles/test_vectorized_matrix_solver.dir/test_vectorized_matrix_solver.cpp.o
[ 95%] Linking CXX executable ../../test_terminator
[ 95%] Built target test_terminator
[ 96%] Linking CXX executable ../../test_multiple_grid_cells
[ 96%] Built target test_multiple_grid_cells
[ 97%] Linking CXX executable ../../test_rate_constants_no_user_defined_example_by_hand
[ 97%] Built target test_rate_constants_no_user_defined_example_by_hand
[ 97%] Linking CXX executable ../../test_rate_constants_user_defined_example_by_hand
[ 97%] Built target test_rate_constants_user_defined_example_by_hand
[ 98%] Linking CXX executable ../../test_solver_configuration
[ 98%] Built target test_solver_configuration
[ 99%] Linking CXX executable ../../test_vectorized_matrix_solver
[ 99%] Built target test_vectorized_matrix_solver
[100%] Linking CXX executable ../../test_analytical_backward_euler
[100%] Built target test_analytical_backward_euler
[100%] Linking CXX executable ../../test_analytical_rosenbrock_integration
[100%] Built target test_analytical_rosenbrock_integration
Install the project...
-- Install configuration: "release"
-- Installing: /usr/local/micm-3.11.0/include/micm
-- Installing: /usr/local/micm-3.11.0/include/micm/util
-- Installing: /usr/local/micm-3.11.0/include/micm/util/vector_matrix.hpp
-- Installing: /usr/local/micm-3.11.0/include/micm/util/random_string.hpp
-- Installing: /usr/local/micm-3.11.0/include/micm/util/sparse_matrix_standard_ordering_compressed_sparse_row.hpp
-- Installing: /usr/local/micm-3.11.0/include/micm/util/sparse_matrix_vector_ordering_compressed_sparse_column.hpp
-- Installing: /usr/local/micm-3.11.0/include/micm/util/sparse_matrix_vector_ordering.hpp
-- Installing: /usr/local/micm-3.11.0/include/micm/util/sparse_matrix_vector_ordering_compressed_sparse_row.hpp
-- Installing: /usr/local/micm-3.11.0/include/micm/util/sparse_matrix.hpp
-- Installing: /usr/local/micm-3.11.0/include/micm/util/internal_error.hpp
-- Installing: /usr/local/micm-3.11.0/include/micm/util/constants.hpp
-- Installing: /usr/local/micm-3.11.0/include/micm/util/property_keys.hpp
-- Installing: /usr/local/micm-3.11.0/include/micm/util/sparse_matrix_standard_ordering_compressed_sparse_column.hpp
-- Installing: /usr/local/micm-3.11.0/include/micm/util/matrix_error.hpp
-- Installing: /usr/local/micm-3.11.0/include/micm/util/sparse_matrix_standard_ordering.hpp
-- Installing: /usr/local/micm-3.11.0/include/micm/util/error.hpp
-- Installing: /usr/local/micm-3.11.0/include/micm/util/jacobian.hpp
-- Installing: /usr/local/micm-3.11.0/include/micm/util/utils.hpp
-- Installing: /usr/local/micm-3.11.0/include/micm/util/matrix.hpp
-- Installing: /usr/local/micm-3.11.0/include/micm/solver
-- Installing: /usr/local/micm-3.11.0/include/micm/solver/lu_decomposition_mozart.inl
-- Installing: /usr/local/micm-3.11.0/include/micm/solver/linear_solver.inl
-- Installing: /usr/local/micm-3.11.0/include/micm/solver/rosenbrock_solver_parameters.hpp
-- Installing: /usr/local/micm-3.11.0/include/micm/solver/lu_decomposition_doolittle.inl
-- Installing: /usr/local/micm-3.11.0/include/micm/solver/temporary_variables.hpp
-- Installing: /usr/local/micm-3.11.0/include/micm/solver/lu_decomposition_doolittle_in_place.hpp
-- Installing: /usr/local/micm-3.11.0/include/micm/solver/state.inl
-- Installing: /usr/local/micm-3.11.0/include/micm/solver/lu_decomposition_mozart_in_place.inl
-- Installing: /usr/local/micm-3.11.0/include/micm/solver/linear_solver_in_place.hpp
-- Installing: /usr/local/micm-3.11.0/include/micm/solver/backward_euler.hpp
-- Installing: /usr/local/micm-3.11.0/include/micm/solver/backward_euler_solver_parameters.hpp
-- Installing: /usr/local/micm-3.11.0/include/micm/solver/solver_error.hpp
-- Installing: /usr/local/micm-3.11.0/include/micm/solver/solver_result.hpp
-- Installing: /usr/local/micm-3.11.0/include/micm/solver/solver.hpp
-- Installing: /usr/local/micm-3.11.0/include/micm/solver/solver_builder.hpp
-- Installing: /usr/local/micm-3.11.0/include/micm/solver/lu_decomposition_doolittle_in_place.inl
-- Installing: /usr/local/micm-3.11.0/include/micm/solver/lu_decomposition_mozart.hpp
-- Installing: /usr/local/micm-3.11.0/include/micm/solver/linear_solver_in_place.inl
-- Installing: /usr/local/micm-3.11.0/include/micm/solver/lu_decomposition_mozart_in_place.hpp
-- Installing: /usr/local/micm-3.11.0/include/micm/solver/linear_solver.hpp
-- Installing: /usr/local/micm-3.11.0/include/micm/solver/lu_decomposition.hpp
-- Installing: /usr/local/micm-3.11.0/include/micm/solver/backward_euler.inl
-- Installing: /usr/local/micm-3.11.0/include/micm/solver/rosenbrock.inl
-- Installing: /usr/local/micm-3.11.0/include/micm/solver/lu_decomposition_doolittle.hpp
-- Installing: /usr/local/micm-3.11.0/include/micm/solver/state.hpp
-- Installing: /usr/local/micm-3.11.0/include/micm/solver/solver_builder.inl
-- Installing: /usr/local/micm-3.11.0/include/micm/solver/rosenbrock_temporary_variables.hpp
-- Installing: /usr/local/micm-3.11.0/include/micm/solver/rosenbrock.hpp
-- Installing: /usr/local/micm-3.11.0/include/micm/solver/backward_euler_temporary_variables.hpp
-- Installing: /usr/local/micm-3.11.0/include/micm/System.hpp
-- Installing: /usr/local/micm-3.11.0/include/micm/CPU.hpp
-- Installing: /usr/local/micm-3.11.0/include/micm/process
-- Installing: /usr/local/micm-3.11.0/include/micm/process/rate_constant
-- Installing: /usr/local/micm-3.11.0/include/micm/process/rate_constant/tunneling_rate_constant.hpp
-- Installing: /usr/local/micm-3.11.0/include/micm/process/rate_constant/user_defined_rate_constant.hpp
-- Installing: /usr/local/micm-3.11.0/include/micm/process/rate_constant/reversible_rate_constant.hpp
-- Installing: /usr/local/micm-3.11.0/include/micm/process/rate_constant/rate_constant.hpp
-- Installing: /usr/local/micm-3.11.0/include/micm/process/rate_constant/lambda_rate_constant.hpp
-- Installing: /usr/local/micm-3.11.0/include/micm/process/rate_constant/taylor_series_rate_constant.hpp
-- Installing: /usr/local/micm-3.11.0/include/micm/process/rate_constant/arrhenius_rate_constant.hpp
-- Installing: /usr/local/micm-3.11.0/include/micm/process/rate_constant/surface_rate_constant.hpp
-- Installing: /usr/local/micm-3.11.0/include/micm/process/rate_constant/ternary_chemical_activation_rate_constant.hpp
-- Installing: /usr/local/micm-3.11.0/include/micm/process/rate_constant/branched_rate_constant.hpp
-- Installing: /usr/local/micm-3.11.0/include/micm/process/rate_constant/troe_rate_constant.hpp
-- Installing: /usr/local/micm-3.11.0/include/micm/process/chemical_reaction_builder.hpp
-- Installing: /usr/local/micm-3.11.0/include/micm/process/phase_transfer_process_builder.hpp
-- Installing: /usr/local/micm-3.11.0/include/micm/process/process.hpp
-- Installing: /usr/local/micm-3.11.0/include/micm/process/phase_transfer_process.hpp
-- Installing: /usr/local/micm-3.11.0/include/micm/process/chemical_reaction.hpp
-- Installing: /usr/local/micm-3.11.0/include/micm/process/process_error.hpp
-- Installing: /usr/local/micm-3.11.0/include/micm/process/transfer_coefficient
-- Installing: /usr/local/micm-3.11.0/include/micm/process/transfer_coefficient/transfer_coefficient.hpp
-- Installing: /usr/local/micm-3.11.0/include/micm/process/transfer_coefficient/henrys_law_constant.hpp
-- Installing: /usr/local/micm-3.11.0/include/micm/process/process_set.hpp
-- Installing: /usr/local/micm-3.11.0/include/micm/GPU.hpp
-- Installing: /usr/local/micm-3.11.0/include/micm/system
-- Installing: /usr/local/micm-3.11.0/include/micm/system/stoich_species.hpp
-- Installing: /usr/local/micm-3.11.0/include/micm/system/species.hpp
-- Installing: /usr/local/micm-3.11.0/include/micm/system/system.hpp
-- Installing: /usr/local/micm-3.11.0/include/micm/system/conditions.hpp
-- Installing: /usr/local/micm-3.11.0/include/micm/system/phase.hpp
-- Installing: /usr/local/micm-3.11.0/include/micm/Solver.hpp
-- Installing: /usr/local/micm-3.11.0/include/micm/cuda
-- Installing: /usr/local/micm-3.11.0/include/micm/cuda/util
-- Installing: /usr/local/micm-3.11.0/include/micm/cuda/util/cuda_param.hpp
-- Installing: /usr/local/micm-3.11.0/include/micm/cuda/util/cuda_util.cuh
-- Installing: /usr/local/micm-3.11.0/include/micm/cuda/util/cuda_dense_matrix.hpp
-- Installing: /usr/local/micm-3.11.0/include/micm/cuda/util/cuda_sparse_matrix.hpp
-- Installing: /usr/local/micm-3.11.0/include/micm/cuda/util/cuda_matrix.cuh
-- Installing: /usr/local/micm-3.11.0/include/micm/cuda/solver
-- Installing: /usr/local/micm-3.11.0/include/micm/cuda/solver/cuda_lu_decomposition_mozart_in_place.hpp
-- Installing: /usr/local/micm-3.11.0/include/micm/cuda/solver/cuda_state.hpp
-- Installing: /usr/local/micm-3.11.0/include/micm/cuda/solver/cuda_lu_decomposition_mozart_in_place.cuh
-- Installing: /usr/local/micm-3.11.0/include/micm/cuda/solver/cuda_linear_solver_in_place.cuh
-- Installing: /usr/local/micm-3.11.0/include/micm/cuda/solver/cuda_solver_parameters.hpp
-- Installing: /usr/local/micm-3.11.0/include/micm/cuda/solver/cuda_rosenbrock.hpp
-- Installing: /usr/local/micm-3.11.0/include/micm/cuda/solver/cuda_lu_decomposition.hpp
-- Installing: /usr/local/micm-3.11.0/include/micm/cuda/solver/cuda_rosenbrock.cuh
-- Installing: /usr/local/micm-3.11.0/include/micm/cuda/solver/cuda_linear_solver_in_place.hpp
-- Installing: /usr/local/micm-3.11.0/include/micm/cuda/solver/cuda_solver_builder.hpp
-- Installing: /usr/local/micm-3.11.0/include/micm/cuda/process
-- Installing: /usr/local/micm-3.11.0/include/micm/cuda/process/cuda_process_set.cuh
-- Installing: /usr/local/micm-3.11.0/include/micm/cuda/process/cuda_process_set.hpp
-- Installing: /usr/local/micm-3.11.0/include/micm/version.hpp
-- Installing: /usr/local/micm-3.11.0/include/micm/Util.hpp
-- Installing: /usr/local/micm-3.11.0/include/micm/Process.hpp
-- Installing: /usr/local/micm-3.11.0/cmake/micm_Exports.cmake
-- Installing: /usr/local/micm-3.11.0/cmake/micmConfig.cmake
-- Installing: /usr/local/micm-3.11.0/cmake/micmConfigVersion.cmake
--> e339a7341917
STEP 5/5: WORKDIR /build
COMMIT micm
--> 038cae305ca4
Successfully tagged localhost/micm:latest
038cae305ca4d0afd49760e4ab682624270af4cf36b2aa903ae37161d579a8c2
