Start testing: Jan 30 17:17 MST
----------------------------------------------------------
1/2 Testing: test_stub
1/2 Test: test_stub
Command: "/glade/scratch/sunjian/temp/micm/build/test_stub"
Directory: /glade/scratch/sunjian/temp/micm/build/test
"test_stub" start time: Jan 30 17:17 MST
Output:
----------------------------------------------------------
<end of output>
Test time =   0.03 sec
----------------------------------------------------------
Test Passed.
"test_stub" end time: Jan 30 17:17 MST
"test_stub" time elapsed: 00:00:00
----------------------------------------------------------

2/2 Testing: test_performance
2/2 Test: test_performance
Command: "/glade/u/apps/dav/opt/openmpi/4.1.1/nvhpc/22.2/bin/mpirun" "-v" "-np" "36" "/glade/scratch/sunjian/temp/micm/build/test_performance"
Directory: /glade/scratch/sunjian/temp/micm/build/test/performance
"test_performance" start time: Jan 30 17:17 MST
Output:
----------------------------------------------------------
 NetCDF: Variable not found : M
 NetCDF: Variable not found : Ar
 NetCDF: Variable not found : M
 NetCDF: Variable not found : Ar
 NetCDF: Variable not found : M
 NetCDF: Variable not found : Ar
 NetCDF: Variable not found : M
 NetCDF: Variable not found : Ar
 NetCDF: Variable not found : M
 NetCDF: Variable not found : Ar
 NetCDF: Variable not found : M
 NetCDF: Variable not found : Ar
 NetCDF: Variable not found : M
 NetCDF: Variable not found : Ar
 NetCDF: Variable not found : M
 NetCDF: Variable not found : Ar
 NetCDF: Variable not found : M
 NetCDF: Variable not found : Ar
 NetCDF: Variable not found : M
 NetCDF: Variable not found : Ar
 NetCDF: Variable not found : M
 NetCDF: Variable not found : Ar
 NetCDF: Variable not found : M
 NetCDF: Variable not found : Ar
 NetCDF: Variable not found : M
 NetCDF: Variable not found : Ar
 NetCDF: Variable not found : M
 NetCDF: Variable not found : Ar
 NetCDF: Variable not found : M
 NetCDF: Variable not found : Ar
 NetCDF: Variable not found : M
 NetCDF: Variable not found : Ar
 NetCDF: Variable not found : M
 NetCDF: Variable not found : Ar
 NetCDF: Variable not found : M
 NetCDF: Variable not found : Ar
 NetCDF: Variable not found : M
 NetCDF: Variable not found : Ar
 NetCDF: Variable not found : M
 NetCDF: Variable not found : Ar
 NetCDF: Variable not found : M
 NetCDF: Variable not found : Ar
 NetCDF: Variable not found : M
 NetCDF: Variable not found : Ar
 NetCDF: Variable not found : M
 NetCDF: Variable not found : Ar
 NetCDF: Variable not found : M
 NetCDF: Variable not found : Ar
 NetCDF: Variable not found : M
 NetCDF: Variable not found : Ar
 NetCDF: Variable not found : M
 NetCDF: Variable not found : Ar
 NetCDF: Variable not found : M
 NetCDF: Variable not found : Ar
 NetCDF: Variable not found : M
 NetCDF: Variable not found : Ar
 NetCDF: Variable not found : M
 NetCDF: Variable not found : Ar
 NetCDF: Variable not found : M
 NetCDF: Variable not found : Ar
 NetCDF: Variable not found : M
 NetCDF: Variable not found : Ar
 NetCDF: Variable not found : M
 NetCDF: Variable not found : Ar
 NetCDF: Variable not found : M
 NetCDF: Variable not found : Ar
 NetCDF: Variable not found : M
 NetCDF: Variable not found : Ar
 NetCDF: Variable not found : M
 NetCDF: Variable not found : Ar
 NetCDF: Variable not found : M
 NetCDF: Variable not found : Ar
 NetCDF: Variable not found : N2
 NetCDF: Variable not found : N2
 NetCDF: Variable not found : N2
 NetCDF: Variable not found : N2
 NetCDF: Variable not found : N2
 NetCDF: Variable not found : N2
 NetCDF: Variable not found : N2
 NetCDF: Variable not found : N2
 NetCDF: Variable not found : N2
 NetCDF: Variable not found : N2
 NetCDF: Variable not found : N2
 NetCDF: Variable not found : N2
 NetCDF: Variable not found : N2
 NetCDF: Variable not found : N2
 NetCDF: Variable not found : N2
 NetCDF: Variable not found : N2
 NetCDF: Variable not found : N2
 NetCDF: Variable not found : N2
 NetCDF: Variable not found : N2
 NetCDF: Variable not found : N2
 NetCDF: Variable not found : N2
 NetCDF: Variable not found : N2
 NetCDF: Variable not found : N2
 NetCDF: Variable not found : N2
 NetCDF: Variable not found : N2
 NetCDF: Variable not found : N2
 NetCDF: Variable not found : N2
 NetCDF: Variable not found : N2
 NetCDF: Variable not found : N2
 NetCDF: Variable not found : N2
 NetCDF: Variable not found : N2
 NetCDF: Variable not found : N2
 NetCDF: Variable not found : N2
 NetCDF: Variable not found : N2
 NetCDF: Variable not found : N2
 NetCDF: Variable not found : N2
 NetCDF: Variable not found : O2
 NetCDF: Variable not found : O2
 NetCDF: Variable not found : O2
 NetCDF: Variable not found : O2
 NetCDF: Variable not found : O2
 NetCDF: Variable not found : O2
 NetCDF: Variable not found : O2
 NetCDF: Variable not found : O2
 NetCDF: Variable not found : O2
 NetCDF: Variable not found : O2
 NetCDF: Variable not found : O2
 NetCDF: Variable not found : O2
 NetCDF: Variable not found : O2
 NetCDF: Variable not found : O2
 NetCDF: Variable not found : O2
 NetCDF: Variable not found : O2
 NetCDF: Variable not found : O2
 NetCDF: Variable not found : O2
 NetCDF: Variable not found : O2
 NetCDF: Variable not found : O2
 NetCDF: Variable not found : O2
 NetCDF: Variable not found : O2
 NetCDF: Variable not found : O2
 NetCDF: Variable not found : O2
 NetCDF: Variable not found : O2
 NetCDF: Variable not found : O2
 NetCDF: Variable not found : O2
 NetCDF: Variable not found : O2
 NetCDF: Variable not found : O2
 NetCDF: Variable not found : O2
 NetCDF: Variable not found : O2
 NetCDF: Variable not found : O2
 NetCDF: Variable not found : O2
 NetCDF: Variable not found : O2
 NetCDF: Variable not found : O2
 NetCDF: Variable not found : O2
 Successfully read in the CAM output from 
 /glade/scratch/fvitt/archive/TS1_chem_output_t01/atm/hist/TS1_chem_output_t01.cam.h1.2010-01-06-00000.nc                                                                                                                                                        
 Successfully read in the CAM output from 
 /glade/scratch/fvitt/archive/TS1_chem_output_t01/atm/hist/TS1_chem_output_t01.cam.h1.2010-01-06-00000.nc                                                                                                                                                        
 Successfully read in the CAM output from 
 /glade/scratch/fvitt/archive/TS1_chem_output_t01/atm/hist/TS1_chem_output_t01.cam.h1.2010-01-06-00000.nc                                                                                                                                                        
 Successfully read in the CAM output from 
 /glade/scratch/fvitt/archive/TS1_chem_output_t01/atm/hist/TS1_chem_output_t01.cam.h1.2010-01-06-00000.nc                                                                                                                                                        
 Successfully read in the CAM output from 
 /glade/scratch/fvitt/archive/TS1_chem_output_t01/atm/hist/TS1_chem_output_t01.cam.h1.2010-01-06-00000.nc                                                                                                                                                        
 Successfully read in the CAM output from 
 /glade/scratch/fvitt/archive/TS1_chem_output_t01/atm/hist/TS1_chem_output_t01.cam.h1.2010-01-06-00000.nc                                                                                                                                                        
 Successfully read in the CAM output from 
 /glade/scratch/fvitt/archive/TS1_chem_output_t01/atm/hist/TS1_chem_output_t01.cam.h1.2010-01-06-00000.nc                                                                                                                                                        
 Successfully read in the CAM output from 
 /glade/scratch/fvitt/archive/TS1_chem_output_t01/atm/hist/TS1_chem_output_t01.cam.h1.2010-01-06-00000.nc                                                                                                                                                        
 Successfully read in the CAM output from 
 /glade/scratch/fvitt/archive/TS1_chem_output_t01/atm/hist/TS1_chem_output_t01.cam.h1.2010-01-06-00000.nc                                                                                                                                                        
 Successfully read in the CAM output from 
 /glade/scratch/fvitt/archive/TS1_chem_output_t01/atm/hist/TS1_chem_output_t01.cam.h1.2010-01-06-00000.nc                                                                                                                                                        
 Successfully read in the CAM output from 
 /glade/scratch/fvitt/archive/TS1_chem_output_t01/atm/hist/TS1_chem_output_t01.cam.h1.2010-01-06-00000.nc                                                                                                                                                        
 Successfully read in the CAM output from 
 /glade/scratch/fvitt/archive/TS1_chem_output_t01/atm/hist/TS1_chem_output_t01.cam.h1.2010-01-06-00000.nc                                                                                                                                                        
 Successfully read in the CAM output from 
 /glade/scratch/fvitt/archive/TS1_chem_output_t01/atm/hist/TS1_chem_output_t01.cam.h1.2010-01-06-00000.nc                                                                                                                                                        
 Successfully read in the CAM output from 
 /glade/scratch/fvitt/archive/TS1_chem_output_t01/atm/hist/TS1_chem_output_t01.cam.h1.2010-01-06-00000.nc                                                                                                                                                        
 Successfully read in the CAM output from 
 /glade/scratch/fvitt/archive/TS1_chem_output_t01/atm/hist/TS1_chem_output_t01.cam.h1.2010-01-06-00000.nc                                                                                                                                                        
 Successfully read in the CAM output from 
 /glade/scratch/fvitt/archive/TS1_chem_output_t01/atm/hist/TS1_chem_output_t01.cam.h1.2010-01-06-00000.nc                                                                                                                                                        
 Successfully read in the CAM output from 
 /glade/scratch/fvitt/archive/TS1_chem_output_t01/atm/hist/TS1_chem_output_t01.cam.h1.2010-01-06-00000.nc                                                                                                                                                        
 Successfully read in the CAM output from 
 /glade/scratch/fvitt/archive/TS1_chem_output_t01/atm/hist/TS1_chem_output_t01.cam.h1.2010-01-06-00000.nc                                                                                                                                                        
 Successfully read in the CAM output from 
 /glade/scratch/fvitt/archive/TS1_chem_output_t01/atm/hist/TS1_chem_output_t01.cam.h1.2010-01-06-00000.nc                                                                                                                                                        
 Successfully read in the CAM output from 
 /glade/scratch/fvitt/archive/TS1_chem_output_t01/atm/hist/TS1_chem_output_t01.cam.h1.2010-01-06-00000.nc                                                                                                                                                        
 Successfully read in the CAM output from 
 /glade/scratch/fvitt/archive/TS1_chem_output_t01/atm/hist/TS1_chem_output_t01.cam.h1.2010-01-06-00000.nc                                                                                                                                                        
 Successfully read in the CAM output from 
 /glade/scratch/fvitt/archive/TS1_chem_output_t01/atm/hist/TS1_chem_output_t01.cam.h1.2010-01-06-00000.nc                                                                                                                                                        
 Successfully read in the CAM output from 
 /glade/scratch/fvitt/archive/TS1_chem_output_t01/atm/hist/TS1_chem_output_t01.cam.h1.2010-01-06-00000.nc                                                                                                                                                        
 Successfully read in the CAM output from 
 /glade/scratch/fvitt/archive/TS1_chem_output_t01/atm/hist/TS1_chem_output_t01.cam.h1.2010-01-06-00000.nc                                                                                                                                                        
 Successfully read in the CAM output from 
 /glade/scratch/fvitt/archive/TS1_chem_output_t01/atm/hist/TS1_chem_output_t01.cam.h1.2010-01-06-00000.nc                                                                                                                                                        
 Successfully read in the CAM output from 
 /glade/scratch/fvitt/archive/TS1_chem_output_t01/atm/hist/TS1_chem_output_t01.cam.h1.2010-01-06-00000.nc                                                                                                                                                        
 Successfully read in the CAM output from 
 /glade/scratch/fvitt/archive/TS1_chem_output_t01/atm/hist/TS1_chem_output_t01.cam.h1.2010-01-06-00000.nc                                                                                                                                                        
 Successfully read in the CAM output from 
 /glade/scratch/fvitt/archive/TS1_chem_output_t01/atm/hist/TS1_chem_output_t01.cam.h1.2010-01-06-00000.nc                                                                                                                                                        
 Successfully read in the CAM output from 
 /glade/scratch/fvitt/archive/TS1_chem_output_t01/atm/hist/TS1_chem_output_t01.cam.h1.2010-01-06-00000.nc                                                                                                                                                        
 Successfully read in the CAM output from 
 /glade/scratch/fvitt/archive/TS1_chem_output_t01/atm/hist/TS1_chem_output_t01.cam.h1.2010-01-06-00000.nc                                                                                                                                                        
 Successfully read in the CAM output from 
 /glade/scratch/fvitt/archive/TS1_chem_output_t01/atm/hist/TS1_chem_output_t01.cam.h1.2010-01-06-00000.nc                                                                                                                                                        
 Successfully read in the CAM output from 
 /glade/scratch/fvitt/archive/TS1_chem_output_t01/atm/hist/TS1_chem_output_t01.cam.h1.2010-01-06-00000.nc                                                                                                                                                        
 Successfully read in the CAM output from 
 /glade/scratch/fvitt/archive/TS1_chem_output_t01/atm/hist/TS1_chem_output_t01.cam.h1.2010-01-06-00000.nc                                                                                                                                                        
 Successfully read in the CAM output from 
 /glade/scratch/fvitt/archive/TS1_chem_output_t01/atm/hist/TS1_chem_output_t01.cam.h1.2010-01-06-00000.nc                                                                                                                                                        
 Successfully read in the CAM output from 
 /glade/scratch/fvitt/archive/TS1_chem_output_t01/atm/hist/TS1_chem_output_t01.cam.h1.2010-01-06-00000.nc                                                                                                                                                        
 Successfully read in the CAM output from 
 /glade/scratch/fvitt/archive/TS1_chem_output_t01/atm/hist/TS1_chem_output_t01.cam.h1.2010-01-06-00000.nc                                                                                                                                                        
 time step    5.000000000000000     
M
    106564125981.6960         106564835131.0266         106578750813.0620      
    106596079898.6875         106607716802.2221         106519114319.3988      
    106519586685.2710         106538268177.7644         106560265223.1343      
    106579663766.7951     
Ar
    106564125981.6960         106564835131.0266         106578750813.0620      
    106596079898.6875         106607716802.2221         106519114319.3988      
    106519586685.2710         106538268177.7644         106560265223.1343      
    106579663766.7951     
CO2
    41467962180223.68         41468514164516.57         41474000639146.90      
    41480799913050.02         41485399659779.49         41450192302306.98      
    41450639626734.03         41458107716903.64         41466819571374.55      
    41474470674925.64     
H2O
    542258397205.6353         542508812927.6385         542573936962.5143      
    542625267401.1971         542634861745.0939         541989583818.8474      
    542216940344.4905         542417312290.1646         542540499444.1071      
    542606162272.1516     
N2
    106564125981.6960         106564835131.0266         106578750813.0620      
    106596079898.6875         106607716802.2221         106519114319.3988      
    106519586685.2710         106538268177.7644         106560265223.1343      
    106579663766.7951     
O1D
    175068753.3636681         175924156.0471510         176255213.5697290      
    176994763.9276720         177791029.7215913         174182844.0917902      
    174627987.2170060         175326265.4111395         176088502.3466984      
    176918951.2829329     
O
    10734970935.51147         10780694335.54391         12119079332.88171      
    12495397917.79166         12562168403.94179         10676542181.48498      
    11631246687.76749         12254492316.85371         12527362837.75652      
    12333274325.59955     
O2
    116690747659.4948         116734657497.5101         117991028827.4853      
    118358836217.8558         118433842532.1120         116589109036.6244      
    117475856888.3217         118074107899.2121         118350728677.2870      
    118191832621.0328     
O3
    707002599491.5148         707039308947.3383         705494807832.5426      
    706096962051.5765         707830536298.4445         704106082789.3152      
    704054223637.1791         704682333351.8599         705551657048.3285      
    708056009380.6566     
 Calculated grids per second:     292177.3961917135     
 time step    10.00000000000000     
M
    106564125981.6960         106564835131.0266         106578750813.0620      
    106596079898.6875         106607716802.2221         106519114319.3988      
    106519586685.2710         106538268177.7644         106560265223.1343      
    106579663766.7951     
Ar
    106564125981.6960         106564835131.0266         106578750813.0620      
    106596079898.6875         106607716802.2221         106519114319.3988      
    106519586685.2710         106538268177.7644         106560265223.1343      
    106579663766.7951     
CO2
    41467962180223.68         41468514164516.57         41474000639146.90      
    41480799913050.02         41485399659779.49         41450192302306.98      
    41450639626734.03         41458107716903.64         41466819571374.55      
    41474470674925.64     
H2O
    542258397205.6353         542508812927.6385         542573936962.5143      
    542625267401.1971         542634861745.0939         541989583818.8474      
    542216940344.4905         542417312290.1646         542540499444.1071      
    542606162272.1516     
N2
    106564125981.6960         106564835131.0266         106578750813.0620      
    106596079898.6875         106607716802.2221         106519114319.3988      
    106519586685.2710         106538268177.7644         106560265223.1343      
    106579663766.7951     
O1D
    175068753.3636681         175924156.0471510         176255213.5697290      
    176994763.9276720         177791029.7215913         174182844.0917902      
    174627987.2170060         175326265.4111395         176088502.3466984      
    176918951.2829329     
O
    10734970935.51147         10780694335.54391         12119079332.88171      
    12495397917.79166         12562168403.94179         10676542181.48498      
    11631246687.76749         12254492316.85371         12527362837.75652      
    12333274325.59955     
O2
    116690747659.4948         116734657497.5101         117991028827.4853      
    118358836217.8558         118433842532.1120         116589109036.6244      
    117475856888.3217         118074107899.2121         118350728677.2870      
    118191832621.0328     
O3
    707002599491.5148         707039308947.3383         705494807832.5426      
    706096962051.5765         707830536298.4445         704106082789.3152      
    704054223637.1791         704682333351.8599         705551657048.3285      
    708056009380.6566     
 Calculated grids per second:     292219.8083589874     
 time step    15.00000000000000     
M
    106564125981.6960         106564835131.0266         106578750813.0620      
    106596079898.6875         106607716802.2221         106519114319.3988      
    106519586685.2710         106538268177.7644         106560265223.1343      
    106579663766.7951     
Ar
    106564125981.6960         106564835131.0266         106578750813.0620      
    106596079898.6875         106607716802.2221         106519114319.3988      
    106519586685.2710         106538268177.7644         106560265223.1343      
    106579663766.7951     
CO2
    41467962180223.68         41468514164516.57         41474000639146.90      
    41480799913050.02         41485399659779.49         41450192302306.98      
    41450639626734.03         41458107716903.64         41466819571374.55      
    41474470674925.64     
H2O
    542258397205.6353         542508812927.6385         542573936962.5143      
    542625267401.1971         542634861745.0939         541989583818.8474      
    542216940344.4905         542417312290.1646         542540499444.1071      
    542606162272.1516     
N2
    106564125981.6960         106564835131.0266         106578750813.0620      
    106596079898.6875         106607716802.2221         106519114319.3988      
    106519586685.2710         106538268177.7644         106560265223.1343      
    106579663766.7951     
O1D
    175068753.3636681         175924156.0471510         176255213.5697290      
    176994763.9276720         177791029.7215913         174182844.0917902      
    174627987.2170060         175326265.4111395         176088502.3466984      
    176918951.2829329     
O
    10734970935.51147         10780694335.54391         12119079332.88171      
    12495397917.79166         12562168403.94179         10676542181.48498      
    11631246687.76749         12254492316.85371         12527362837.75652      
    12333274325.59955     
O2
    116690747659.4948         116734657497.5101         117991028827.4853      
    118358836217.8558         118433842532.1120         116589109036.6244      
    117475856888.3217         118074107899.2121         118350728677.2870      
    118191832621.0328     
O3
    707002599491.5148         707039308947.3383         705494807832.5426      
    706096962051.5765         707830536298.4445         704106082789.3152      
    704054223637.1791         704682333351.8599         705551657048.3285      
    708056009380.6566     
 Calculated grids per second:     291537.9225085048     
 time step    20.00000000000000     
M
    106564125981.6960         106564835131.0266         106578750813.0620      
    106596079898.6875         106607716802.2221         106519114319.3988      
    106519586685.2710         106538268177.7644         106560265223.1343      
    106579663766.7951     
Ar
    106564125981.6960         106564835131.0266         106578750813.0620      
    106596079898.6875         106607716802.2221         106519114319.3988      
    106519586685.2710         106538268177.7644         106560265223.1343      
    106579663766.7951     
CO2
    41467962180223.68         41468514164516.57         41474000639146.90      
    41480799913050.02         41485399659779.49         41450192302306.98      
    41450639626734.03         41458107716903.64         41466819571374.55      
    41474470674925.64     
H2O
    542258397205.6353         542508812927.6385         542573936962.5143      
    542625267401.1971         542634861745.0939         541989583818.8474      
    542216940344.4905         542417312290.1646         542540499444.1071      
    542606162272.1516     
N2
    106564125981.6960         106564835131.0266         106578750813.0620      
    106596079898.6875         106607716802.2221         106519114319.3988      
    106519586685.2710         106538268177.7644         106560265223.1343      
    106579663766.7951     
O1D
    175068753.3636681         175924156.0471510         176255213.5697290      
    176994763.9276720         177791029.7215913         174182844.0917902      
    174627987.2170060         175326265.4111395         176088502.3466984      
    176918951.2829329     
O
    10734970935.51147         10780694335.54391         12119079332.88171      
    12495397917.79166         12562168403.94179         10676542181.48498      
    11631246687.76749         12254492316.85371         12527362837.75652      
    12333274325.59955     
O2
    116690747659.4948         116734657497.5101         117991028827.4853      
    118358836217.8558         118433842532.1120         116589109036.6244      
    117475856888.3217         118074107899.2121         118350728677.2870      
    118191832621.0328     
O3
    707002599491.5148         707039308947.3383         705494807832.5426      
    706096962051.5765         707830536298.4445         704106082789.3152      
    704054223637.1791         704682333351.8599         705551657048.3285      
    708056009380.6566     
 Calculated grids per second:     296069.1058281581     
 time step    25.00000000000000     
M
    106564125981.6960         106564835131.0266         106578750813.0620      
    106596079898.6875         106607716802.2221         106519114319.3988      
    106519586685.2710         106538268177.7644         106560265223.1343      
    106579663766.7951     
Ar
    106564125981.6960         106564835131.0266         106578750813.0620      
    106596079898.6875         106607716802.2221         106519114319.3988      
    106519586685.2710         106538268177.7644         106560265223.1343      
    106579663766.7951     
CO2
    41467962180223.68         41468514164516.57         41474000639146.90      
    41480799913050.02         41485399659779.49         41450192302306.98      
    41450639626734.03         41458107716903.64         41466819571374.55      
    41474470674925.64     
H2O
    542258397205.6353         542508812927.6385         542573936962.5143      
    542625267401.1971         542634861745.0939         541989583818.8474      
    542216940344.4905         542417312290.1646         542540499444.1071      
    542606162272.1516     
N2
    106564125981.6960         106564835131.0266         106578750813.0620      
    106596079898.6875         106607716802.2221         106519114319.3988      
    106519586685.2710         106538268177.7644         106560265223.1343      
    106579663766.7951     
O1D
    175068753.3636681         175924156.0471510         176255213.5697290      
    176994763.9276720         177791029.7215913         174182844.0917902      
    174627987.2170060         175326265.4111395         176088502.3466984      
    176918951.2829329     
O
    10734970935.51147         10780694335.54391         12119079332.88171      
    12495397917.79166         12562168403.94179         10676542181.48498      
    11631246687.76749         12254492316.85371         12527362837.75652      
    12333274325.59955     
O2
    116690747659.4948         116734657497.5101         117991028827.4853      
    118358836217.8558         118433842532.1120         116589109036.6244      
    117475856888.3217         118074107899.2121         118350728677.2870      
    118191832621.0328     
O3
    707002599491.5148         707039308947.3383         705494807832.5426      
    706096962051.5765         707830536298.4445         704106082789.3152      
    704054223637.1791         704682333351.8599         705551657048.3285      
    708056009380.6566     
 Calculated grids per second:     293220.7322114948     
 time step    30.00000000000000     
M
    106564125981.6960         106564835131.0266         106578750813.0620      
    106596079898.6875         106607716802.2221         106519114319.3988      
    106519586685.2710         106538268177.7644         106560265223.1343      
    106579663766.7951     
Ar
    106564125981.6960         106564835131.0266         106578750813.0620      
    106596079898.6875         106607716802.2221         106519114319.3988      
    106519586685.2710         106538268177.7644         106560265223.1343      
    106579663766.7951     
CO2
    41467962180223.68         41468514164516.57         41474000639146.90      
    41480799913050.02         41485399659779.49         41450192302306.98      
    41450639626734.03         41458107716903.64         41466819571374.55      
    41474470674925.64     
H2O
    542258397205.6353         542508812927.6385         542573936962.5143      
    542625267401.1971         542634861745.0939         541989583818.8474      
    542216940344.4905         542417312290.1646         542540499444.1071      
    542606162272.1516     
N2
    106564125981.6960         106564835131.0266         106578750813.0620      
    106596079898.6875         106607716802.2221         106519114319.3988      
    106519586685.2710         106538268177.7644         106560265223.1343      
    106579663766.7951     
O1D
    175068753.3636681         175924156.0471510         176255213.5697290      
    176994763.9276720         177791029.7215913         174182844.0917902      
    174627987.2170060         175326265.4111395         176088502.3466984      
    176918951.2829329     
O
    10734970935.51147         10780694335.54391         12119079332.88171      
    12495397917.79166         12562168403.94179         10676542181.48498      
    11631246687.76749         12254492316.85371         12527362837.75652      
    12333274325.59955     
O2
    116690747659.4948         116734657497.5101         117991028827.4853      
    118358836217.8558         118433842532.1120         116589109036.6244      
    117475856888.3217         118074107899.2121         118350728677.2870      
    118191832621.0328     
O3
    707002599491.5148         707039308947.3383         705494807832.5426      
    706096962051.5765         707830536298.4445         704106082789.3152      
    704054223637.1791         704682333351.8599         705551657048.3285      
    708056009380.6566     
 Calculated grids per second:     292954.3976468925     
 time step    35.00000000000000     
M
    106564125981.6960         106564835131.0266         106578750813.0620      
    106596079898.6875         106607716802.2221         106519114319.3988      
    106519586685.2710         106538268177.7644         106560265223.1343      
    106579663766.7951     
Ar
    106564125981.6960         106564835131.0266         106578750813.0620      
    106596079898.6875         106607716802.2221         106519114319.3988      
    106519586685.2710         106538268177.7644         106560265223.1343      
    106579663766.7951     
CO2
    41467962180223.68         41468514164516.57         41474000639146.90      
    41480799913050.02         41485399659779.49         41450192302306.98      
    41450639626734.03         41458107716903.64         41466819571374.55      
    41474470674925.64     
H2O
    542258397205.6353         542508812927.6385         542573936962.5143      
    542625267401.1971         542634861745.0939         541989583818.8474      
    542216940344.4905         542417312290.1646         542540499444.1071      
    542606162272.1516     
N2
    106564125981.6960         106564835131.0266         106578750813.0620      
    106596079898.6875         106607716802.2221         106519114319.3988      
    106519586685.2710         106538268177.7644         106560265223.1343      
    106579663766.7951     
O1D
    175068753.3636681         175924156.0471510         176255213.5697290      
    176994763.9276720         177791029.7215913         174182844.0917902      
    174627987.2170060         175326265.4111395         176088502.3466984      
    176918951.2829329     
O
    10734970935.51147         10780694335.54391         12119079332.88171      
    12495397917.79166         12562168403.94179         10676542181.48498      
    11631246687.76749         12254492316.85371         12527362837.75652      
    12333274325.59955     
O2
    116690747659.4948         116734657497.5101         117991028827.4853      
    118358836217.8558         118433842532.1120         116589109036.6244      
    117475856888.3217         118074107899.2121         118350728677.2870      
    118191832621.0328     
O3
    707002599491.5148         707039308947.3383         705494807832.5426      
    706096962051.5765         707830536298.4445         704106082789.3152      
    704054223637.1791         704682333351.8599         705551657048.3285      
    708056009380.6566     
 Calculated grids per second:     292633.0463635852     
 time step    40.00000000000000     
M
    106564125981.6960         106564835131.0266         106578750813.0620      
    106596079898.6875         106607716802.2221         106519114319.3988      
    106519586685.2710         106538268177.7644         106560265223.1343      
    106579663766.7951     
Ar
    106564125981.6960         106564835131.0266         106578750813.0620      
    106596079898.6875         106607716802.2221         106519114319.3988      
    106519586685.2710         106538268177.7644         106560265223.1343      
    106579663766.7951     
CO2
    41467962180223.68         41468514164516.57         41474000639146.90      
    41480799913050.02         41485399659779.49         41450192302306.98      
    41450639626734.03         41458107716903.64         41466819571374.55      
    41474470674925.64     
H2O
    542258397205.6353         542508812927.6385         542573936962.5143      
    542625267401.1971         542634861745.0939         541989583818.8474      
    542216940344.4905         542417312290.1646         542540499444.1071      
    542606162272.1516     
N2
    106564125981.6960         106564835131.0266         106578750813.0620      
    106596079898.6875         106607716802.2221         106519114319.3988      
    106519586685.2710         106538268177.7644         106560265223.1343      
    106579663766.7951     
O1D
    175068753.3636681         175924156.0471510         176255213.5697290      
    176994763.9276720         177791029.7215913         174182844.0917902      
    174627987.2170060         175326265.4111395         176088502.3466984      
    176918951.2829329     
O
    10734970935.51147         10780694335.54391         12119079332.88171      
    12495397917.79166         12562168403.94179         10676542181.48498      
    11631246687.76749         12254492316.85371         12527362837.75652      
    12333274325.59955     
O2
    116690747659.4948         116734657497.5101         117991028827.4853      
    118358836217.8558         118433842532.1120         116589109036.6244      
    117475856888.3217         118074107899.2121         118350728677.2870      
    118191832621.0328     
O3
    707002599491.5148         707039308947.3383         705494807832.5426      
    706096962051.5765         707830536298.4445         704106082789.3152      
    704054223637.1791         704682333351.8599         705551657048.3285      
    708056009380.6566     
 Calculated grids per second:     293540.7743916188     
 time step    45.00000000000000     
M
    106564125981.6960         106564835131.0266         106578750813.0620      
    106596079898.6875         106607716802.2221         106519114319.3988      
    106519586685.2710         106538268177.7644         106560265223.1343      
    106579663766.7951     
Ar
    106564125981.6960         106564835131.0266         106578750813.0620      
    106596079898.6875         106607716802.2221         106519114319.3988      
    106519586685.2710         106538268177.7644         106560265223.1343      
    106579663766.7951     
CO2
    41467962180223.68         41468514164516.57         41474000639146.90      
    41480799913050.02         41485399659779.49         41450192302306.98      
    41450639626734.03         41458107716903.64         41466819571374.55      
    41474470674925.64     
H2O
    542258397205.6353         542508812927.6385         542573936962.5143      
    542625267401.1971         542634861745.0939         541989583818.8474      
    542216940344.4905         542417312290.1646         542540499444.1071      
    542606162272.1516     
N2
    106564125981.6960         106564835131.0266         106578750813.0620      
    106596079898.6875         106607716802.2221         106519114319.3988      
    106519586685.2710         106538268177.7644         106560265223.1343      
    106579663766.7951     
O1D
    175068753.3636681         175924156.0471510         176255213.5697290      
    176994763.9276720         177791029.7215913         174182844.0917902      
    174627987.2170060         175326265.4111395         176088502.3466984      
    176918951.2829329     
O
    10734970935.51147         10780694335.54391         12119079332.88171      
    12495397917.79166         12562168403.94179         10676542181.48498      
    11631246687.76749         12254492316.85371         12527362837.75652      
    12333274325.59955     
O2
    116690747659.4948         116734657497.5101         117991028827.4853      
    118358836217.8558         118433842532.1120         116589109036.6244      
    117475856888.3217         118074107899.2121         118350728677.2870      
    118191832621.0328     
O3
    707002599491.5148         707039308947.3383         705494807832.5426      
    706096962051.5765         707830536298.4445         704106082789.3152      
    704054223637.1791         704682333351.8599         705551657048.3285      
    708056009380.6566     
 Calculated grids per second:     291636.5140692890     
 time step    50.00000000000000     
M
    106564125981.6960         106564835131.0266         106578750813.0620      
    106596079898.6875         106607716802.2221         106519114319.3988      
    106519586685.2710         106538268177.7644         106560265223.1343      
    106579663766.7951     
Ar
    106564125981.6960         106564835131.0266         106578750813.0620      
    106596079898.6875         106607716802.2221         106519114319.3988      
    106519586685.2710         106538268177.7644         106560265223.1343      
    106579663766.7951     
CO2
    41467962180223.68         41468514164516.57         41474000639146.90      
    41480799913050.02         41485399659779.49         41450192302306.98      
    41450639626734.03         41458107716903.64         41466819571374.55      
    41474470674925.64     
H2O
    542258397205.6353         542508812927.6385         542573936962.5143      
    542625267401.1971         542634861745.0939         541989583818.8474      
    542216940344.4905         542417312290.1646         542540499444.1071      
    542606162272.1516     
N2
    106564125981.6960         106564835131.0266         106578750813.0620      
    106596079898.6875         106607716802.2221         106519114319.3988      
    106519586685.2710         106538268177.7644         106560265223.1343      
    106579663766.7951     
O1D
    175068753.3636681         175924156.0471510         176255213.5697290      
    176994763.9276720         177791029.7215913         174182844.0917902      
    174627987.2170060         175326265.4111395         176088502.3466984      
    176918951.2829329     
O
    10734970935.51147         10780694335.54391         12119079332.88171      
    12495397917.79166         12562168403.94179         10676542181.48498      
    11631246687.76749         12254492316.85371         12527362837.75652      
    12333274325.59955     
O2
    116690747659.4948         116734657497.5101         117991028827.4853      
    118358836217.8558         118433842532.1120         116589109036.6244      
    117475856888.3217         118074107899.2121         118350728677.2870      
    118191832621.0328     
O3
    707002599491.5148         707039308947.3383         705494807832.5426      
    706096962051.5765         707830536298.4445         704106082789.3152      
    704054223637.1791         704682333351.8599         705551657048.3285      
    708056009380.6566     
 Calculated grids per second:     294237.7312722318     
 time step    55.00000000000000     
M
    106564125981.6960         106564835131.0266         106578750813.0620      
    106596079898.6875         106607716802.2221         106519114319.3988      
    106519586685.2710         106538268177.7644         106560265223.1343      
    106579663766.7951     
Ar
    106564125981.6960         106564835131.0266         106578750813.0620      
    106596079898.6875         106607716802.2221         106519114319.3988      
    106519586685.2710         106538268177.7644         106560265223.1343      
    106579663766.7951     
CO2
    41467962180223.68         41468514164516.57         41474000639146.90      
    41480799913050.02         41485399659779.49         41450192302306.98      
    41450639626734.03         41458107716903.64         41466819571374.55      
    41474470674925.64     
H2O
    542258397205.6353         542508812927.6385         542573936962.5143      
    542625267401.1971         542634861745.0939         541989583818.8474      
    542216940344.4905         542417312290.1646         542540499444.1071      
    542606162272.1516     
N2
    106564125981.6960         106564835131.0266         106578750813.0620      
    106596079898.6875         106607716802.2221         106519114319.3988      
    106519586685.2710         106538268177.7644         106560265223.1343      
    106579663766.7951     
O1D
    175068753.3636681         175924156.0471510         176255213.5697290      
    176994763.9276720         177791029.7215913         174182844.0917902      
    174627987.2170060         175326265.4111395         176088502.3466984      
    176918951.2829329     
O
    10734970935.51147         10780694335.54391         12119079332.88171      
    12495397917.79166         12562168403.94179         10676542181.48498      
    11631246687.76749         12254492316.85371         12527362837.75652      
    12333274325.59955     
O2
    116690747659.4948         116734657497.5101         117991028827.4853      
    118358836217.8558         118433842532.1120         116589109036.6244      
    117475856888.3217         118074107899.2121         118350728677.2870      
    118191832621.0328     
O3
    707002599491.5148         707039308947.3383         705494807832.5426      
    706096962051.5765         707830536298.4445         704106082789.3152      
    704054223637.1791         704682333351.8599         705551657048.3285      
    708056009380.6566     
 Calculated grids per second:     294354.0959002195     
 time step    60.00000000000000     
M
    106564125981.6960         106564835131.0266         106578750813.0620      
    106596079898.6875         106607716802.2221         106519114319.3988      
    106519586685.2710         106538268177.7644         106560265223.1343      
    106579663766.7951     
Ar
    106564125981.6960         106564835131.0266         106578750813.0620      
    106596079898.6875         106607716802.2221         106519114319.3988      
    106519586685.2710         106538268177.7644         106560265223.1343      
    106579663766.7951     
CO2
    41467962180223.68         41468514164516.57         41474000639146.90      
    41480799913050.02         41485399659779.49         41450192302306.98      
    41450639626734.03         41458107716903.64         41466819571374.55      
    41474470674925.64     
H2O
    542258397205.6353         542508812927.6385         542573936962.5143      
    542625267401.1971         542634861745.0939         541989583818.8474      
    542216940344.4905         542417312290.1646         542540499444.1071      
    542606162272.1516     
N2
    106564125981.6960         106564835131.0266         106578750813.0620      
    106596079898.6875         106607716802.2221         106519114319.3988      
    106519586685.2710         106538268177.7644         106560265223.1343      
    106579663766.7951     
O1D
    175068753.3636681         175924156.0471510         176255213.5697290      
    176994763.9276720         177791029.7215913         174182844.0917902      
    174627987.2170060         175326265.4111395         176088502.3466984      
    176918951.2829329     
O
    10734970935.51147         10780694335.54391         12119079332.88171      
    12495397917.79166         12562168403.94179         10676542181.48498      
    11631246687.76749         12254492316.85371         12527362837.75652      
    12333274325.59955     
O2
    116690747659.4948         116734657497.5101         117991028827.4853      
    118358836217.8558         118433842532.1120         116589109036.6244      
    117475856888.3217         118074107899.2121         118350728677.2870      
    118191832621.0328     
O3
    707002599491.5148         707039308947.3383         705494807832.5426      
    706096962051.5765         707830536298.4445         704106082789.3152      
    704054223637.1791         704682333351.8599         705551657048.3285      
    708056009380.6566     
 Calculated grids per second:     296280.7421884794     
 time step    65.00000000000000     
M
    106564125981.6960         106564835131.0266         106578750813.0620      
    106596079898.6875         106607716802.2221         106519114319.3988      
    106519586685.2710         106538268177.7644         106560265223.1343      
    106579663766.7951     
Ar
    106564125981.6960         106564835131.0266         106578750813.0620      
    106596079898.6875         106607716802.2221         106519114319.3988      
    106519586685.2710         106538268177.7644         106560265223.1343      
    106579663766.7951     
CO2
    41467962180223.68         41468514164516.57         41474000639146.90      
    41480799913050.02         41485399659779.49         41450192302306.98      
    41450639626734.03         41458107716903.64         41466819571374.55      
    41474470674925.64     
H2O
    542258397205.6353         542508812927.6385         542573936962.5143      
    542625267401.1971         542634861745.0939         541989583818.8474      
    542216940344.4905         542417312290.1646         542540499444.1071      
    542606162272.1516     
N2
    106564125981.6960         106564835131.0266         106578750813.0620      
    106596079898.6875         106607716802.2221         106519114319.3988      
    106519586685.2710         106538268177.7644         106560265223.1343      
    106579663766.7951     
O1D
    175068753.3636681         175924156.0471510         176255213.5697290      
    176994763.9276720         177791029.7215913         174182844.0917902      
    174627987.2170060         175326265.4111395         176088502.3466984      
    176918951.2829329     
O
    10734970935.51147         10780694335.54391         12119079332.88171      
    12495397917.79166         12562168403.94179         10676542181.48498      
    11631246687.76749         12254492316.85371         12527362837.75652      
    12333274325.59955     
O2
    116690747659.4948         116734657497.5101         117991028827.4853      
    118358836217.8558         118433842532.1120         116589109036.6244      
    117475856888.3217         118074107899.2121         118350728677.2870      
    118191832621.0328     
O3
    707002599491.5148         707039308947.3383         705494807832.5426      
    706096962051.5765         707830536298.4445         704106082789.3152      
    704054223637.1791         704682333351.8599         705551657048.3285      
    708056009380.6566     
 Calculated grids per second:     294845.2551482602     
 time step    70.00000000000000     
M
    106564125981.6960         106564835131.0266         106578750813.0620      
    106596079898.6875         106607716802.2221         106519114319.3988      
    106519586685.2710         106538268177.7644         106560265223.1343      
    106579663766.7951     
Ar
    106564125981.6960         106564835131.0266         106578750813.0620      
    106596079898.6875         106607716802.2221         106519114319.3988      
    106519586685.2710         106538268177.7644         106560265223.1343      
    106579663766.7951     
CO2
    41467962180223.68         41468514164516.57         41474000639146.90      
    41480799913050.02         41485399659779.49         41450192302306.98      
    41450639626734.03         41458107716903.64         41466819571374.55      
    41474470674925.64     
H2O
    542258397205.6353         542508812927.6385         542573936962.5143      
    542625267401.1971         542634861745.0939         541989583818.8474      
    542216940344.4905         542417312290.1646         542540499444.1071      
    542606162272.1516     
N2
    106564125981.6960         106564835131.0266         106578750813.0620      
    106596079898.6875         106607716802.2221         106519114319.3988      
    106519586685.2710         106538268177.7644         106560265223.1343      
    106579663766.7951     
O1D
    175068753.3636681         175924156.0471510         176255213.5697290      
    176994763.9276720         177791029.7215913         174182844.0917902      
    174627987.2170060         175326265.4111395         176088502.3466984      
    176918951.2829329     
O
    10734970935.51147         10780694335.54391         12119079332.88171      
    12495397917.79166         12562168403.94179         10676542181.48498      
    11631246687.76749         12254492316.85371         12527362837.75652      
    12333274325.59955     
O2
    116690747659.4948         116734657497.5101         117991028827.4853      
    118358836217.8558         118433842532.1120         116589109036.6244      
    117475856888.3217         118074107899.2121         118350728677.2870      
    118191832621.0328     
O3
    707002599491.5148         707039308947.3383         705494807832.5426      
    706096962051.5765         707830536298.4445         704106082789.3152      
    704054223637.1791         704682333351.8599         705551657048.3285      
    708056009380.6566     
 Calculated grids per second:     290933.7348539215     
 time step    75.00000000000000     
M
    106564125981.6960         106564835131.0266         106578750813.0620      
    106596079898.6875         106607716802.2221         106519114319.3988      
    106519586685.2710         106538268177.7644         106560265223.1343      
    106579663766.7951     
Ar
    106564125981.6960         106564835131.0266         106578750813.0620      
    106596079898.6875         106607716802.2221         106519114319.3988      
    106519586685.2710         106538268177.7644         106560265223.1343      
    106579663766.7951     
CO2
    41467962180223.68         41468514164516.57         41474000639146.90      
    41480799913050.02         41485399659779.49         41450192302306.98      
    41450639626734.03         41458107716903.64         41466819571374.55      
    41474470674925.64     
H2O
    542258397205.6353         542508812927.6385         542573936962.5143      
    542625267401.1971         542634861745.0939         541989583818.8474      
    542216940344.4905         542417312290.1646         542540499444.1071      
    542606162272.1516     
N2
    106564125981.6960         106564835131.0266         106578750813.0620      
    106596079898.6875         106607716802.2221         106519114319.3988      
    106519586685.2710         106538268177.7644         106560265223.1343      
    106579663766.7951     
O1D
    175068753.3636681         175924156.0471510         176255213.5697290      
    176994763.9276720         177791029.7215913         174182844.0917902      
    174627987.2170060         175326265.4111395         176088502.3466984      
    176918951.2829329     
O
    10734970935.51147         10780694335.54391         12119079332.88171      
    12495397917.79166         12562168403.94179         10676542181.48498      
    11631246687.76749         12254492316.85371         12527362837.75652      
    12333274325.59955     
O2
    116690747659.4948         116734657497.5101         117991028827.4853      
    118358836217.8558         118433842532.1120         116589109036.6244      
    117475856888.3217         118074107899.2121         118350728677.2870      
    118191832621.0328     
O3
    707002599491.5148         707039308947.3383         705494807832.5426      
    706096962051.5765         707830536298.4445         704106082789.3152      
    704054223637.1791         704682333351.8599         705551657048.3285      
    708056009380.6566     
 Calculated grids per second:     291307.5851566921     
 time step    80.00000000000000     
M
    106564125981.6960         106564835131.0266         106578750813.0620      
    106596079898.6875         106607716802.2221         106519114319.3988      
    106519586685.2710         106538268177.7644         106560265223.1343      
    106579663766.7951     
Ar
    106564125981.6960         106564835131.0266         106578750813.0620      
    106596079898.6875         106607716802.2221         106519114319.3988      
    106519586685.2710         106538268177.7644         106560265223.1343      
    106579663766.7951     
CO2
    41467962180223.68         41468514164516.57         41474000639146.90      
    41480799913050.02         41485399659779.49         41450192302306.98      
    41450639626734.03         41458107716903.64         41466819571374.55      
    41474470674925.64     
H2O
    542258397205.6353         542508812927.6385         542573936962.5143      
    542625267401.1971         542634861745.0939         541989583818.8474      
    542216940344.4905         542417312290.1646         542540499444.1071      
    542606162272.1516     
N2
    106564125981.6960         106564835131.0266         106578750813.0620      
    106596079898.6875         106607716802.2221         106519114319.3988      
    106519586685.2710         106538268177.7644         106560265223.1343      
    106579663766.7951     
O1D
    175068753.3636681         175924156.0471510         176255213.5697290      
    176994763.9276720         177791029.7215913         174182844.0917902      
    174627987.2170060         175326265.4111395         176088502.3466984      
    176918951.2829329     
O
    10734970935.51147         10780694335.54391         12119079332.88171      
    12495397917.79166         12562168403.94179         10676542181.48498      
    11631246687.76749         12254492316.85371         12527362837.75652      
    12333274325.59955     
O2
    116690747659.4948         116734657497.5101         117991028827.4853      
    118358836217.8558         118433842532.1120         116589109036.6244      
    117475856888.3217         118074107899.2121         118350728677.2870      
    118191832621.0328     
O3
    707002599491.5148         707039308947.3383         705494807832.5426      
    706096962051.5765         707830536298.4445         704106082789.3152      
    704054223637.1791         704682333351.8599         705551657048.3285      
    708056009380.6566     
 Calculated grids per second:     291016.5892018921     
 time step    85.00000000000000     
M
    106564125981.6960         106564835131.0266         106578750813.0620      
    106596079898.6875         106607716802.2221         106519114319.3988      
    106519586685.2710         106538268177.7644         106560265223.1343      
    106579663766.7951     
Ar
    106564125981.6960         106564835131.0266         106578750813.0620      
    106596079898.6875         106607716802.2221         106519114319.3988      
    106519586685.2710         106538268177.7644         106560265223.1343      
    106579663766.7951     
CO2
    41467962180223.68         41468514164516.57         41474000639146.90      
    41480799913050.02         41485399659779.49         41450192302306.98      
    41450639626734.03         41458107716903.64         41466819571374.55      
    41474470674925.64     
H2O
    542258397205.6353         542508812927.6385         542573936962.5143      
    542625267401.1971         542634861745.0939         541989583818.8474      
    542216940344.4905         542417312290.1646         542540499444.1071      
    542606162272.1516     
N2
    106564125981.6960         106564835131.0266         106578750813.0620      
    106596079898.6875         106607716802.2221         106519114319.3988      
    106519586685.2710         106538268177.7644         106560265223.1343      
    106579663766.7951     
O1D
    175068753.3636681         175924156.0471510         176255213.5697290      
    176994763.9276720         177791029.7215913         174182844.0917902      
    174627987.2170060         175326265.4111395         176088502.3466984      
    176918951.2829329     
O
    10734970935.51147         10780694335.54391         12119079332.88171      
    12495397917.79166         12562168403.94179         10676542181.48498      
    11631246687.76749         12254492316.85371         12527362837.75652      
    12333274325.59955     
O2
    116690747659.4948         116734657497.5101         117991028827.4853      
    118358836217.8558         118433842532.1120         116589109036.6244      
    117475856888.3217         118074107899.2121         118350728677.2870      
    118191832621.0328     
O3
    707002599491.5148         707039308947.3383         705494807832.5426      
    706096962051.5765         707830536298.4445         704106082789.3152      
    704054223637.1791         704682333351.8599         705551657048.3285      
    708056009380.6566     
 Calculated grids per second:     292490.9654036992     
 time step    90.00000000000000     
M
    106564125981.6960         106564835131.0266         106578750813.0620      
    106596079898.6875         106607716802.2221         106519114319.3988      
    106519586685.2710         106538268177.7644         106560265223.1343      
    106579663766.7951     
Ar
    106564125981.6960         106564835131.0266         106578750813.0620      
    106596079898.6875         106607716802.2221         106519114319.3988      
    106519586685.2710         106538268177.7644         106560265223.1343      
    106579663766.7951     
CO2
    41467962180223.68         41468514164516.57         41474000639146.90      
    41480799913050.02         41485399659779.49         41450192302306.98      
    41450639626734.03         41458107716903.64         41466819571374.55      
    41474470674925.64     
H2O
    542258397205.6353         542508812927.6385         542573936962.5143      
    542625267401.1971         542634861745.0939         541989583818.8474      
    542216940344.4905         542417312290.1646         542540499444.1071      
    542606162272.1516     
N2
    106564125981.6960         106564835131.0266         106578750813.0620      
    106596079898.6875         106607716802.2221         106519114319.3988      
    106519586685.2710         106538268177.7644         106560265223.1343      
    106579663766.7951     
O1D
    175068753.3636681         175924156.0471510         176255213.5697290      
    176994763.9276720         177791029.7215913         174182844.0917902      
    174627987.2170060         175326265.4111395         176088502.3466984      
    176918951.2829329     
O
    10734970935.51147         10780694335.54391         12119079332.88171      
    12495397917.79166         12562168403.94179         10676542181.48498      
    11631246687.76749         12254492316.85371         12527362837.75652      
    12333274325.59955     
O2
    116690747659.4948         116734657497.5101         117991028827.4853      
    118358836217.8558         118433842532.1120         116589109036.6244      
    117475856888.3217         118074107899.2121         118350728677.2870      
    118191832621.0328     
O3
    707002599491.5148         707039308947.3383         705494807832.5426      
    706096962051.5765         707830536298.4445         704106082789.3152      
    704054223637.1791         704682333351.8599         705551657048.3285      
    708056009380.6566     
 Calculated grids per second:     294447.4136996418     
 time step    95.00000000000000     
M
    106564125981.6960         106564835131.0266         106578750813.0620      
    106596079898.6875         106607716802.2221         106519114319.3988      
    106519586685.2710         106538268177.7644         106560265223.1343      
    106579663766.7951     
Ar
    106564125981.6960         106564835131.0266         106578750813.0620      
    106596079898.6875         106607716802.2221         106519114319.3988      
    106519586685.2710         106538268177.7644         106560265223.1343      
    106579663766.7951     
CO2
    41467962180223.68         41468514164516.57         41474000639146.90      
    41480799913050.02         41485399659779.49         41450192302306.98      
    41450639626734.03         41458107716903.64         41466819571374.55      
    41474470674925.64     
H2O
    542258397205.6353         542508812927.6385         542573936962.5143      
    542625267401.1971         542634861745.0939         541989583818.8474      
    542216940344.4905         542417312290.1646         542540499444.1071      
    542606162272.1516     
N2
    106564125981.6960         106564835131.0266         106578750813.0620      
    106596079898.6875         106607716802.2221         106519114319.3988      
    106519586685.2710         106538268177.7644         106560265223.1343      
    106579663766.7951     
O1D
    175068753.3636681         175924156.0471510         176255213.5697290      
    176994763.9276720         177791029.7215913         174182844.0917902      
    174627987.2170060         175326265.4111395         176088502.3466984      
    176918951.2829329     
O
    10734970935.51147         10780694335.54391         12119079332.88171      
    12495397917.79166         12562168403.94179         10676542181.48498      
    11631246687.76749         12254492316.85371         12527362837.75652      
    12333274325.59955     
O2
    116690747659.4948         116734657497.5101         117991028827.4853      
    118358836217.8558         118433842532.1120         116589109036.6244      
    117475856888.3217         118074107899.2121         118350728677.2870      
    118191832621.0328     
O3
    707002599491.5148         707039308947.3383         705494807832.5426      
    706096962051.5765         707830536298.4445         704106082789.3152      
    704054223637.1791         704682333351.8599         705551657048.3285      
    708056009380.6566     
 Calculated grids per second:     292231.3686638321     
 time step    100.0000000000000     
M
    106564125981.6960         106564835131.0266         106578750813.0620      
    106596079898.6875         106607716802.2221         106519114319.3988      
    106519586685.2710         106538268177.7644         106560265223.1343      
    106579663766.7951     
Ar
    106564125981.6960         106564835131.0266         106578750813.0620      
    106596079898.6875         106607716802.2221         106519114319.3988      
    106519586685.2710         106538268177.7644         106560265223.1343      
    106579663766.7951     
CO2
    41467962180223.68         41468514164516.57         41474000639146.90      
    41480799913050.02         41485399659779.49         41450192302306.98      
    41450639626734.03         41458107716903.64         41466819571374.55      
    41474470674925.64     
H2O
    542258397205.6353         542508812927.6385         542573936962.5143      
    542625267401.1971         542634861745.0939         541989583818.8474      
    542216940344.4905         542417312290.1646         542540499444.1071      
    542606162272.1516     
N2
    106564125981.6960         106564835131.0266         106578750813.0620      
    106596079898.6875         106607716802.2221         106519114319.3988      
    106519586685.2710         106538268177.7644         106560265223.1343      
    106579663766.7951     
O1D
    175068753.3636681         175924156.0471510         176255213.5697290      
    176994763.9276720         177791029.7215913         174182844.0917902      
    174627987.2170060         175326265.4111395         176088502.3466984      
    176918951.2829329     
O
    10734970935.51147         10780694335.54391         12119079332.88171      
    12495397917.79166         12562168403.94179         10676542181.48498      
    11631246687.76749         12254492316.85371         12527362837.75652      
    12333274325.59955     
O2
    116690747659.4948         116734657497.5101         117991028827.4853      
    118358836217.8558         118433842532.1120         116589109036.6244      
    117475856888.3217         118074107899.2121         118350728677.2870      
    118191832621.0328     
O3
    707002599491.5148         707039308947.3383         705494807832.5426      
    706096962051.5765         707830536298.4445         704106082789.3152      
    704054223637.1791         704682333351.8599         705551657048.3285      
    708056009380.6566     
 Calculated grids per second:     295178.6866479201     
 time step    105.0000000000000     
M
    106564125981.6960         106564835131.0266         106578750813.0620      
    106596079898.6875         106607716802.2221         106519114319.3988      
    106519586685.2710         106538268177.7644         106560265223.1343      
    106579663766.7951     
Ar
    106564125981.6960         106564835131.0266         106578750813.0620      
    106596079898.6875         106607716802.2221         106519114319.3988      
    106519586685.2710         106538268177.7644         106560265223.1343      
    106579663766.7951     
CO2
    41467962180223.68         41468514164516.57         41474000639146.90      
    41480799913050.02         41485399659779.49         41450192302306.98      
    41450639626734.03         41458107716903.64         41466819571374.55      
    41474470674925.64     
H2O
    542258397205.6353         542508812927.6385         542573936962.5143      
    542625267401.1971         542634861745.0939         541989583818.8474      
    542216940344.4905         542417312290.1646         542540499444.1071      
    542606162272.1516     
N2
    106564125981.6960         106564835131.0266         106578750813.0620      
    106596079898.6875         106607716802.2221         106519114319.3988      
    106519586685.2710         106538268177.7644         106560265223.1343      
    106579663766.7951     
O1D
    175068753.3636681         175924156.0471510         176255213.5697290      
    176994763.9276720         177791029.7215913         174182844.0917902      
    174627987.2170060         175326265.4111395         176088502.3466984      
    176918951.2829329     
O
    10734970935.51147         10780694335.54391         12119079332.88171      
    12495397917.79166         12562168403.94179         10676542181.48498      
    11631246687.76749         12254492316.85371         12527362837.75652      
    12333274325.59955     
O2
    116690747659.4948         116734657497.5101         117991028827.4853      
    118358836217.8558         118433842532.1120         116589109036.6244      
    117475856888.3217         118074107899.2121         118350728677.2870      
    118191832621.0328     
O3
    707002599491.5148         707039308947.3383         705494807832.5426      
    706096962051.5765         707830536298.4445         704106082789.3152      
    704054223637.1791         704682333351.8599         705551657048.3285      
    708056009380.6566     
 Calculated grids per second:     291355.2746551851     
 time step    110.0000000000000     
M
    106564125981.6960         106564835131.0266         106578750813.0620      
    106596079898.6875         106607716802.2221         106519114319.3988      
    106519586685.2710         106538268177.7644         106560265223.1343      
    106579663766.7951     
Ar
    106564125981.6960         106564835131.0266         106578750813.0620      
    106596079898.6875         106607716802.2221         106519114319.3988      
    106519586685.2710         106538268177.7644         106560265223.1343      
    106579663766.7951     
CO2
    41467962180223.68         41468514164516.57         41474000639146.90      
    41480799913050.02         41485399659779.49         41450192302306.98      
    41450639626734.03         41458107716903.64         41466819571374.55      
    41474470674925.64     
H2O
    542258397205.6353         542508812927.6385         542573936962.5143      
    542625267401.1971         542634861745.0939         541989583818.8474      
    542216940344.4905         542417312290.1646         542540499444.1071      
    542606162272.1516     
N2
    106564125981.6960         106564835131.0266         106578750813.0620      
    106596079898.6875         106607716802.2221         106519114319.3988      
    106519586685.2710         106538268177.7644         106560265223.1343      
    106579663766.7951     
O1D
    175068753.3636681         175924156.0471510         176255213.5697290      
    176994763.9276720         177791029.7215913         174182844.0917902      
    174627987.2170060         175326265.4111395         176088502.3466984      
    176918951.2829329     
O
    10734970935.51147         10780694335.54391         12119079332.88171      
    12495397917.79166         12562168403.94179         10676542181.48498      
    11631246687.76749         12254492316.85371         12527362837.75652      
    12333274325.59955     
O2
    116690747659.4948         116734657497.5101         117991028827.4853      
    118358836217.8558         118433842532.1120         116589109036.6244      
    117475856888.3217         118074107899.2121         118350728677.2870      
    118191832621.0328     
O3
    707002599491.5148         707039308947.3383         705494807832.5426      
    706096962051.5765         707830536298.4445         704106082789.3152      
    704054223637.1791         704682333351.8599         705551657048.3285      
    708056009380.6566     
 Calculated grids per second:     291510.7044669425     
 time step    115.0000000000000     
M
    106564125981.6960         106564835131.0266         106578750813.0620      
    106596079898.6875         106607716802.2221         106519114319.3988      
    106519586685.2710         106538268177.7644         106560265223.1343      
    106579663766.7951     
Ar
    106564125981.6960         106564835131.0266         106578750813.0620      
    106596079898.6875         106607716802.2221         106519114319.3988      
    106519586685.2710         106538268177.7644         106560265223.1343      
    106579663766.7951     
CO2
    41467962180223.68         41468514164516.57         41474000639146.90      
    41480799913050.02         41485399659779.49         41450192302306.98      
    41450639626734.03         41458107716903.64         41466819571374.55      
    41474470674925.64     
H2O
    542258397205.6353         542508812927.6385         542573936962.5143      
    542625267401.1971         542634861745.0939         541989583818.8474      
    542216940344.4905         542417312290.1646         542540499444.1071      
    542606162272.1516     
N2
    106564125981.6960         106564835131.0266         106578750813.0620      
    106596079898.6875         106607716802.2221         106519114319.3988      
    106519586685.2710         106538268177.7644         106560265223.1343      
    106579663766.7951     
O1D
    175068753.3636681         175924156.0471510         176255213.5697290      
    176994763.9276720         177791029.7215913         174182844.0917902      
    174627987.2170060         175326265.4111395         176088502.3466984      
    176918951.2829329     
O
    10734970935.51147         10780694335.54391         12119079332.88171      
    12495397917.79166         12562168403.94179         10676542181.48498      
    11631246687.76749         12254492316.85371         12527362837.75652      
    12333274325.59955     
O2
    116690747659.4948         116734657497.5101         117991028827.4853      
    118358836217.8558         118433842532.1120         116589109036.6244      
    117475856888.3217         118074107899.2121         118350728677.2870      
    118191832621.0328     
O3
    707002599491.5148         707039308947.3383         705494807832.5426      
    706096962051.5765         707830536298.4445         704106082789.3152      
    704054223637.1791         704682333351.8599         705551657048.3285      
    708056009380.6566     
 Calculated grids per second:     293469.0628391537     
 time step    120.0000000000000     
M
    106564125981.6960         106564835131.0266         106578750813.0620      
    106596079898.6875         106607716802.2221         106519114319.3988      
    106519586685.2710         106538268177.7644         106560265223.1343      
    106579663766.7951     
Ar
    106564125981.6960         106564835131.0266         106578750813.0620      
    106596079898.6875         106607716802.2221         106519114319.3988      
    106519586685.2710         106538268177.7644         106560265223.1343      
    106579663766.7951     
CO2
    41467962180223.68         41468514164516.57         41474000639146.90      
    41480799913050.02         41485399659779.49         41450192302306.98      
    41450639626734.03         41458107716903.64         41466819571374.55      
    41474470674925.64     
H2O
    542258397205.6353         542508812927.6385         542573936962.5143      
    542625267401.1971         542634861745.0939         541989583818.8474      
    542216940344.4905         542417312290.1646         542540499444.1071      
    542606162272.1516     
N2
    106564125981.6960         106564835131.0266         106578750813.0620      
    106596079898.6875         106607716802.2221         106519114319.3988      
    106519586685.2710         106538268177.7644         106560265223.1343      
    106579663766.7951     
O1D
    175068753.3636681         175924156.0471510         176255213.5697290      
    176994763.9276720         177791029.7215913         174182844.0917902      
    174627987.2170060         175326265.4111395         176088502.3466984      
    176918951.2829329     
O
    10734970935.51147         10780694335.54391         12119079332.88171      
    12495397917.79166         12562168403.94179         10676542181.48498      
    11631246687.76749         12254492316.85371         12527362837.75652      
    12333274325.59955     
O2
    116690747659.4948         116734657497.5101         117991028827.4853      
    118358836217.8558         118433842532.1120         116589109036.6244      
    117475856888.3217         118074107899.2121         118350728677.2870      
    118191832621.0328     
O3
    707002599491.5148         707039308947.3383         705494807832.5426      
    706096962051.5765         707830536298.4445         704106082789.3152      
    704054223637.1791         704682333351.8599         705551657048.3285      
    708056009380.6566     
 Calculated grids per second:     294557.6610187166     
 time step    125.0000000000000     
M
    106564125981.6960         106564835131.0266         106578750813.0620      
    106596079898.6875         106607716802.2221         106519114319.3988      
    106519586685.2710         106538268177.7644         106560265223.1343      
    106579663766.7951     
Ar
    106564125981.6960         106564835131.0266         106578750813.0620      
    106596079898.6875         106607716802.2221         106519114319.3988      
    106519586685.2710         106538268177.7644         106560265223.1343      
    106579663766.7951     
CO2
    41467962180223.68         41468514164516.57         41474000639146.90      
    41480799913050.02         41485399659779.49         41450192302306.98      
    41450639626734.03         41458107716903.64         41466819571374.55      
    41474470674925.64     
H2O
    542258397205.6353         542508812927.6385         542573936962.5143      
    542625267401.1971         542634861745.0939         541989583818.8474      
    542216940344.4905         542417312290.1646         542540499444.1071      
    542606162272.1516     
N2
    106564125981.6960         106564835131.0266         106578750813.0620      
    106596079898.6875         106607716802.2221         106519114319.3988      
    106519586685.2710         106538268177.7644         106560265223.1343      
    106579663766.7951     
O1D
    175068753.3636681         175924156.0471510         176255213.5697290      
    176994763.9276720         177791029.7215913         174182844.0917902      
    174627987.2170060         175326265.4111395         176088502.3466984      
    176918951.2829329     
O
    10734970935.51147         10780694335.54391         12119079332.88171      
    12495397917.79166         12562168403.94179         10676542181.48498      
    11631246687.76749         12254492316.85371         12527362837.75652      
    12333274325.59955     
O2
    116690747659.4948         116734657497.5101         117991028827.4853      
    118358836217.8558         118433842532.1120         116589109036.6244      
    117475856888.3217         118074107899.2121         118350728677.2870      
    118191832621.0328     
O3
    707002599491.5148         707039308947.3383         705494807832.5426      
    706096962051.5765         707830536298.4445         704106082789.3152      
    704054223637.1791         704682333351.8599         705551657048.3285      
    708056009380.6566     
 Calculated grids per second:     291871.9071316624     
 time step    130.0000000000000     
M
    106564125981.6960         106564835131.0266         106578750813.0620      
    106596079898.6875         106607716802.2221         106519114319.3988      
    106519586685.2710         106538268177.7644         106560265223.1343      
    106579663766.7951     
Ar
    106564125981.6960         106564835131.0266         106578750813.0620      
    106596079898.6875         106607716802.2221         106519114319.3988      
    106519586685.2710         106538268177.7644         106560265223.1343      
    106579663766.7951     
CO2
    41467962180223.68         41468514164516.57         41474000639146.90      
    41480799913050.02         41485399659779.49         41450192302306.98      
    41450639626734.03         41458107716903.64         41466819571374.55      
    41474470674925.64     
H2O
    542258397205.6353         542508812927.6385         542573936962.5143      
    542625267401.1971         542634861745.0939         541989583818.8474      
    542216940344.4905         542417312290.1646         542540499444.1071      
    542606162272.1516     
N2
    106564125981.6960         106564835131.0266         106578750813.0620      
    106596079898.6875         106607716802.2221         106519114319.3988      
    106519586685.2710         106538268177.7644         106560265223.1343      
    106579663766.7951     
O1D
    175068753.3636681         175924156.0471510         176255213.5697290      
    176994763.9276720         177791029.7215913         174182844.0917902      
    174627987.2170060         175326265.4111395         176088502.3466984      
    176918951.2829329     
O
    10734970935.51147         10780694335.54391         12119079332.88171      
    12495397917.79166         12562168403.94179         10676542181.48498      
    11631246687.76749         12254492316.85371         12527362837.75652      
    12333274325.59955     
O2
    116690747659.4948         116734657497.5101         117991028827.4853      
    118358836217.8558         118433842532.1120         116589109036.6244      
    117475856888.3217         118074107899.2121         118350728677.2870      
    118191832621.0328     
O3
    707002599491.5148         707039308947.3383         705494807832.5426      
    706096962051.5765         707830536298.4445         704106082789.3152      
    704054223637.1791         704682333351.8599         705551657048.3285      
    708056009380.6566     
 Calculated grids per second:     292316.4922604581     
 time step    135.0000000000000     
M
    106564125981.6960         106564835131.0266         106578750813.0620      
    106596079898.6875         106607716802.2221         106519114319.3988      
    106519586685.2710         106538268177.7644         106560265223.1343      
    106579663766.7951     
Ar
    106564125981.6960         106564835131.0266         106578750813.0620      
    106596079898.6875         106607716802.2221         106519114319.3988      
    106519586685.2710         106538268177.7644         106560265223.1343      
    106579663766.7951     
CO2
    41467962180223.68         41468514164516.57         41474000639146.90      
    41480799913050.02         41485399659779.49         41450192302306.98      
    41450639626734.03         41458107716903.64         41466819571374.55      
    41474470674925.64     
H2O
    542258397205.6353         542508812927.6385         542573936962.5143      
    542625267401.1971         542634861745.0939         541989583818.8474      
    542216940344.4905         542417312290.1646         542540499444.1071      
    542606162272.1516     
N2
    106564125981.6960         106564835131.0266         106578750813.0620      
    106596079898.6875         106607716802.2221         106519114319.3988      
    106519586685.2710         106538268177.7644         106560265223.1343      
    106579663766.7951     
O1D
    175068753.3636681         175924156.0471510         176255213.5697290      
    176994763.9276720         177791029.7215913         174182844.0917902      
    174627987.2170060         175326265.4111395         176088502.3466984      
    176918951.2829329     
O
    10734970935.51147         10780694335.54391         12119079332.88171      
    12495397917.79166         12562168403.94179         10676542181.48498      
    11631246687.76749         12254492316.85371         12527362837.75652      
    12333274325.59955     
O2
    116690747659.4948         116734657497.5101         117991028827.4853      
    118358836217.8558         118433842532.1120         116589109036.6244      
    117475856888.3217         118074107899.2121         118350728677.2870      
    118191832621.0328     
O3
    707002599491.5148         707039308947.3383         705494807832.5426      
    706096962051.5765         707830536298.4445         704106082789.3152      
    704054223637.1791         704682333351.8599         705551657048.3285      
    708056009380.6566     
 Calculated grids per second:     293232.2484601818     
 time step    140.0000000000000     
M
    106564125981.6960         106564835131.0266         106578750813.0620      
    106596079898.6875         106607716802.2221         106519114319.3988      
    106519586685.2710         106538268177.7644         106560265223.1343      
    106579663766.7951     
Ar
    106564125981.6960         106564835131.0266         106578750813.0620      
    106596079898.6875         106607716802.2221         106519114319.3988      
    106519586685.2710         106538268177.7644         106560265223.1343      
    106579663766.7951     
CO2
    41467962180223.68         41468514164516.57         41474000639146.90      
    41480799913050.02         41485399659779.49         41450192302306.98      
    41450639626734.03         41458107716903.64         41466819571374.55      
    41474470674925.64     
H2O
    542258397205.6353         542508812927.6385         542573936962.5143      
    542625267401.1971         542634861745.0939         541989583818.8474      
    542216940344.4905         542417312290.1646         542540499444.1071      
    542606162272.1516     
N2
    106564125981.6960         106564835131.0266         106578750813.0620      
    106596079898.6875         106607716802.2221         106519114319.3988      
    106519586685.2710         106538268177.7644         106560265223.1343      
    106579663766.7951     
O1D
    175068753.3636681         175924156.0471510         176255213.5697290      
    176994763.9276720         177791029.7215913         174182844.0917902      
    174627987.2170060         175326265.4111395         176088502.3466984      
    176918951.2829329     
O
    10734970935.51147         10780694335.54391         12119079332.88171      
    12495397917.79166         12562168403.94179         10676542181.48498      
    11631246687.76749         12254492316.85371         12527362837.75652      
    12333274325.59955     
O2
    116690747659.4948         116734657497.5101         117991028827.4853      
    118358836217.8558         118433842532.1120         116589109036.6244      
    117475856888.3217         118074107899.2121         118350728677.2870      
    118191832621.0328     
O3
    707002599491.5148         707039308947.3383         705494807832.5426      
    706096962051.5765         707830536298.4445         704106082789.3152      
    704054223637.1791         704682333351.8599         705551657048.3285      
    708056009380.6566     
 Calculated grids per second:     293946.2456225033     
 time step    145.0000000000000     
M
    106564125981.6960         106564835131.0266         106578750813.0620      
    106596079898.6875         106607716802.2221         106519114319.3988      
    106519586685.2710         106538268177.7644         106560265223.1343      
    106579663766.7951     
Ar
    106564125981.6960         106564835131.0266         106578750813.0620      
    106596079898.6875         106607716802.2221         106519114319.3988      
    106519586685.2710         106538268177.7644         106560265223.1343      
    106579663766.7951     
CO2
    41467962180223.68         41468514164516.57         41474000639146.90      
    41480799913050.02         41485399659779.49         41450192302306.98      
    41450639626734.03         41458107716903.64         41466819571374.55      
    41474470674925.64     
H2O
    542258397205.6353         542508812927.6385         542573936962.5143      
    542625267401.1971         542634861745.0939         541989583818.8474      
    542216940344.4905         542417312290.1646         542540499444.1071      
    542606162272.1516     
N2
    106564125981.6960         106564835131.0266         106578750813.0620      
    106596079898.6875         106607716802.2221         106519114319.3988      
    106519586685.2710         106538268177.7644         106560265223.1343      
    106579663766.7951     
O1D
    175068753.3636681         175924156.0471510         176255213.5697290      
    176994763.9276720         177791029.7215913         174182844.0917902      
    174627987.2170060         175326265.4111395         176088502.3466984      
    176918951.2829329     
O
    10734970935.51147         10780694335.54391         12119079332.88171      
    12495397917.79166         12562168403.94179         10676542181.48498      
    11631246687.76749         12254492316.85371         12527362837.75652      
    12333274325.59955     
O2
    116690747659.4948         116734657497.5101         117991028827.4853      
    118358836217.8558         118433842532.1120         116589109036.6244      
    117475856888.3217         118074107899.2121         118350728677.2870      
    118191832621.0328     
O3
    707002599491.5148         707039308947.3383         705494807832.5426      
    706096962051.5765         707830536298.4445         704106082789.3152      
    704054223637.1791         704682333351.8599         705551657048.3285      
    708056009380.6566     
 Calculated grids per second:     293905.7837505367     
 NetCDF: Not a valid ID
 Successfully write MICM output to 
 ./test_output.nc                                                                                                                
 NetCDF: Not a valid ID
 Successfully write MICM output to 
 ./test_output.nc                                                                                                                
 NetCDF: Not a valid ID
 Successfully write MICM output to 
 ./test_output.nc                                                                                                                
 NetCDF: Not a valid ID
 Successfully write MICM output to 
 ./test_output.nc                                                                                                                
 NetCDF: Not a valid ID
 Successfully write MICM output to 
 ./test_output.nc                                                                                                                
 NetCDF: Not a valid ID
 Successfully write MICM output to 
 ./test_output.nc                                                                                                                
 NetCDF: Not a valid ID
 Successfully write MICM output to 
 ./test_output.nc                                                                                                                
 NetCDF: Not a valid ID
 Successfully write MICM output to 
 ./test_output.nc                                                                                                                
 NetCDF: Not a valid ID
 Successfully write MICM output to 
 ./test_output.nc                                                                                                                
 NetCDF: Not a valid ID
 Successfully write MICM output to 
 ./test_output.nc                                                                                                                
 NetCDF: Not a valid ID
 Successfully write MICM output to 
 ./test_output.nc                                                                                                                
 NetCDF: Not a valid ID
 Successfully write MICM output to 
 ./test_output.nc                                                                                                                
 NetCDF: Not a valid ID
 Successfully write MICM output to 
 ./test_output.nc                                                                                                                
 NetCDF: Not a valid ID
 Successfully write MICM output to 
 ./test_output.nc                                                                                                                
 NetCDF: Not a valid ID
 Successfully write MICM output to 
 ./test_output.nc                                                                                                                
 NetCDF: Not a valid ID
 Successfully write MICM output to 
 ./test_output.nc                                                                                                                
 NetCDF: Not a valid ID
 Successfully write MICM output to 
 ./test_output.nc                                                                                                                
 NetCDF: Not a valid ID
 Successfully write MICM output to 
 ./test_output.nc                                                                                                                
 NetCDF: Not a valid ID
 Successfully write MICM output to 
 ./test_output.nc                                                                                                                
 NetCDF: Not a valid ID
 Successfully write MICM output to 
 ./test_output.nc                                                                                                                
 NetCDF: Not a valid ID
 Successfully write MICM output to 
 ./test_output.nc                                                                                                                
 NetCDF: Not a valid ID
 Successfully write MICM output to 
 ./test_output.nc                                                                                                                
 NetCDF: Not a valid ID
 Successfully write MICM output to 
 ./test_output.nc                                                                                                                
 NetCDF: Not a valid ID
 Successfully write MICM output to 
 ./test_output.nc                                                                                                                
 NetCDF: Not a valid ID
 Successfully write MICM output to 
 ./test_output.nc                                                                                                                
 NetCDF: Not a valid ID
 Successfully write MICM output to 
 ./test_output.nc                                                                                                                
 NetCDF: Not a valid ID
 Successfully write MICM output to 
 ./test_output.nc                                                                                                                
 NetCDF: Not a valid ID
 Successfully write MICM output to 
 ./test_output.nc                                                                                                                
 NetCDF: Not a valid ID
 Successfully write MICM output to 
 ./test_output.nc                                                                                                                
 NetCDF: Not a valid ID
 Successfully write MICM output to 
 ./test_output.nc                                                                                                                
 NetCDF: Not a valid ID
 Successfully write MICM output to 
 ./test_output.nc                                                                                                                
 NetCDF: Not a valid ID
 Successfully write MICM output to 
 ./test_output.nc                                                                                                                
 time step    150.0000000000000     
M
    106564125981.6960         106564835131.0266         106578750813.0620      
    106596079898.6875         106607716802.2221         106519114319.3988      
    106519586685.2710         106538268177.7644         106560265223.1343      
    106579663766.7951     
Ar
    106564125981.6960         106564835131.0266         106578750813.0620      
    106596079898.6875         106607716802.2221         106519114319.3988      
    106519586685.2710         106538268177.7644         106560265223.1343      
    106579663766.7951     
CO2
    41467962180223.68         41468514164516.57         41474000639146.90      
    41480799913050.02         41485399659779.49         41450192302306.98      
    41450639626734.03         41458107716903.64         41466819571374.55      
    41474470674925.64     
H2O
    542258397205.6353         542508812927.6385         542573936962.5143      
    542625267401.1971         542634861745.0939         541989583818.8474      
    542216940344.4905         542417312290.1646         542540499444.1071      
    542606162272.1516     
N2
    106564125981.6960         106564835131.0266         106578750813.0620      
    106596079898.6875         106607716802.2221         106519114319.3988      
    106519586685.2710         106538268177.7644         106560265223.1343      
    106579663766.7951     
O1D
    175068753.3636681         175924156.0471510         176255213.5697290      
    176994763.9276720         177791029.7215913         174182844.0917902      
    174627987.2170060         175326265.4111395         176088502.3466984      
    176918951.2829329     
O
    10734970935.51147         10780694335.54391         12119079332.88171      
    12495397917.79166         12562168403.94179         10676542181.48498      
    11631246687.76749         12254492316.85371         12527362837.75652      
    12333274325.59955     
O2
    116690747659.4948         116734657497.5101         117991028827.4853      
    118358836217.8558         118433842532.1120         116589109036.6244      
    117475856888.3217         118074107899.2121         118350728677.2870      
    118191832621.0328     
O3
    707002599491.5148         707039308947.3383         705494807832.5426      
    706096962051.5765         707830536298.4445         704106082789.3152      
    704054223637.1791         704682333351.8599         705551657048.3285      
    708056009380.6566     
 Calculated grids per second:     297861.7771977977     
 NetCDF: Not a valid ID
 Successfully write MICM output to 
 ./test_output.nc                                                                                                                
 NetCDF: Not a valid ID
 Successfully write MICM output to 
 ./test_output.nc                                                                                                                
 NetCDF: Not a valid ID
 Successfully write MICM output to 
 ./test_output.nc                                                                                                                
 Successfully write MICM output to 
 ./test_output.nc                                                                                                                
<end of output>
Test time = 1195.08 sec
----------------------------------------------------------
Test Passed.
"test_performance" end time: Jan 30 17:37 MST
"test_performance" time elapsed: 00:19:55
----------------------------------------------------------

End testing: Jan 30 17:37 MST
