Start testing: Jan 31 09:34 MST
----------------------------------------------------------
1/2 Testing: test_stub
1/2 Test: test_stub
Command: "/glade/scratch/sunjian/temp/micm/build/test_stub"
Directory: /glade/scratch/sunjian/temp/micm/build/test
"test_stub" start time: Jan 31 09:34 MST
Output:
----------------------------------------------------------
<end of output>
Test time =   0.03 sec
----------------------------------------------------------
Test Passed.
"test_stub" end time: Jan 31 09:34 MST
"test_stub" time elapsed: 00:00:00
----------------------------------------------------------

2/2 Testing: test_performance
2/2 Test: test_performance
Command: "/glade/u/apps/dav/opt/openmpi/4.1.1/nvhpc/22.2/bin/mpirun" "-v" "-np" "2" "/glade/scratch/sunjian/temp/micm/build/set_device_rank.sh" "/glade/scratch/sunjian/temp/micm/build/test_performance"
Directory: /glade/scratch/sunjian/temp/micm/build/test/performance
"test_performance" start time: Jan 31 09:34 MST
Output:
----------------------------------------------------------
 NetCDF: Variable not found : M
 NetCDF: Variable not found : Ar
 NetCDF: Variable not found : M
 NetCDF: Variable not found : Ar
 NetCDF: Variable not found : N2
 NetCDF: Variable not found : N2
 NetCDF: Variable not found : O2
 NetCDF: Variable not found : O2
 Successfully read in the CAM output from 
 /glade/scratch/fvitt/archive/TS1_chem_output_t01/atm/hist/TS1_chem_output_t01.cam.h1.2010-01-06-00000.nc                                                                                                                                                        
 Successfully read in the CAM output from 
 /glade/scratch/fvitt/archive/TS1_chem_output_t01/atm/hist/TS1_chem_output_t01.cam.h1.2010-01-06-00000.nc                                                                                                                                                        
 time step    5.000000000000000     
M
    106564125981.6960         106564835131.0266         106578750813.0620      
    106596079898.6875         106607716802.2221         106519114319.3988      
    106519586685.2710         106538268177.7644         106560265223.1343      
    106579663766.7951     
Ar
    106564125981.6960         106564835131.0266         106578750813.0620      
    106596079898.6875         106607716802.2221         106519114319.3988      
    106519586685.2710         106538268177.7644         106560265223.1343      
    106579663766.7951     
CO2
    41467962180223.68         41468514164516.57         41474000639146.90      
    41480799913050.02         41485399659779.49         41450192302306.98      
    41450639626734.03         41458107716903.64         41466819571374.55      
    41474470674925.64     
H2O
    542258397205.6353         542508812927.6385         542573936962.5143      
    542625267401.1971         542634861745.0939         541989583818.8474      
    542216940344.4905         542417312290.1646         542540499444.1071      
    542606162272.1516     
N2
    106564125981.6960         106564835131.0266         106578750813.0620      
    106596079898.6875         106607716802.2221         106519114319.3988      
    106519586685.2710         106538268177.7644         106560265223.1343      
    106579663766.7951     
O1D
    175068753.3636682         175924156.0471511         176255213.5697290      
    176994763.9276721         177791029.7215914         174182844.0917902      
    174627987.2170058         175326265.4111397         176088502.3466985      
    176918951.2829330     
O
    10734970935.51147         10780694335.54392         12119079332.88170      
    12495397917.79165         12562168403.94179         10676542181.48497      
    11631246687.76747         12254492316.85372         12527362837.75653      
    12333274325.59955     
O2
    116690747659.4947         116734657497.5101         117991028827.4853      
    118358836217.8557         118433842532.1120         116589109036.6244      
    117475856888.3217         118074107899.2121         118350728677.2870      
    118191832621.0328     
O3
    707002599491.5149         707039308947.3383         705494807832.5422      
    706096962051.5763         707830536298.4448         704106082789.3148      
    704054223637.1788         704682333351.8600         705551657048.3285      
    708056009380.6565     
 Calculated grids per second:     1996020.356102967     
 time step    10.00000000000000     
M
    106564125981.6960         106564835131.0266         106578750813.0620      
    106596079898.6875         106607716802.2221         106519114319.3988      
    106519586685.2710         106538268177.7644         106560265223.1343      
    106579663766.7951     
Ar
    106564125981.6960         106564835131.0266         106578750813.0620      
    106596079898.6875         106607716802.2221         106519114319.3988      
    106519586685.2710         106538268177.7644         106560265223.1343      
    106579663766.7951     
CO2
    41467962180223.68         41468514164516.57         41474000639146.90      
    41480799913050.02         41485399659779.49         41450192302306.98      
    41450639626734.03         41458107716903.64         41466819571374.55      
    41474470674925.64     
H2O
    542258397205.6353         542508812927.6385         542573936962.5143      
    542625267401.1971         542634861745.0939         541989583818.8474      
    542216940344.4905         542417312290.1646         542540499444.1071      
    542606162272.1516     
N2
    106564125981.6960         106564835131.0266         106578750813.0620      
    106596079898.6875         106607716802.2221         106519114319.3988      
    106519586685.2710         106538268177.7644         106560265223.1343      
    106579663766.7951     
O1D
    175068753.3636682         175924156.0471511         176255213.5697290      
    176994763.9276721         177791029.7215914         174182844.0917902      
    174627987.2170058         175326265.4111397         176088502.3466985      
    176918951.2829330     
O
    10734970935.51147         10780694335.54392         12119079332.88170      
    12495397917.79165         12562168403.94179         10676542181.48497      
    11631246687.76747         12254492316.85372         12527362837.75653      
    12333274325.59955     
O2
    116690747659.4947         116734657497.5101         117991028827.4853      
    118358836217.8557         118433842532.1120         116589109036.6244      
    117475856888.3217         118074107899.2121         118350728677.2870      
    118191832621.0328     
O3
    707002599491.5149         707039308947.3383         705494807832.5422      
    706096962051.5763         707830536298.4448         704106082789.3148      
    704054223637.1788         704682333351.8600         705551657048.3285      
    708056009380.6565     
 Calculated grids per second:     2379181.200540097     
 time step    15.00000000000000     
M
    106564125981.6960         106564835131.0266         106578750813.0620      
    106596079898.6875         106607716802.2221         106519114319.3988      
    106519586685.2710         106538268177.7644         106560265223.1343      
    106579663766.7951     
Ar
    106564125981.6960         106564835131.0266         106578750813.0620      
    106596079898.6875         106607716802.2221         106519114319.3988      
    106519586685.2710         106538268177.7644         106560265223.1343      
    106579663766.7951     
CO2
    41467962180223.68         41468514164516.57         41474000639146.90      
    41480799913050.02         41485399659779.49         41450192302306.98      
    41450639626734.03         41458107716903.64         41466819571374.55      
    41474470674925.64     
H2O
    542258397205.6353         542508812927.6385         542573936962.5143      
    542625267401.1971         542634861745.0939         541989583818.8474      
    542216940344.4905         542417312290.1646         542540499444.1071      
    542606162272.1516     
N2
    106564125981.6960         106564835131.0266         106578750813.0620      
    106596079898.6875         106607716802.2221         106519114319.3988      
    106519586685.2710         106538268177.7644         106560265223.1343      
    106579663766.7951     
O1D
    175068753.3636682         175924156.0471511         176255213.5697290      
    176994763.9276721         177791029.7215914         174182844.0917902      
    174627987.2170058         175326265.4111397         176088502.3466985      
    176918951.2829330     
O
    10734970935.51147         10780694335.54392         12119079332.88170      
    12495397917.79165         12562168403.94179         10676542181.48497      
    11631246687.76747         12254492316.85372         12527362837.75653      
    12333274325.59955     
O2
    116690747659.4947         116734657497.5101         117991028827.4853      
    118358836217.8557         118433842532.1120         116589109036.6244      
    117475856888.3217         118074107899.2121         118350728677.2870      
    118191832621.0328     
O3
    707002599491.5149         707039308947.3383         705494807832.5422      
    706096962051.5763         707830536298.4448         704106082789.3148      
    704054223637.1788         704682333351.8600         705551657048.3285      
    708056009380.6565     
 Calculated grids per second:     2391041.068878652     
 time step    20.00000000000000     
M
    106564125981.6960         106564835131.0266         106578750813.0620      
    106596079898.6875         106607716802.2221         106519114319.3988      
    106519586685.2710         106538268177.7644         106560265223.1343      
    106579663766.7951     
Ar
    106564125981.6960         106564835131.0266         106578750813.0620      
    106596079898.6875         106607716802.2221         106519114319.3988      
    106519586685.2710         106538268177.7644         106560265223.1343      
    106579663766.7951     
CO2
    41467962180223.68         41468514164516.57         41474000639146.90      
    41480799913050.02         41485399659779.49         41450192302306.98      
    41450639626734.03         41458107716903.64         41466819571374.55      
    41474470674925.64     
H2O
    542258397205.6353         542508812927.6385         542573936962.5143      
    542625267401.1971         542634861745.0939         541989583818.8474      
    542216940344.4905         542417312290.1646         542540499444.1071      
    542606162272.1516     
N2
    106564125981.6960         106564835131.0266         106578750813.0620      
    106596079898.6875         106607716802.2221         106519114319.3988      
    106519586685.2710         106538268177.7644         106560265223.1343      
    106579663766.7951     
O1D
    175068753.3636682         175924156.0471511         176255213.5697290      
    176994763.9276721         177791029.7215914         174182844.0917902      
    174627987.2170058         175326265.4111397         176088502.3466985      
    176918951.2829330     
O
    10734970935.51147         10780694335.54392         12119079332.88170      
    12495397917.79165         12562168403.94179         10676542181.48497      
    11631246687.76747         12254492316.85372         12527362837.75653      
    12333274325.59955     
O2
    116690747659.4947         116734657497.5101         117991028827.4853      
    118358836217.8557         118433842532.1120         116589109036.6244      
    117475856888.3217         118074107899.2121         118350728677.2870      
    118191832621.0328     
O3
    707002599491.5149         707039308947.3383         705494807832.5422      
    706096962051.5763         707830536298.4448         704106082789.3148      
    704054223637.1788         704682333351.8600         705551657048.3285      
    708056009380.6565     
 Calculated grids per second:     2394690.546475889     
 time step    25.00000000000000     
M
    106564125981.6960         106564835131.0266         106578750813.0620      
    106596079898.6875         106607716802.2221         106519114319.3988      
    106519586685.2710         106538268177.7644         106560265223.1343      
    106579663766.7951     
Ar
    106564125981.6960         106564835131.0266         106578750813.0620      
    106596079898.6875         106607716802.2221         106519114319.3988      
    106519586685.2710         106538268177.7644         106560265223.1343      
    106579663766.7951     
CO2
    41467962180223.68         41468514164516.57         41474000639146.90      
    41480799913050.02         41485399659779.49         41450192302306.98      
    41450639626734.03         41458107716903.64         41466819571374.55      
    41474470674925.64     
H2O
    542258397205.6353         542508812927.6385         542573936962.5143      
    542625267401.1971         542634861745.0939         541989583818.8474      
    542216940344.4905         542417312290.1646         542540499444.1071      
    542606162272.1516     
N2
    106564125981.6960         106564835131.0266         106578750813.0620      
    106596079898.6875         106607716802.2221         106519114319.3988      
    106519586685.2710         106538268177.7644         106560265223.1343      
    106579663766.7951     
O1D
    175068753.3636682         175924156.0471511         176255213.5697290      
    176994763.9276721         177791029.7215914         174182844.0917902      
    174627987.2170058         175326265.4111397         176088502.3466985      
    176918951.2829330     
O
    10734970935.51147         10780694335.54392         12119079332.88170      
    12495397917.79165         12562168403.94179         10676542181.48497      
    11631246687.76747         12254492316.85372         12527362837.75653      
    12333274325.59955     
O2
    116690747659.4947         116734657497.5101         117991028827.4853      
    118358836217.8557         118433842532.1120         116589109036.6244      
    117475856888.3217         118074107899.2121         118350728677.2870      
    118191832621.0328     
O3
    707002599491.5149         707039308947.3383         705494807832.5422      
    706096962051.5763         707830536298.4448         704106082789.3148      
    704054223637.1788         704682333351.8600         705551657048.3285      
    708056009380.6565     
 Calculated grids per second:     2395532.746029299     
 time step    30.00000000000000     
M
    106564125981.6960         106564835131.0266         106578750813.0620      
    106596079898.6875         106607716802.2221         106519114319.3988      
    106519586685.2710         106538268177.7644         106560265223.1343      
    106579663766.7951     
Ar
    106564125981.6960         106564835131.0266         106578750813.0620      
    106596079898.6875         106607716802.2221         106519114319.3988      
    106519586685.2710         106538268177.7644         106560265223.1343      
    106579663766.7951     
CO2
    41467962180223.68         41468514164516.57         41474000639146.90      
    41480799913050.02         41485399659779.49         41450192302306.98      
    41450639626734.03         41458107716903.64         41466819571374.55      
    41474470674925.64     
H2O
    542258397205.6353         542508812927.6385         542573936962.5143      
    542625267401.1971         542634861745.0939         541989583818.8474      
    542216940344.4905         542417312290.1646         542540499444.1071      
    542606162272.1516     
N2
    106564125981.6960         106564835131.0266         106578750813.0620      
    106596079898.6875         106607716802.2221         106519114319.3988      
    106519586685.2710         106538268177.7644         106560265223.1343      
    106579663766.7951     
O1D
    175068753.3636682         175924156.0471511         176255213.5697290      
    176994763.9276721         177791029.7215914         174182844.0917902      
    174627987.2170058         175326265.4111397         176088502.3466985      
    176918951.2829330     
O
    10734970935.51147         10780694335.54392         12119079332.88170      
    12495397917.79165         12562168403.94179         10676542181.48497      
    11631246687.76747         12254492316.85372         12527362837.75653      
    12333274325.59955     
O2
    116690747659.4947         116734657497.5101         117991028827.4853      
    118358836217.8557         118433842532.1120         116589109036.6244      
    117475856888.3217         118074107899.2121         118350728677.2870      
    118191832621.0328     
O3
    707002599491.5149         707039308947.3383         705494807832.5422      
    706096962051.5763         707830536298.4448         704106082789.3148      
    704054223637.1788         704682333351.8600         705551657048.3285      
    708056009380.6565     
 Calculated grids per second:     2396084.020963958     
 time step    35.00000000000000     
M
    106564125981.6960         106564835131.0266         106578750813.0620      
    106596079898.6875         106607716802.2221         106519114319.3988      
    106519586685.2710         106538268177.7644         106560265223.1343      
    106579663766.7951     
Ar
    106564125981.6960         106564835131.0266         106578750813.0620      
    106596079898.6875         106607716802.2221         106519114319.3988      
    106519586685.2710         106538268177.7644         106560265223.1343      
    106579663766.7951     
CO2
    41467962180223.68         41468514164516.57         41474000639146.90      
    41480799913050.02         41485399659779.49         41450192302306.98      
    41450639626734.03         41458107716903.64         41466819571374.55      
    41474470674925.64     
H2O
    542258397205.6353         542508812927.6385         542573936962.5143      
    542625267401.1971         542634861745.0939         541989583818.8474      
    542216940344.4905         542417312290.1646         542540499444.1071      
    542606162272.1516     
N2
    106564125981.6960         106564835131.0266         106578750813.0620      
    106596079898.6875         106607716802.2221         106519114319.3988      
    106519586685.2710         106538268177.7644         106560265223.1343      
    106579663766.7951     
O1D
    175068753.3636682         175924156.0471511         176255213.5697290      
    176994763.9276721         177791029.7215914         174182844.0917902      
    174627987.2170058         175326265.4111397         176088502.3466985      
    176918951.2829330     
O
    10734970935.51147         10780694335.54392         12119079332.88170      
    12495397917.79165         12562168403.94179         10676542181.48497      
    11631246687.76747         12254492316.85372         12527362837.75653      
    12333274325.59955     
O2
    116690747659.4947         116734657497.5101         117991028827.4853      
    118358836217.8557         118433842532.1120         116589109036.6244      
    117475856888.3217         118074107899.2121         118350728677.2870      
    118191832621.0328     
O3
    707002599491.5149         707039308947.3383         705494807832.5422      
    706096962051.5763         707830536298.4448         704106082789.3148      
    704054223637.1788         704682333351.8600         705551657048.3285      
    708056009380.6565     
 Calculated grids per second:     2397408.488304753     
 time step    40.00000000000000     
M
    106564125981.6960         106564835131.0266         106578750813.0620      
    106596079898.6875         106607716802.2221         106519114319.3988      
    106519586685.2710         106538268177.7644         106560265223.1343      
    106579663766.7951     
Ar
    106564125981.6960         106564835131.0266         106578750813.0620      
    106596079898.6875         106607716802.2221         106519114319.3988      
    106519586685.2710         106538268177.7644         106560265223.1343      
    106579663766.7951     
CO2
    41467962180223.68         41468514164516.57         41474000639146.90      
    41480799913050.02         41485399659779.49         41450192302306.98      
    41450639626734.03         41458107716903.64         41466819571374.55      
    41474470674925.64     
H2O
    542258397205.6353         542508812927.6385         542573936962.5143      
    542625267401.1971         542634861745.0939         541989583818.8474      
    542216940344.4905         542417312290.1646         542540499444.1071      
    542606162272.1516     
N2
    106564125981.6960         106564835131.0266         106578750813.0620      
    106596079898.6875         106607716802.2221         106519114319.3988      
    106519586685.2710         106538268177.7644         106560265223.1343      
    106579663766.7951     
O1D
    175068753.3636682         175924156.0471511         176255213.5697290      
    176994763.9276721         177791029.7215914         174182844.0917902      
    174627987.2170058         175326265.4111397         176088502.3466985      
    176918951.2829330     
O
    10734970935.51147         10780694335.54392         12119079332.88170      
    12495397917.79165         12562168403.94179         10676542181.48497      
    11631246687.76747         12254492316.85372         12527362837.75653      
    12333274325.59955     
O2
    116690747659.4947         116734657497.5101         117991028827.4853      
    118358836217.8557         118433842532.1120         116589109036.6244      
    117475856888.3217         118074107899.2121         118350728677.2870      
    118191832621.0328     
O3
    707002599491.5149         707039308947.3383         705494807832.5422      
    706096962051.5763         707830536298.4448         704106082789.3148      
    704054223637.1788         704682333351.8600         705551657048.3285      
    708056009380.6565     
 Calculated grids per second:     2379856.835883749     
 time step    45.00000000000000     
M
    106564125981.6960         106564835131.0266         106578750813.0620      
    106596079898.6875         106607716802.2221         106519114319.3988      
    106519586685.2710         106538268177.7644         106560265223.1343      
    106579663766.7951     
Ar
    106564125981.6960         106564835131.0266         106578750813.0620      
    106596079898.6875         106607716802.2221         106519114319.3988      
    106519586685.2710         106538268177.7644         106560265223.1343      
    106579663766.7951     
CO2
    41467962180223.68         41468514164516.57         41474000639146.90      
    41480799913050.02         41485399659779.49         41450192302306.98      
    41450639626734.03         41458107716903.64         41466819571374.55      
    41474470674925.64     
H2O
    542258397205.6353         542508812927.6385         542573936962.5143      
    542625267401.1971         542634861745.0939         541989583818.8474      
    542216940344.4905         542417312290.1646         542540499444.1071      
    542606162272.1516     
N2
    106564125981.6960         106564835131.0266         106578750813.0620      
    106596079898.6875         106607716802.2221         106519114319.3988      
    106519586685.2710         106538268177.7644         106560265223.1343      
    106579663766.7951     
O1D
    175068753.3636682         175924156.0471511         176255213.5697290      
    176994763.9276721         177791029.7215914         174182844.0917902      
    174627987.2170058         175326265.4111397         176088502.3466985      
    176918951.2829330     
O
    10734970935.51147         10780694335.54392         12119079332.88170      
    12495397917.79165         12562168403.94179         10676542181.48497      
    11631246687.76747         12254492316.85372         12527362837.75653      
    12333274325.59955     
O2
    116690747659.4947         116734657497.5101         117991028827.4853      
    118358836217.8557         118433842532.1120         116589109036.6244      
    117475856888.3217         118074107899.2121         118350728677.2870      
    118191832621.0328     
O3
    707002599491.5149         707039308947.3383         705494807832.5422      
    706096962051.5763         707830536298.4448         704106082789.3148      
    704054223637.1788         704682333351.8600         705551657048.3285      
    708056009380.6565     
 Calculated grids per second:     2392289.636906710     
 time step    50.00000000000000     
M
    106564125981.6960         106564835131.0266         106578750813.0620      
    106596079898.6875         106607716802.2221         106519114319.3988      
    106519586685.2710         106538268177.7644         106560265223.1343      
    106579663766.7951     
Ar
    106564125981.6960         106564835131.0266         106578750813.0620      
    106596079898.6875         106607716802.2221         106519114319.3988      
    106519586685.2710         106538268177.7644         106560265223.1343      
    106579663766.7951     
CO2
    41467962180223.68         41468514164516.57         41474000639146.90      
    41480799913050.02         41485399659779.49         41450192302306.98      
    41450639626734.03         41458107716903.64         41466819571374.55      
    41474470674925.64     
H2O
    542258397205.6353         542508812927.6385         542573936962.5143      
    542625267401.1971         542634861745.0939         541989583818.8474      
    542216940344.4905         542417312290.1646         542540499444.1071      
    542606162272.1516     
N2
    106564125981.6960         106564835131.0266         106578750813.0620      
    106596079898.6875         106607716802.2221         106519114319.3988      
    106519586685.2710         106538268177.7644         106560265223.1343      
    106579663766.7951     
O1D
    175068753.3636682         175924156.0471511         176255213.5697290      
    176994763.9276721         177791029.7215914         174182844.0917902      
    174627987.2170058         175326265.4111397         176088502.3466985      
    176918951.2829330     
O
    10734970935.51147         10780694335.54392         12119079332.88170      
    12495397917.79165         12562168403.94179         10676542181.48497      
    11631246687.76747         12254492316.85372         12527362837.75653      
    12333274325.59955     
O2
    116690747659.4947         116734657497.5101         117991028827.4853      
    118358836217.8557         118433842532.1120         116589109036.6244      
    117475856888.3217         118074107899.2121         118350728677.2870      
    118191832621.0328     
O3
    707002599491.5149         707039308947.3383         705494807832.5422      
    706096962051.5763         707830536298.4448         704106082789.3148      
    704054223637.1788         704682333351.8600         705551657048.3285      
    708056009380.6565     
 Calculated grids per second:     2388640.087747891     
 time step    55.00000000000000     
M
    106564125981.6960         106564835131.0266         106578750813.0620      
    106596079898.6875         106607716802.2221         106519114319.3988      
    106519586685.2710         106538268177.7644         106560265223.1343      
    106579663766.7951     
Ar
    106564125981.6960         106564835131.0266         106578750813.0620      
    106596079898.6875         106607716802.2221         106519114319.3988      
    106519586685.2710         106538268177.7644         106560265223.1343      
    106579663766.7951     
CO2
    41467962180223.68         41468514164516.57         41474000639146.90      
    41480799913050.02         41485399659779.49         41450192302306.98      
    41450639626734.03         41458107716903.64         41466819571374.55      
    41474470674925.64     
H2O
    542258397205.6353         542508812927.6385         542573936962.5143      
    542625267401.1971         542634861745.0939         541989583818.8474      
    542216940344.4905         542417312290.1646         542540499444.1071      
    542606162272.1516     
N2
    106564125981.6960         106564835131.0266         106578750813.0620      
    106596079898.6875         106607716802.2221         106519114319.3988      
    106519586685.2710         106538268177.7644         106560265223.1343      
    106579663766.7951     
O1D
    175068753.3636682         175924156.0471511         176255213.5697290      
    176994763.9276721         177791029.7215914         174182844.0917902      
    174627987.2170058         175326265.4111397         176088502.3466985      
    176918951.2829330     
O
    10734970935.51147         10780694335.54392         12119079332.88170      
    12495397917.79165         12562168403.94179         10676542181.48497      
    11631246687.76747         12254492316.85372         12527362837.75653      
    12333274325.59955     
O2
    116690747659.4947         116734657497.5101         117991028827.4853      
    118358836217.8557         118433842532.1120         116589109036.6244      
    117475856888.3217         118074107899.2121         118350728677.2870      
    118191832621.0328     
O3
    707002599491.5149         707039308947.3383         705494807832.5422      
    706096962051.5763         707830536298.4448         704106082789.3148      
    704054223637.1788         704682333351.8600         705551657048.3285      
    708056009380.6565     
 Calculated grids per second:     2395454.808429549     
 time step    60.00000000000000     
M
    106564125981.6960         106564835131.0266         106578750813.0620      
    106596079898.6875         106607716802.2221         106519114319.3988      
    106519586685.2710         106538268177.7644         106560265223.1343      
    106579663766.7951     
Ar
    106564125981.6960         106564835131.0266         106578750813.0620      
    106596079898.6875         106607716802.2221         106519114319.3988      
    106519586685.2710         106538268177.7644         106560265223.1343      
    106579663766.7951     
CO2
    41467962180223.68         41468514164516.57         41474000639146.90      
    41480799913050.02         41485399659779.49         41450192302306.98      
    41450639626734.03         41458107716903.64         41466819571374.55      
    41474470674925.64     
H2O
    542258397205.6353         542508812927.6385         542573936962.5143      
    542625267401.1971         542634861745.0939         541989583818.8474      
    542216940344.4905         542417312290.1646         542540499444.1071      
    542606162272.1516     
N2
    106564125981.6960         106564835131.0266         106578750813.0620      
    106596079898.6875         106607716802.2221         106519114319.3988      
    106519586685.2710         106538268177.7644         106560265223.1343      
    106579663766.7951     
O1D
    175068753.3636682         175924156.0471511         176255213.5697290      
    176994763.9276721         177791029.7215914         174182844.0917902      
    174627987.2170058         175326265.4111397         176088502.3466985      
    176918951.2829330     
O
    10734970935.51147         10780694335.54392         12119079332.88170      
    12495397917.79165         12562168403.94179         10676542181.48497      
    11631246687.76747         12254492316.85372         12527362837.75653      
    12333274325.59955     
O2
    116690747659.4947         116734657497.5101         117991028827.4853      
    118358836217.8557         118433842532.1120         116589109036.6244      
    117475856888.3217         118074107899.2121         118350728677.2870      
    118191832621.0328     
O3
    707002599491.5149         707039308947.3383         705494807832.5422      
    706096962051.5763         707830536298.4448         704106082789.3148      
    704054223637.1788         704682333351.8600         705551657048.3285      
    708056009380.6565     
 Calculated grids per second:     2393758.139969811     
 time step    65.00000000000000     
M
    106564125981.6960         106564835131.0266         106578750813.0620      
    106596079898.6875         106607716802.2221         106519114319.3988      
    106519586685.2710         106538268177.7644         106560265223.1343      
    106579663766.7951     
Ar
    106564125981.6960         106564835131.0266         106578750813.0620      
    106596079898.6875         106607716802.2221         106519114319.3988      
    106519586685.2710         106538268177.7644         106560265223.1343      
    106579663766.7951     
CO2
    41467962180223.68         41468514164516.57         41474000639146.90      
    41480799913050.02         41485399659779.49         41450192302306.98      
    41450639626734.03         41458107716903.64         41466819571374.55      
    41474470674925.64     
H2O
    542258397205.6353         542508812927.6385         542573936962.5143      
    542625267401.1971         542634861745.0939         541989583818.8474      
    542216940344.4905         542417312290.1646         542540499444.1071      
    542606162272.1516     
N2
    106564125981.6960         106564835131.0266         106578750813.0620      
    106596079898.6875         106607716802.2221         106519114319.3988      
    106519586685.2710         106538268177.7644         106560265223.1343      
    106579663766.7951     
O1D
    175068753.3636682         175924156.0471511         176255213.5697290      
    176994763.9276721         177791029.7215914         174182844.0917902      
    174627987.2170058         175326265.4111397         176088502.3466985      
    176918951.2829330     
O
    10734970935.51147         10780694335.54392         12119079332.88170      
    12495397917.79165         12562168403.94179         10676542181.48497      
    11631246687.76747         12254492316.85372         12527362837.75653      
    12333274325.59955     
O2
    116690747659.4947         116734657497.5101         117991028827.4853      
    118358836217.8557         118433842532.1120         116589109036.6244      
    117475856888.3217         118074107899.2121         118350728677.2870      
    118191832621.0328     
O3
    707002599491.5149         707039308947.3383         705494807832.5422      
    706096962051.5763         707830536298.4448         704106082789.3148      
    704054223637.1788         704682333351.8600         705551657048.3285      
    708056009380.6565     
 Calculated grids per second:     2396529.681049261     
 time step    70.00000000000000     
M
    106564125981.6960         106564835131.0266         106578750813.0620      
    106596079898.6875         106607716802.2221         106519114319.3988      
    106519586685.2710         106538268177.7644         106560265223.1343      
    106579663766.7951     
Ar
    106564125981.6960         106564835131.0266         106578750813.0620      
    106596079898.6875         106607716802.2221         106519114319.3988      
    106519586685.2710         106538268177.7644         106560265223.1343      
    106579663766.7951     
CO2
    41467962180223.68         41468514164516.57         41474000639146.90      
    41480799913050.02         41485399659779.49         41450192302306.98      
    41450639626734.03         41458107716903.64         41466819571374.55      
    41474470674925.64     
H2O
    542258397205.6353         542508812927.6385         542573936962.5143      
    542625267401.1971         542634861745.0939         541989583818.8474      
    542216940344.4905         542417312290.1646         542540499444.1071      
    542606162272.1516     
N2
    106564125981.6960         106564835131.0266         106578750813.0620      
    106596079898.6875         106607716802.2221         106519114319.3988      
    106519586685.2710         106538268177.7644         106560265223.1343      
    106579663766.7951     
O1D
    175068753.3636682         175924156.0471511         176255213.5697290      
    176994763.9276721         177791029.7215914         174182844.0917902      
    174627987.2170058         175326265.4111397         176088502.3466985      
    176918951.2829330     
O
    10734970935.51147         10780694335.54392         12119079332.88170      
    12495397917.79165         12562168403.94179         10676542181.48497      
    11631246687.76747         12254492316.85372         12527362837.75653      
    12333274325.59955     
O2
    116690747659.4947         116734657497.5101         117991028827.4853      
    118358836217.8557         118433842532.1120         116589109036.6244      
    117475856888.3217         118074107899.2121         118350728677.2870      
    118191832621.0328     
O3
    707002599491.5149         707039308947.3383         705494807832.5422      
    706096962051.5763         707830536298.4448         704106082789.3148      
    704054223637.1788         704682333351.8600         705551657048.3285      
    708056009380.6565     
 Calculated grids per second:     2395501.199247043     
 time step    75.00000000000000     
M
    106564125981.6960         106564835131.0266         106578750813.0620      
    106596079898.6875         106607716802.2221         106519114319.3988      
    106519586685.2710         106538268177.7644         106560265223.1343      
    106579663766.7951     
Ar
    106564125981.6960         106564835131.0266         106578750813.0620      
    106596079898.6875         106607716802.2221         106519114319.3988      
    106519586685.2710         106538268177.7644         106560265223.1343      
    106579663766.7951     
CO2
    41467962180223.68         41468514164516.57         41474000639146.90      
    41480799913050.02         41485399659779.49         41450192302306.98      
    41450639626734.03         41458107716903.64         41466819571374.55      
    41474470674925.64     
H2O
    542258397205.6353         542508812927.6385         542573936962.5143      
    542625267401.1971         542634861745.0939         541989583818.8474      
    542216940344.4905         542417312290.1646         542540499444.1071      
    542606162272.1516     
N2
    106564125981.6960         106564835131.0266         106578750813.0620      
    106596079898.6875         106607716802.2221         106519114319.3988      
    106519586685.2710         106538268177.7644         106560265223.1343      
    106579663766.7951     
O1D
    175068753.3636682         175924156.0471511         176255213.5697290      
    176994763.9276721         177791029.7215914         174182844.0917902      
    174627987.2170058         175326265.4111397         176088502.3466985      
    176918951.2829330     
O
    10734970935.51147         10780694335.54392         12119079332.88170      
    12495397917.79165         12562168403.94179         10676542181.48497      
    11631246687.76747         12254492316.85372         12527362837.75653      
    12333274325.59955     
O2
    116690747659.4947         116734657497.5101         117991028827.4853      
    118358836217.8557         118433842532.1120         116589109036.6244      
    117475856888.3217         118074107899.2121         118350728677.2870      
    118191832621.0328     
O3
    707002599491.5149         707039308947.3383         705494807832.5422      
    706096962051.5763         707830536298.4448         704106082789.3148      
    704054223637.1788         704682333351.8600         705551657048.3285      
    708056009380.6565     
 Calculated grids per second:     2393254.238469742     
 time step    80.00000000000000     
M
    106564125981.6960         106564835131.0266         106578750813.0620      
    106596079898.6875         106607716802.2221         106519114319.3988      
    106519586685.2710         106538268177.7644         106560265223.1343      
    106579663766.7951     
Ar
    106564125981.6960         106564835131.0266         106578750813.0620      
    106596079898.6875         106607716802.2221         106519114319.3988      
    106519586685.2710         106538268177.7644         106560265223.1343      
    106579663766.7951     
CO2
    41467962180223.68         41468514164516.57         41474000639146.90      
    41480799913050.02         41485399659779.49         41450192302306.98      
    41450639626734.03         41458107716903.64         41466819571374.55      
    41474470674925.64     
H2O
    542258397205.6353         542508812927.6385         542573936962.5143      
    542625267401.1971         542634861745.0939         541989583818.8474      
    542216940344.4905         542417312290.1646         542540499444.1071      
    542606162272.1516     
N2
    106564125981.6960         106564835131.0266         106578750813.0620      
    106596079898.6875         106607716802.2221         106519114319.3988      
    106519586685.2710         106538268177.7644         106560265223.1343      
    106579663766.7951     
O1D
    175068753.3636682         175924156.0471511         176255213.5697290      
    176994763.9276721         177791029.7215914         174182844.0917902      
    174627987.2170058         175326265.4111397         176088502.3466985      
    176918951.2829330     
O
    10734970935.51147         10780694335.54392         12119079332.88170      
    12495397917.79165         12562168403.94179         10676542181.48497      
    11631246687.76747         12254492316.85372         12527362837.75653      
    12333274325.59955     
O2
    116690747659.4947         116734657497.5101         117991028827.4853      
    118358836217.8557         118433842532.1120         116589109036.6244      
    117475856888.3217         118074107899.2121         118350728677.2870      
    118191832621.0328     
O3
    707002599491.5149         707039308947.3383         705494807832.5422      
    706096962051.5763         707830536298.4448         704106082789.3148      
    704054223637.1788         704682333351.8600         705551657048.3285      
    708056009380.6565     
 Calculated grids per second:     2381935.582432514     
 time step    85.00000000000000     
M
    106564125981.6960         106564835131.0266         106578750813.0620      
    106596079898.6875         106607716802.2221         106519114319.3988      
    106519586685.2710         106538268177.7644         106560265223.1343      
    106579663766.7951     
Ar
    106564125981.6960         106564835131.0266         106578750813.0620      
    106596079898.6875         106607716802.2221         106519114319.3988      
    106519586685.2710         106538268177.7644         106560265223.1343      
    106579663766.7951     
CO2
    41467962180223.68         41468514164516.57         41474000639146.90      
    41480799913050.02         41485399659779.49         41450192302306.98      
    41450639626734.03         41458107716903.64         41466819571374.55      
    41474470674925.64     
H2O
    542258397205.6353         542508812927.6385         542573936962.5143      
    542625267401.1971         542634861745.0939         541989583818.8474      
    542216940344.4905         542417312290.1646         542540499444.1071      
    542606162272.1516     
N2
    106564125981.6960         106564835131.0266         106578750813.0620      
    106596079898.6875         106607716802.2221         106519114319.3988      
    106519586685.2710         106538268177.7644         106560265223.1343      
    106579663766.7951     
O1D
    175068753.3636682         175924156.0471511         176255213.5697290      
    176994763.9276721         177791029.7215914         174182844.0917902      
    174627987.2170058         175326265.4111397         176088502.3466985      
    176918951.2829330     
O
    10734970935.51147         10780694335.54392         12119079332.88170      
    12495397917.79165         12562168403.94179         10676542181.48497      
    11631246687.76747         12254492316.85372         12527362837.75653      
    12333274325.59955     
O2
    116690747659.4947         116734657497.5101         117991028827.4853      
    118358836217.8557         118433842532.1120         116589109036.6244      
    117475856888.3217         118074107899.2121         118350728677.2870      
    118191832621.0328     
O3
    707002599491.5149         707039308947.3383         705494807832.5422      
    706096962051.5763         707830536298.4448         704106082789.3148      
    704054223637.1788         704682333351.8600         705551657048.3285      
    708056009380.6565     
 Calculated grids per second:     2392695.008077845     
 time step    90.00000000000000     
M
    106564125981.6960         106564835131.0266         106578750813.0620      
    106596079898.6875         106607716802.2221         106519114319.3988      
    106519586685.2710         106538268177.7644         106560265223.1343      
    106579663766.7951     
Ar
    106564125981.6960         106564835131.0266         106578750813.0620      
    106596079898.6875         106607716802.2221         106519114319.3988      
    106519586685.2710         106538268177.7644         106560265223.1343      
    106579663766.7951     
CO2
    41467962180223.68         41468514164516.57         41474000639146.90      
    41480799913050.02         41485399659779.49         41450192302306.98      
    41450639626734.03         41458107716903.64         41466819571374.55      
    41474470674925.64     
H2O
    542258397205.6353         542508812927.6385         542573936962.5143      
    542625267401.1971         542634861745.0939         541989583818.8474      
    542216940344.4905         542417312290.1646         542540499444.1071      
    542606162272.1516     
N2
    106564125981.6960         106564835131.0266         106578750813.0620      
    106596079898.6875         106607716802.2221         106519114319.3988      
    106519586685.2710         106538268177.7644         106560265223.1343      
    106579663766.7951     
O1D
    175068753.3636682         175924156.0471511         176255213.5697290      
    176994763.9276721         177791029.7215914         174182844.0917902      
    174627987.2170058         175326265.4111397         176088502.3466985      
    176918951.2829330     
O
    10734970935.51147         10780694335.54392         12119079332.88170      
    12495397917.79165         12562168403.94179         10676542181.48497      
    11631246687.76747         12254492316.85372         12527362837.75653      
    12333274325.59955     
O2
    116690747659.4947         116734657497.5101         117991028827.4853      
    118358836217.8557         118433842532.1120         116589109036.6244      
    117475856888.3217         118074107899.2121         118350728677.2870      
    118191832621.0328     
O3
    707002599491.5149         707039308947.3383         705494807832.5422      
    706096962051.5763         707830536298.4448         704106082789.3148      
    704054223637.1788         704682333351.8600         705551657048.3285      
    708056009380.6565     
 Calculated grids per second:     2393393.160713194     
 time step    95.00000000000000     
M
    106564125981.6960         106564835131.0266         106578750813.0620      
    106596079898.6875         106607716802.2221         106519114319.3988      
    106519586685.2710         106538268177.7644         106560265223.1343      
    106579663766.7951     
Ar
    106564125981.6960         106564835131.0266         106578750813.0620      
    106596079898.6875         106607716802.2221         106519114319.3988      
    106519586685.2710         106538268177.7644         106560265223.1343      
    106579663766.7951     
CO2
    41467962180223.68         41468514164516.57         41474000639146.90      
    41480799913050.02         41485399659779.49         41450192302306.98      
    41450639626734.03         41458107716903.64         41466819571374.55      
    41474470674925.64     
H2O
    542258397205.6353         542508812927.6385         542573936962.5143      
    542625267401.1971         542634861745.0939         541989583818.8474      
    542216940344.4905         542417312290.1646         542540499444.1071      
    542606162272.1516     
N2
    106564125981.6960         106564835131.0266         106578750813.0620      
    106596079898.6875         106607716802.2221         106519114319.3988      
    106519586685.2710         106538268177.7644         106560265223.1343      
    106579663766.7951     
O1D
    175068753.3636682         175924156.0471511         176255213.5697290      
    176994763.9276721         177791029.7215914         174182844.0917902      
    174627987.2170058         175326265.4111397         176088502.3466985      
    176918951.2829330     
O
    10734970935.51147         10780694335.54392         12119079332.88170      
    12495397917.79165         12562168403.94179         10676542181.48497      
    11631246687.76747         12254492316.85372         12527362837.75653      
    12333274325.59955     
O2
    116690747659.4947         116734657497.5101         117991028827.4853      
    118358836217.8557         118433842532.1120         116589109036.6244      
    117475856888.3217         118074107899.2121         118350728677.2870      
    118191832621.0328     
O3
    707002599491.5149         707039308947.3383         705494807832.5422      
    706096962051.5763         707830536298.4448         704106082789.3148      
    704054223637.1788         704682333351.8600         705551657048.3285      
    708056009380.6565     
 Calculated grids per second:     2397135.301597637     
 time step    100.0000000000000     
M
    106564125981.6960         106564835131.0266         106578750813.0620      
    106596079898.6875         106607716802.2221         106519114319.3988      
    106519586685.2710         106538268177.7644         106560265223.1343      
    106579663766.7951     
Ar
    106564125981.6960         106564835131.0266         106578750813.0620      
    106596079898.6875         106607716802.2221         106519114319.3988      
    106519586685.2710         106538268177.7644         106560265223.1343      
    106579663766.7951     
CO2
    41467962180223.68         41468514164516.57         41474000639146.90      
    41480799913050.02         41485399659779.49         41450192302306.98      
    41450639626734.03         41458107716903.64         41466819571374.55      
    41474470674925.64     
H2O
    542258397205.6353         542508812927.6385         542573936962.5143      
    542625267401.1971         542634861745.0939         541989583818.8474      
    542216940344.4905         542417312290.1646         542540499444.1071      
    542606162272.1516     
N2
    106564125981.6960         106564835131.0266         106578750813.0620      
    106596079898.6875         106607716802.2221         106519114319.3988      
    106519586685.2710         106538268177.7644         106560265223.1343      
    106579663766.7951     
O1D
    175068753.3636682         175924156.0471511         176255213.5697290      
    176994763.9276721         177791029.7215914         174182844.0917902      
    174627987.2170058         175326265.4111397         176088502.3466985      
    176918951.2829330     
O
    10734970935.51147         10780694335.54392         12119079332.88170      
    12495397917.79165         12562168403.94179         10676542181.48497      
    11631246687.76747         12254492316.85372         12527362837.75653      
    12333274325.59955     
O2
    116690747659.4947         116734657497.5101         117991028827.4853      
    118358836217.8557         118433842532.1120         116589109036.6244      
    117475856888.3217         118074107899.2121         118350728677.2870      
    118191832621.0328     
O3
    707002599491.5149         707039308947.3383         705494807832.5422      
    706096962051.5763         707830536298.4448         704106082789.3148      
    704054223637.1788         704682333351.8600         705551657048.3285      
    708056009380.6565     
 Calculated grids per second:     2395564.293642457     
 time step    105.0000000000000     
M
    106564125981.6960         106564835131.0266         106578750813.0620      
    106596079898.6875         106607716802.2221         106519114319.3988      
    106519586685.2710         106538268177.7644         106560265223.1343      
    106579663766.7951     
Ar
    106564125981.6960         106564835131.0266         106578750813.0620      
    106596079898.6875         106607716802.2221         106519114319.3988      
    106519586685.2710         106538268177.7644         106560265223.1343      
    106579663766.7951     
CO2
    41467962180223.68         41468514164516.57         41474000639146.90      
    41480799913050.02         41485399659779.49         41450192302306.98      
    41450639626734.03         41458107716903.64         41466819571374.55      
    41474470674925.64     
H2O
    542258397205.6353         542508812927.6385         542573936962.5143      
    542625267401.1971         542634861745.0939         541989583818.8474      
    542216940344.4905         542417312290.1646         542540499444.1071      
    542606162272.1516     
N2
    106564125981.6960         106564835131.0266         106578750813.0620      
    106596079898.6875         106607716802.2221         106519114319.3988      
    106519586685.2710         106538268177.7644         106560265223.1343      
    106579663766.7951     
O1D
    175068753.3636682         175924156.0471511         176255213.5697290      
    176994763.9276721         177791029.7215914         174182844.0917902      
    174627987.2170058         175326265.4111397         176088502.3466985      
    176918951.2829330     
O
    10734970935.51147         10780694335.54392         12119079332.88170      
    12495397917.79165         12562168403.94179         10676542181.48497      
    11631246687.76747         12254492316.85372         12527362837.75653      
    12333274325.59955     
O2
    116690747659.4947         116734657497.5101         117991028827.4853      
    118358836217.8557         118433842532.1120         116589109036.6244      
    117475856888.3217         118074107899.2121         118350728677.2870      
    118191832621.0328     
O3
    707002599491.5149         707039308947.3383         705494807832.5422      
    706096962051.5763         707830536298.4448         704106082789.3148      
    704054223637.1788         704682333351.8600         705551657048.3285      
    708056009380.6565     
 Calculated grids per second:     2398040.587339856     
 time step    110.0000000000000     
M
    106564125981.6960         106564835131.0266         106578750813.0620      
    106596079898.6875         106607716802.2221         106519114319.3988      
    106519586685.2710         106538268177.7644         106560265223.1343      
    106579663766.7951     
Ar
    106564125981.6960         106564835131.0266         106578750813.0620      
    106596079898.6875         106607716802.2221         106519114319.3988      
    106519586685.2710         106538268177.7644         106560265223.1343      
    106579663766.7951     
CO2
    41467962180223.68         41468514164516.57         41474000639146.90      
    41480799913050.02         41485399659779.49         41450192302306.98      
    41450639626734.03         41458107716903.64         41466819571374.55      
    41474470674925.64     
H2O
    542258397205.6353         542508812927.6385         542573936962.5143      
    542625267401.1971         542634861745.0939         541989583818.8474      
    542216940344.4905         542417312290.1646         542540499444.1071      
    542606162272.1516     
N2
    106564125981.6960         106564835131.0266         106578750813.0620      
    106596079898.6875         106607716802.2221         106519114319.3988      
    106519586685.2710         106538268177.7644         106560265223.1343      
    106579663766.7951     
O1D
    175068753.3636682         175924156.0471511         176255213.5697290      
    176994763.9276721         177791029.7215914         174182844.0917902      
    174627987.2170058         175326265.4111397         176088502.3466985      
    176918951.2829330     
O
    10734970935.51147         10780694335.54392         12119079332.88170      
    12495397917.79165         12562168403.94179         10676542181.48497      
    11631246687.76747         12254492316.85372         12527362837.75653      
    12333274325.59955     
O2
    116690747659.4947         116734657497.5101         117991028827.4853      
    118358836217.8557         118433842532.1120         116589109036.6244      
    117475856888.3217         118074107899.2121         118350728677.2870      
    118191832621.0328     
O3
    707002599491.5149         707039308947.3383         705494807832.5422      
    706096962051.5763         707830536298.4448         704106082789.3148      
    704054223637.1788         704682333351.8600         705551657048.3285      
    708056009380.6565     
 Calculated grids per second:     2394731.344254932     
 time step    115.0000000000000     
M
    106564125981.6960         106564835131.0266         106578750813.0620      
    106596079898.6875         106607716802.2221         106519114319.3988      
    106519586685.2710         106538268177.7644         106560265223.1343      
    106579663766.7951     
Ar
    106564125981.6960         106564835131.0266         106578750813.0620      
    106596079898.6875         106607716802.2221         106519114319.3988      
    106519586685.2710         106538268177.7644         106560265223.1343      
    106579663766.7951     
CO2
    41467962180223.68         41468514164516.57         41474000639146.90      
    41480799913050.02         41485399659779.49         41450192302306.98      
    41450639626734.03         41458107716903.64         41466819571374.55      
    41474470674925.64     
H2O
    542258397205.6353         542508812927.6385         542573936962.5143      
    542625267401.1971         542634861745.0939         541989583818.8474      
    542216940344.4905         542417312290.1646         542540499444.1071      
    542606162272.1516     
N2
    106564125981.6960         106564835131.0266         106578750813.0620      
    106596079898.6875         106607716802.2221         106519114319.3988      
    106519586685.2710         106538268177.7644         106560265223.1343      
    106579663766.7951     
O1D
    175068753.3636682         175924156.0471511         176255213.5697290      
    176994763.9276721         177791029.7215914         174182844.0917902      
    174627987.2170058         175326265.4111397         176088502.3466985      
    176918951.2829330     
O
    10734970935.51147         10780694335.54392         12119079332.88170      
    12495397917.79165         12562168403.94179         10676542181.48497      
    11631246687.76747         12254492316.85372         12527362837.75653      
    12333274325.59955     
O2
    116690747659.4947         116734657497.5101         117991028827.4853      
    118358836217.8557         118433842532.1120         116589109036.6244      
    117475856888.3217         118074107899.2121         118350728677.2870      
    118191832621.0328     
O3
    707002599491.5149         707039308947.3383         705494807832.5422      
    706096962051.5763         707830536298.4448         704106082789.3148      
    704054223637.1788         704682333351.8600         705551657048.3285      
    708056009380.6565     
 Calculated grids per second:     2397034.962932646     
 time step    120.0000000000000     
M
    106564125981.6960         106564835131.0266         106578750813.0620      
    106596079898.6875         106607716802.2221         106519114319.3988      
    106519586685.2710         106538268177.7644         106560265223.1343      
    106579663766.7951     
Ar
    106564125981.6960         106564835131.0266         106578750813.0620      
    106596079898.6875         106607716802.2221         106519114319.3988      
    106519586685.2710         106538268177.7644         106560265223.1343      
    106579663766.7951     
CO2
    41467962180223.68         41468514164516.57         41474000639146.90      
    41480799913050.02         41485399659779.49         41450192302306.98      
    41450639626734.03         41458107716903.64         41466819571374.55      
    41474470674925.64     
H2O
    542258397205.6353         542508812927.6385         542573936962.5143      
    542625267401.1971         542634861745.0939         541989583818.8474      
    542216940344.4905         542417312290.1646         542540499444.1071      
    542606162272.1516     
N2
    106564125981.6960         106564835131.0266         106578750813.0620      
    106596079898.6875         106607716802.2221         106519114319.3988      
    106519586685.2710         106538268177.7644         106560265223.1343      
    106579663766.7951     
O1D
    175068753.3636682         175924156.0471511         176255213.5697290      
    176994763.9276721         177791029.7215914         174182844.0917902      
    174627987.2170058         175326265.4111397         176088502.3466985      
    176918951.2829330     
O
    10734970935.51147         10780694335.54392         12119079332.88170      
    12495397917.79165         12562168403.94179         10676542181.48497      
    11631246687.76747         12254492316.85372         12527362837.75653      
    12333274325.59955     
O2
    116690747659.4947         116734657497.5101         117991028827.4853      
    118358836217.8557         118433842532.1120         116589109036.6244      
    117475856888.3217         118074107899.2121         118350728677.2870      
    118191832621.0328     
O3
    707002599491.5149         707039308947.3383         705494807832.5422      
    706096962051.5763         707830536298.4448         704106082789.3148      
    704054223637.1788         704682333351.8600         705551657048.3285      
    708056009380.6565     
 Calculated grids per second:     2396319.828775430     
 time step    125.0000000000000     
M
    106564125981.6960         106564835131.0266         106578750813.0620      
    106596079898.6875         106607716802.2221         106519114319.3988      
    106519586685.2710         106538268177.7644         106560265223.1343      
    106579663766.7951     
Ar
    106564125981.6960         106564835131.0266         106578750813.0620      
    106596079898.6875         106607716802.2221         106519114319.3988      
    106519586685.2710         106538268177.7644         106560265223.1343      
    106579663766.7951     
CO2
    41467962180223.68         41468514164516.57         41474000639146.90      
    41480799913050.02         41485399659779.49         41450192302306.98      
    41450639626734.03         41458107716903.64         41466819571374.55      
    41474470674925.64     
H2O
    542258397205.6353         542508812927.6385         542573936962.5143      
    542625267401.1971         542634861745.0939         541989583818.8474      
    542216940344.4905         542417312290.1646         542540499444.1071      
    542606162272.1516     
N2
    106564125981.6960         106564835131.0266         106578750813.0620      
    106596079898.6875         106607716802.2221         106519114319.3988      
    106519586685.2710         106538268177.7644         106560265223.1343      
    106579663766.7951     
O1D
    175068753.3636682         175924156.0471511         176255213.5697290      
    176994763.9276721         177791029.7215914         174182844.0917902      
    174627987.2170058         175326265.4111397         176088502.3466985      
    176918951.2829330     
O
    10734970935.51147         10780694335.54392         12119079332.88170      
    12495397917.79165         12562168403.94179         10676542181.48497      
    11631246687.76747         12254492316.85372         12527362837.75653      
    12333274325.59955     
O2
    116690747659.4947         116734657497.5101         117991028827.4853      
    118358836217.8557         118433842532.1120         116589109036.6244      
    117475856888.3217         118074107899.2121         118350728677.2870      
    118191832621.0328     
O3
    707002599491.5149         707039308947.3383         705494807832.5422      
    706096962051.5763         707830536298.4448         704106082789.3148      
    704054223637.1788         704682333351.8600         705551657048.3285      
    708056009380.6565     
 Calculated grids per second:     2394738.762182293     
 time step    130.0000000000000     
M
    106564125981.6960         106564835131.0266         106578750813.0620      
    106596079898.6875         106607716802.2221         106519114319.3988      
    106519586685.2710         106538268177.7644         106560265223.1343      
    106579663766.7951     
Ar
    106564125981.6960         106564835131.0266         106578750813.0620      
    106596079898.6875         106607716802.2221         106519114319.3988      
    106519586685.2710         106538268177.7644         106560265223.1343      
    106579663766.7951     
CO2
    41467962180223.68         41468514164516.57         41474000639146.90      
    41480799913050.02         41485399659779.49         41450192302306.98      
    41450639626734.03         41458107716903.64         41466819571374.55      
    41474470674925.64     
H2O
    542258397205.6353         542508812927.6385         542573936962.5143      
    542625267401.1971         542634861745.0939         541989583818.8474      
    542216940344.4905         542417312290.1646         542540499444.1071      
    542606162272.1516     
N2
    106564125981.6960         106564835131.0266         106578750813.0620      
    106596079898.6875         106607716802.2221         106519114319.3988      
    106519586685.2710         106538268177.7644         106560265223.1343      
    106579663766.7951     
O1D
    175068753.3636682         175924156.0471511         176255213.5697290      
    176994763.9276721         177791029.7215914         174182844.0917902      
    174627987.2170058         175326265.4111397         176088502.3466985      
    176918951.2829330     
O
    10734970935.51147         10780694335.54392         12119079332.88170      
    12495397917.79165         12562168403.94179         10676542181.48497      
    11631246687.76747         12254492316.85372         12527362837.75653      
    12333274325.59955     
O2
    116690747659.4947         116734657497.5101         117991028827.4853      
    118358836217.8557         118433842532.1120         116589109036.6244      
    117475856888.3217         118074107899.2121         118350728677.2870      
    118191832621.0328     
O3
    707002599491.5149         707039308947.3383         705494807832.5422      
    706096962051.5763         707830536298.4448         704106082789.3148      
    704054223637.1788         704682333351.8600         705551657048.3285      
    708056009380.6565     
 Calculated grids per second:     2396356.968094051     
 time step    135.0000000000000     
M
    106564125981.6960         106564835131.0266         106578750813.0620      
    106596079898.6875         106607716802.2221         106519114319.3988      
    106519586685.2710         106538268177.7644         106560265223.1343      
    106579663766.7951     
Ar
    106564125981.6960         106564835131.0266         106578750813.0620      
    106596079898.6875         106607716802.2221         106519114319.3988      
    106519586685.2710         106538268177.7644         106560265223.1343      
    106579663766.7951     
CO2
    41467962180223.68         41468514164516.57         41474000639146.90      
    41480799913050.02         41485399659779.49         41450192302306.98      
    41450639626734.03         41458107716903.64         41466819571374.55      
    41474470674925.64     
H2O
    542258397205.6353         542508812927.6385         542573936962.5143      
    542625267401.1971         542634861745.0939         541989583818.8474      
    542216940344.4905         542417312290.1646         542540499444.1071      
    542606162272.1516     
N2
    106564125981.6960         106564835131.0266         106578750813.0620      
    106596079898.6875         106607716802.2221         106519114319.3988      
    106519586685.2710         106538268177.7644         106560265223.1343      
    106579663766.7951     
O1D
    175068753.3636682         175924156.0471511         176255213.5697290      
    176994763.9276721         177791029.7215914         174182844.0917902      
    174627987.2170058         175326265.4111397         176088502.3466985      
    176918951.2829330     
O
    10734970935.51147         10780694335.54392         12119079332.88170      
    12495397917.79165         12562168403.94179         10676542181.48497      
    11631246687.76747         12254492316.85372         12527362837.75653      
    12333274325.59955     
O2
    116690747659.4947         116734657497.5101         117991028827.4853      
    118358836217.8557         118433842532.1120         116589109036.6244      
    117475856888.3217         118074107899.2121         118350728677.2870      
    118191832621.0328     
O3
    707002599491.5149         707039308947.3383         705494807832.5422      
    706096962051.5763         707830536298.4448         704106082789.3148      
    704054223637.1788         704682333351.8600         705551657048.3285      
    708056009380.6565     
 Calculated grids per second:     2397042.395138286     
 time step    140.0000000000000     
M
    106564125981.6960         106564835131.0266         106578750813.0620      
    106596079898.6875         106607716802.2221         106519114319.3988      
    106519586685.2710         106538268177.7644         106560265223.1343      
    106579663766.7951     
Ar
    106564125981.6960         106564835131.0266         106578750813.0620      
    106596079898.6875         106607716802.2221         106519114319.3988      
    106519586685.2710         106538268177.7644         106560265223.1343      
    106579663766.7951     
CO2
    41467962180223.68         41468514164516.57         41474000639146.90      
    41480799913050.02         41485399659779.49         41450192302306.98      
    41450639626734.03         41458107716903.64         41466819571374.55      
    41474470674925.64     
H2O
    542258397205.6353         542508812927.6385         542573936962.5143      
    542625267401.1971         542634861745.0939         541989583818.8474      
    542216940344.4905         542417312290.1646         542540499444.1071      
    542606162272.1516     
N2
    106564125981.6960         106564835131.0266         106578750813.0620      
    106596079898.6875         106607716802.2221         106519114319.3988      
    106519586685.2710         106538268177.7644         106560265223.1343      
    106579663766.7951     
O1D
    175068753.3636682         175924156.0471511         176255213.5697290      
    176994763.9276721         177791029.7215914         174182844.0917902      
    174627987.2170058         175326265.4111397         176088502.3466985      
    176918951.2829330     
O
    10734970935.51147         10780694335.54392         12119079332.88170      
    12495397917.79165         12562168403.94179         10676542181.48497      
    11631246687.76747         12254492316.85372         12527362837.75653      
    12333274325.59955     
O2
    116690747659.4947         116734657497.5101         117991028827.4853      
    118358836217.8557         118433842532.1120         116589109036.6244      
    117475856888.3217         118074107899.2121         118350728677.2870      
    118191832621.0328     
O3
    707002599491.5149         707039308947.3383         705494807832.5422      
    706096962051.5763         707830536298.4448         704106082789.3148      
    704054223637.1788         704682333351.8600         705551657048.3285      
    708056009380.6565     
 Calculated grids per second:     2380695.963256137     
 time step    145.0000000000000     
M
    106564125981.6960         106564835131.0266         106578750813.0620      
    106596079898.6875         106607716802.2221         106519114319.3988      
    106519586685.2710         106538268177.7644         106560265223.1343      
    106579663766.7951     
Ar
    106564125981.6960         106564835131.0266         106578750813.0620      
    106596079898.6875         106607716802.2221         106519114319.3988      
    106519586685.2710         106538268177.7644         106560265223.1343      
    106579663766.7951     
CO2
    41467962180223.68         41468514164516.57         41474000639146.90      
    41480799913050.02         41485399659779.49         41450192302306.98      
    41450639626734.03         41458107716903.64         41466819571374.55      
    41474470674925.64     
H2O
    542258397205.6353         542508812927.6385         542573936962.5143      
    542625267401.1971         542634861745.0939         541989583818.8474      
    542216940344.4905         542417312290.1646         542540499444.1071      
    542606162272.1516     
N2
    106564125981.6960         106564835131.0266         106578750813.0620      
    106596079898.6875         106607716802.2221         106519114319.3988      
    106519586685.2710         106538268177.7644         106560265223.1343      
    106579663766.7951     
O1D
    175068753.3636682         175924156.0471511         176255213.5697290      
    176994763.9276721         177791029.7215914         174182844.0917902      
    174627987.2170058         175326265.4111397         176088502.3466985      
    176918951.2829330     
O
    10734970935.51147         10780694335.54392         12119079332.88170      
    12495397917.79165         12562168403.94179         10676542181.48497      
    11631246687.76747         12254492316.85372         12527362837.75653      
    12333274325.59955     
O2
    116690747659.4947         116734657497.5101         117991028827.4853      
    118358836217.8557         118433842532.1120         116589109036.6244      
    117475856888.3217         118074107899.2121         118350728677.2870      
    118191832621.0328     
O3
    707002599491.5149         707039308947.3383         705494807832.5422      
    706096962051.5763         707830536298.4448         704106082789.3148      
    704054223637.1788         704682333351.8600         705551657048.3285      
    708056009380.6565     
 Calculated grids per second:     2397557.187508480     
 time step    150.0000000000000     
M
    106564125981.6960         106564835131.0266         106578750813.0620      
    106596079898.6875         106607716802.2221         106519114319.3988      
    106519586685.2710         106538268177.7644         106560265223.1343      
    106579663766.7951     
Ar
    106564125981.6960         106564835131.0266         106578750813.0620      
    106596079898.6875         106607716802.2221         106519114319.3988      
    106519586685.2710         106538268177.7644         106560265223.1343      
    106579663766.7951     
CO2
    41467962180223.68         41468514164516.57         41474000639146.90      
    41480799913050.02         41485399659779.49         41450192302306.98      
    41450639626734.03         41458107716903.64         41466819571374.55      
    41474470674925.64     
H2O
    542258397205.6353         542508812927.6385         542573936962.5143      
    542625267401.1971         542634861745.0939         541989583818.8474      
    542216940344.4905         542417312290.1646         542540499444.1071      
    542606162272.1516     
N2
    106564125981.6960         106564835131.0266         106578750813.0620      
    106596079898.6875         106607716802.2221         106519114319.3988      
    106519586685.2710         106538268177.7644         106560265223.1343      
    106579663766.7951     
O1D
    175068753.3636682         175924156.0471511         176255213.5697290      
    176994763.9276721         177791029.7215914         174182844.0917902      
    174627987.2170058         175326265.4111397         176088502.3466985      
    176918951.2829330     
O
    10734970935.51147         10780694335.54392         12119079332.88170      
    12495397917.79165         12562168403.94179         10676542181.48497      
    11631246687.76747         12254492316.85372         12527362837.75653      
    12333274325.59955     
O2
    116690747659.4947         116734657497.5101         117991028827.4853      
    118358836217.8557         118433842532.1120         116589109036.6244      
    117475856888.3217         118074107899.2121         118350728677.2870      
    118191832621.0328     
O3
    707002599491.5149         707039308947.3383         705494807832.5422      
    706096962051.5763         707830536298.4448         704106082789.3148      
    704054223637.1788         704682333351.8600         705551657048.3285      
    708056009380.6565     
 Calculated grids per second:     2394006.463587971     
 Successfully write MICM output to 
 ./test_output.nc                                                                                                                
<end of output>
Test time =  10.20 sec
----------------------------------------------------------
Test Passed.
"test_performance" end time: Jan 31 09:34 MST
"test_performance" time elapsed: 00:00:10
----------------------------------------------------------

End testing: Jan 31 09:34 MST
