Start testing: Jan 30 19:37 MST
----------------------------------------------------------
1/2 Testing: test_stub
1/2 Test: test_stub
Command: "/glade/scratch/sunjian/temp/micm/build/test_stub"
Directory: /glade/scratch/sunjian/temp/micm/build/test
"test_stub" start time: Jan 30 19:37 MST
Output:
----------------------------------------------------------
<end of output>
Test time =   0.03 sec
----------------------------------------------------------
Test Passed.
"test_stub" end time: Jan 30 19:37 MST
"test_stub" time elapsed: 00:00:00
----------------------------------------------------------

2/2 Testing: test_performance
2/2 Test: test_performance
Command: "/glade/u/apps/dav/opt/openmpi/4.1.1/nvhpc/22.2/bin/mpirun" "-v" "-np" "1" "/glade/scratch/sunjian/temp/micm/build/test_performance"
Directory: /glade/scratch/sunjian/temp/micm/build/test/performance
"test_performance" start time: Jan 30 19:37 MST
Output:
----------------------------------------------------------
 NetCDF: Variable not found : M
 NetCDF: Variable not found : Ar
 NetCDF: Variable not found : N2
 NetCDF: Variable not found : O2
 Successfully read in the CAM output from 
 /glade/scratch/fvitt/archive/TS1_chem_output_t01/atm/hist/TS1_chem_output_t01.cam.h1.2010-01-06-00000.nc                                                                                                                                                        
 time step    5.000000000000000     
M
    106564125981.6960         106564835131.0266         106578750813.0620      
    106596079898.6875         106607716802.2221         106519114319.3988      
    106519586685.2710         106538268177.7644         106560265223.1343      
    106579663766.7951     
Ar
    106564125981.6960         106564835131.0266         106578750813.0620      
    106596079898.6875         106607716802.2221         106519114319.3988      
    106519586685.2710         106538268177.7644         106560265223.1343      
    106579663766.7951     
CO2
    41467962180223.68         41468514164516.57         41474000639146.90      
    41480799913050.02         41485399659779.49         41450192302306.98      
    41450639626734.03         41458107716903.64         41466819571374.55      
    41474470674925.64     
H2O
    542258397205.6353         542508812927.6385         542573936962.5143      
    542625267401.1971         542634861745.0939         541989583818.8474      
    542216940344.4905         542417312290.1646         542540499444.1071      
    542606162272.1516     
N2
    106564125981.6960         106564835131.0266         106578750813.0620      
    106596079898.6875         106607716802.2221         106519114319.3988      
    106519586685.2710         106538268177.7644         106560265223.1343      
    106579663766.7951     
O1D
    175068753.3636682         175924156.0471511         176255213.5697290      
    176994763.9276721         177791029.7215914         174182844.0917902      
    174627987.2170058         175326265.4111397         176088502.3466985      
    176918951.2829330     
O
    10734970935.51147         10780694335.54392         12119079332.88170      
    12495397917.79165         12562168403.94179         10676542181.48497      
    11631246687.76747         12254492316.85372         12527362837.75653      
    12333274325.59955     
O2
    116690747659.4947         116734657497.5101         117991028827.4853      
    118358836217.8557         118433842532.1120         116589109036.6244      
    117475856888.3217         118074107899.2121         118350728677.2870      
    118191832621.0328     
O3
    707002599491.5149         707039308947.3383         705494807832.5422      
    706096962051.5763         707830536298.4448         704106082789.3148      
    704054223637.1788         704682333351.8600         705551657048.3285      
    708056009380.6565     
 Calculated grids per second:     1135534.725798718     
 time step    10.00000000000000     
M
    106564125981.6960         106564835131.0266         106578750813.0620      
    106596079898.6875         106607716802.2221         106519114319.3988      
    106519586685.2710         106538268177.7644         106560265223.1343      
    106579663766.7951     
Ar
    106564125981.6960         106564835131.0266         106578750813.0620      
    106596079898.6875         106607716802.2221         106519114319.3988      
    106519586685.2710         106538268177.7644         106560265223.1343      
    106579663766.7951     
CO2
    41467962180223.68         41468514164516.57         41474000639146.90      
    41480799913050.02         41485399659779.49         41450192302306.98      
    41450639626734.03         41458107716903.64         41466819571374.55      
    41474470674925.64     
H2O
    542258397205.6353         542508812927.6385         542573936962.5143      
    542625267401.1971         542634861745.0939         541989583818.8474      
    542216940344.4905         542417312290.1646         542540499444.1071      
    542606162272.1516     
N2
    106564125981.6960         106564835131.0266         106578750813.0620      
    106596079898.6875         106607716802.2221         106519114319.3988      
    106519586685.2710         106538268177.7644         106560265223.1343      
    106579663766.7951     
O1D
    175068753.3636682         175924156.0471511         176255213.5697290      
    176994763.9276721         177791029.7215914         174182844.0917902      
    174627987.2170058         175326265.4111397         176088502.3466985      
    176918951.2829330     
O
    10734970935.51147         10780694335.54392         12119079332.88170      
    12495397917.79165         12562168403.94179         10676542181.48497      
    11631246687.76747         12254492316.85372         12527362837.75653      
    12333274325.59955     
O2
    116690747659.4947         116734657497.5101         117991028827.4853      
    118358836217.8557         118433842532.1120         116589109036.6244      
    117475856888.3217         118074107899.2121         118350728677.2870      
    118191832621.0328     
O3
    707002599491.5149         707039308947.3383         705494807832.5422      
    706096962051.5763         707830536298.4448         704106082789.3148      
    704054223637.1788         704682333351.8600         705551657048.3285      
    708056009380.6565     
 Calculated grids per second:     1277187.874354385     
 time step    15.00000000000000     
M
    106564125981.6960         106564835131.0266         106578750813.0620      
    106596079898.6875         106607716802.2221         106519114319.3988      
    106519586685.2710         106538268177.7644         106560265223.1343      
    106579663766.7951     
Ar
    106564125981.6960         106564835131.0266         106578750813.0620      
    106596079898.6875         106607716802.2221         106519114319.3988      
    106519586685.2710         106538268177.7644         106560265223.1343      
    106579663766.7951     
CO2
    41467962180223.68         41468514164516.57         41474000639146.90      
    41480799913050.02         41485399659779.49         41450192302306.98      
    41450639626734.03         41458107716903.64         41466819571374.55      
    41474470674925.64     
H2O
    542258397205.6353         542508812927.6385         542573936962.5143      
    542625267401.1971         542634861745.0939         541989583818.8474      
    542216940344.4905         542417312290.1646         542540499444.1071      
    542606162272.1516     
N2
    106564125981.6960         106564835131.0266         106578750813.0620      
    106596079898.6875         106607716802.2221         106519114319.3988      
    106519586685.2710         106538268177.7644         106560265223.1343      
    106579663766.7951     
O1D
    175068753.3636682         175924156.0471511         176255213.5697290      
    176994763.9276721         177791029.7215914         174182844.0917902      
    174627987.2170058         175326265.4111397         176088502.3466985      
    176918951.2829330     
O
    10734970935.51147         10780694335.54392         12119079332.88170      
    12495397917.79165         12562168403.94179         10676542181.48497      
    11631246687.76747         12254492316.85372         12527362837.75653      
    12333274325.59955     
O2
    116690747659.4947         116734657497.5101         117991028827.4853      
    118358836217.8557         118433842532.1120         116589109036.6244      
    117475856888.3217         118074107899.2121         118350728677.2870      
    118191832621.0328     
O3
    707002599491.5149         707039308947.3383         705494807832.5422      
    706096962051.5763         707830536298.4448         704106082789.3148      
    704054223637.1788         704682333351.8600         705551657048.3285      
    708056009380.6565     
 Calculated grids per second:     1277451.147932274     
 time step    20.00000000000000     
M
    106564125981.6960         106564835131.0266         106578750813.0620      
    106596079898.6875         106607716802.2221         106519114319.3988      
    106519586685.2710         106538268177.7644         106560265223.1343      
    106579663766.7951     
Ar
    106564125981.6960         106564835131.0266         106578750813.0620      
    106596079898.6875         106607716802.2221         106519114319.3988      
    106519586685.2710         106538268177.7644         106560265223.1343      
    106579663766.7951     
CO2
    41467962180223.68         41468514164516.57         41474000639146.90      
    41480799913050.02         41485399659779.49         41450192302306.98      
    41450639626734.03         41458107716903.64         41466819571374.55      
    41474470674925.64     
H2O
    542258397205.6353         542508812927.6385         542573936962.5143      
    542625267401.1971         542634861745.0939         541989583818.8474      
    542216940344.4905         542417312290.1646         542540499444.1071      
    542606162272.1516     
N2
    106564125981.6960         106564835131.0266         106578750813.0620      
    106596079898.6875         106607716802.2221         106519114319.3988      
    106519586685.2710         106538268177.7644         106560265223.1343      
    106579663766.7951     
O1D
    175068753.3636682         175924156.0471511         176255213.5697290      
    176994763.9276721         177791029.7215914         174182844.0917902      
    174627987.2170058         175326265.4111397         176088502.3466985      
    176918951.2829330     
O
    10734970935.51147         10780694335.54392         12119079332.88170      
    12495397917.79165         12562168403.94179         10676542181.48497      
    11631246687.76747         12254492316.85372         12527362837.75653      
    12333274325.59955     
O2
    116690747659.4947         116734657497.5101         117991028827.4853      
    118358836217.8557         118433842532.1120         116589109036.6244      
    117475856888.3217         118074107899.2121         118350728677.2870      
    118191832621.0328     
O3
    707002599491.5149         707039308947.3383         705494807832.5422      
    706096962051.5763         707830536298.4448         704106082789.3148      
    704054223637.1788         704682333351.8600         705551657048.3285      
    708056009380.6565     
 Calculated grids per second:     1279224.869671045     
 time step    25.00000000000000     
M
    106564125981.6960         106564835131.0266         106578750813.0620      
    106596079898.6875         106607716802.2221         106519114319.3988      
    106519586685.2710         106538268177.7644         106560265223.1343      
    106579663766.7951     
Ar
    106564125981.6960         106564835131.0266         106578750813.0620      
    106596079898.6875         106607716802.2221         106519114319.3988      
    106519586685.2710         106538268177.7644         106560265223.1343      
    106579663766.7951     
CO2
    41467962180223.68         41468514164516.57         41474000639146.90      
    41480799913050.02         41485399659779.49         41450192302306.98      
    41450639626734.03         41458107716903.64         41466819571374.55      
    41474470674925.64     
H2O
    542258397205.6353         542508812927.6385         542573936962.5143      
    542625267401.1971         542634861745.0939         541989583818.8474      
    542216940344.4905         542417312290.1646         542540499444.1071      
    542606162272.1516     
N2
    106564125981.6960         106564835131.0266         106578750813.0620      
    106596079898.6875         106607716802.2221         106519114319.3988      
    106519586685.2710         106538268177.7644         106560265223.1343      
    106579663766.7951     
O1D
    175068753.3636682         175924156.0471511         176255213.5697290      
    176994763.9276721         177791029.7215914         174182844.0917902      
    174627987.2170058         175326265.4111397         176088502.3466985      
    176918951.2829330     
O
    10734970935.51147         10780694335.54392         12119079332.88170      
    12495397917.79165         12562168403.94179         10676542181.48497      
    11631246687.76747         12254492316.85372         12527362837.75653      
    12333274325.59955     
O2
    116690747659.4947         116734657497.5101         117991028827.4853      
    118358836217.8557         118433842532.1120         116589109036.6244      
    117475856888.3217         118074107899.2121         118350728677.2870      
    118191832621.0328     
O3
    707002599491.5149         707039308947.3383         705494807832.5422      
    706096962051.5763         707830536298.4448         704106082789.3148      
    704054223637.1788         704682333351.8600         705551657048.3285      
    708056009380.6565     
 Calculated grids per second:     1278757.908687248     
 time step    30.00000000000000     
M
    106564125981.6960         106564835131.0266         106578750813.0620      
    106596079898.6875         106607716802.2221         106519114319.3988      
    106519586685.2710         106538268177.7644         106560265223.1343      
    106579663766.7951     
Ar
    106564125981.6960         106564835131.0266         106578750813.0620      
    106596079898.6875         106607716802.2221         106519114319.3988      
    106519586685.2710         106538268177.7644         106560265223.1343      
    106579663766.7951     
CO2
    41467962180223.68         41468514164516.57         41474000639146.90      
    41480799913050.02         41485399659779.49         41450192302306.98      
    41450639626734.03         41458107716903.64         41466819571374.55      
    41474470674925.64     
H2O
    542258397205.6353         542508812927.6385         542573936962.5143      
    542625267401.1971         542634861745.0939         541989583818.8474      
    542216940344.4905         542417312290.1646         542540499444.1071      
    542606162272.1516     
N2
    106564125981.6960         106564835131.0266         106578750813.0620      
    106596079898.6875         106607716802.2221         106519114319.3988      
    106519586685.2710         106538268177.7644         106560265223.1343      
    106579663766.7951     
O1D
    175068753.3636682         175924156.0471511         176255213.5697290      
    176994763.9276721         177791029.7215914         174182844.0917902      
    174627987.2170058         175326265.4111397         176088502.3466985      
    176918951.2829330     
O
    10734970935.51147         10780694335.54392         12119079332.88170      
    12495397917.79165         12562168403.94179         10676542181.48497      
    11631246687.76747         12254492316.85372         12527362837.75653      
    12333274325.59955     
O2
    116690747659.4947         116734657497.5101         117991028827.4853      
    118358836217.8557         118433842532.1120         116589109036.6244      
    117475856888.3217         118074107899.2121         118350728677.2870      
    118191832621.0328     
O3
    707002599491.5149         707039308947.3383         705494807832.5422      
    706096962051.5763         707830536298.4448         704106082789.3148      
    704054223637.1788         704682333351.8600         705551657048.3285      
    708056009380.6565     
 Calculated grids per second:     1277083.834712525     
 time step    35.00000000000000     
M
    106564125981.6960         106564835131.0266         106578750813.0620      
    106596079898.6875         106607716802.2221         106519114319.3988      
    106519586685.2710         106538268177.7644         106560265223.1343      
    106579663766.7951     
Ar
    106564125981.6960         106564835131.0266         106578750813.0620      
    106596079898.6875         106607716802.2221         106519114319.3988      
    106519586685.2710         106538268177.7644         106560265223.1343      
    106579663766.7951     
CO2
    41467962180223.68         41468514164516.57         41474000639146.90      
    41480799913050.02         41485399659779.49         41450192302306.98      
    41450639626734.03         41458107716903.64         41466819571374.55      
    41474470674925.64     
H2O
    542258397205.6353         542508812927.6385         542573936962.5143      
    542625267401.1971         542634861745.0939         541989583818.8474      
    542216940344.4905         542417312290.1646         542540499444.1071      
    542606162272.1516     
N2
    106564125981.6960         106564835131.0266         106578750813.0620      
    106596079898.6875         106607716802.2221         106519114319.3988      
    106519586685.2710         106538268177.7644         106560265223.1343      
    106579663766.7951     
O1D
    175068753.3636682         175924156.0471511         176255213.5697290      
    176994763.9276721         177791029.7215914         174182844.0917902      
    174627987.2170058         175326265.4111397         176088502.3466985      
    176918951.2829330     
O
    10734970935.51147         10780694335.54392         12119079332.88170      
    12495397917.79165         12562168403.94179         10676542181.48497      
    11631246687.76747         12254492316.85372         12527362837.75653      
    12333274325.59955     
O2
    116690747659.4947         116734657497.5101         117991028827.4853      
    118358836217.8557         118433842532.1120         116589109036.6244      
    117475856888.3217         118074107899.2121         118350728677.2870      
    118191832621.0328     
O3
    707002599491.5149         707039308947.3383         705494807832.5422      
    706096962051.5763         707830536298.4448         704106082789.3148      
    704054223637.1788         704682333351.8600         705551657048.3285      
    708056009380.6565     
 Calculated grids per second:     1279940.055899502     
 time step    40.00000000000000     
M
    106564125981.6960         106564835131.0266         106578750813.0620      
    106596079898.6875         106607716802.2221         106519114319.3988      
    106519586685.2710         106538268177.7644         106560265223.1343      
    106579663766.7951     
Ar
    106564125981.6960         106564835131.0266         106578750813.0620      
    106596079898.6875         106607716802.2221         106519114319.3988      
    106519586685.2710         106538268177.7644         106560265223.1343      
    106579663766.7951     
CO2
    41467962180223.68         41468514164516.57         41474000639146.90      
    41480799913050.02         41485399659779.49         41450192302306.98      
    41450639626734.03         41458107716903.64         41466819571374.55      
    41474470674925.64     
H2O
    542258397205.6353         542508812927.6385         542573936962.5143      
    542625267401.1971         542634861745.0939         541989583818.8474      
    542216940344.4905         542417312290.1646         542540499444.1071      
    542606162272.1516     
N2
    106564125981.6960         106564835131.0266         106578750813.0620      
    106596079898.6875         106607716802.2221         106519114319.3988      
    106519586685.2710         106538268177.7644         106560265223.1343      
    106579663766.7951     
O1D
    175068753.3636682         175924156.0471511         176255213.5697290      
    176994763.9276721         177791029.7215914         174182844.0917902      
    174627987.2170058         175326265.4111397         176088502.3466985      
    176918951.2829330     
O
    10734970935.51147         10780694335.54392         12119079332.88170      
    12495397917.79165         12562168403.94179         10676542181.48497      
    11631246687.76747         12254492316.85372         12527362837.75653      
    12333274325.59955     
O2
    116690747659.4947         116734657497.5101         117991028827.4853      
    118358836217.8557         118433842532.1120         116589109036.6244      
    117475856888.3217         118074107899.2121         118350728677.2870      
    118191832621.0328     
O3
    707002599491.5149         707039308947.3383         705494807832.5422      
    706096962051.5763         707830536298.4448         704106082789.3148      
    704054223637.1788         704682333351.8600         705551657048.3285      
    708056009380.6565     
 Calculated grids per second:     1278307.272957823     
 time step    45.00000000000000     
M
    106564125981.6960         106564835131.0266         106578750813.0620      
    106596079898.6875         106607716802.2221         106519114319.3988      
    106519586685.2710         106538268177.7644         106560265223.1343      
    106579663766.7951     
Ar
    106564125981.6960         106564835131.0266         106578750813.0620      
    106596079898.6875         106607716802.2221         106519114319.3988      
    106519586685.2710         106538268177.7644         106560265223.1343      
    106579663766.7951     
CO2
    41467962180223.68         41468514164516.57         41474000639146.90      
    41480799913050.02         41485399659779.49         41450192302306.98      
    41450639626734.03         41458107716903.64         41466819571374.55      
    41474470674925.64     
H2O
    542258397205.6353         542508812927.6385         542573936962.5143      
    542625267401.1971         542634861745.0939         541989583818.8474      
    542216940344.4905         542417312290.1646         542540499444.1071      
    542606162272.1516     
N2
    106564125981.6960         106564835131.0266         106578750813.0620      
    106596079898.6875         106607716802.2221         106519114319.3988      
    106519586685.2710         106538268177.7644         106560265223.1343      
    106579663766.7951     
O1D
    175068753.3636682         175924156.0471511         176255213.5697290      
    176994763.9276721         177791029.7215914         174182844.0917902      
    174627987.2170058         175326265.4111397         176088502.3466985      
    176918951.2829330     
O
    10734970935.51147         10780694335.54392         12119079332.88170      
    12495397917.79165         12562168403.94179         10676542181.48497      
    11631246687.76747         12254492316.85372         12527362837.75653      
    12333274325.59955     
O2
    116690747659.4947         116734657497.5101         117991028827.4853      
    118358836217.8557         118433842532.1120         116589109036.6244      
    117475856888.3217         118074107899.2121         118350728677.2870      
    118191832621.0328     
O3
    707002599491.5149         707039308947.3383         705494807832.5422      
    706096962051.5763         707830536298.4448         704106082789.3148      
    704054223637.1788         704682333351.8600         705551657048.3285      
    708056009380.6565     
 Calculated grids per second:     1279413.549301177     
 time step    50.00000000000000     
M
    106564125981.6960         106564835131.0266         106578750813.0620      
    106596079898.6875         106607716802.2221         106519114319.3988      
    106519586685.2710         106538268177.7644         106560265223.1343      
    106579663766.7951     
Ar
    106564125981.6960         106564835131.0266         106578750813.0620      
    106596079898.6875         106607716802.2221         106519114319.3988      
    106519586685.2710         106538268177.7644         106560265223.1343      
    106579663766.7951     
CO2
    41467962180223.68         41468514164516.57         41474000639146.90      
    41480799913050.02         41485399659779.49         41450192302306.98      
    41450639626734.03         41458107716903.64         41466819571374.55      
    41474470674925.64     
H2O
    542258397205.6353         542508812927.6385         542573936962.5143      
    542625267401.1971         542634861745.0939         541989583818.8474      
    542216940344.4905         542417312290.1646         542540499444.1071      
    542606162272.1516     
N2
    106564125981.6960         106564835131.0266         106578750813.0620      
    106596079898.6875         106607716802.2221         106519114319.3988      
    106519586685.2710         106538268177.7644         106560265223.1343      
    106579663766.7951     
O1D
    175068753.3636682         175924156.0471511         176255213.5697290      
    176994763.9276721         177791029.7215914         174182844.0917902      
    174627987.2170058         175326265.4111397         176088502.3466985      
    176918951.2829330     
O
    10734970935.51147         10780694335.54392         12119079332.88170      
    12495397917.79165         12562168403.94179         10676542181.48497      
    11631246687.76747         12254492316.85372         12527362837.75653      
    12333274325.59955     
O2
    116690747659.4947         116734657497.5101         117991028827.4853      
    118358836217.8557         118433842532.1120         116589109036.6244      
    117475856888.3217         118074107899.2121         118350728677.2870      
    118191832621.0328     
O3
    707002599491.5149         707039308947.3383         705494807832.5422      
    706096962051.5763         707830536298.4448         704106082789.3148      
    704054223637.1788         704682333351.8600         705551657048.3285      
    708056009380.6565     
 Calculated grids per second:     1277967.193930643     
 time step    55.00000000000000     
M
    106564125981.6960         106564835131.0266         106578750813.0620      
    106596079898.6875         106607716802.2221         106519114319.3988      
    106519586685.2710         106538268177.7644         106560265223.1343      
    106579663766.7951     
Ar
    106564125981.6960         106564835131.0266         106578750813.0620      
    106596079898.6875         106607716802.2221         106519114319.3988      
    106519586685.2710         106538268177.7644         106560265223.1343      
    106579663766.7951     
CO2
    41467962180223.68         41468514164516.57         41474000639146.90      
    41480799913050.02         41485399659779.49         41450192302306.98      
    41450639626734.03         41458107716903.64         41466819571374.55      
    41474470674925.64     
H2O
    542258397205.6353         542508812927.6385         542573936962.5143      
    542625267401.1971         542634861745.0939         541989583818.8474      
    542216940344.4905         542417312290.1646         542540499444.1071      
    542606162272.1516     
N2
    106564125981.6960         106564835131.0266         106578750813.0620      
    106596079898.6875         106607716802.2221         106519114319.3988      
    106519586685.2710         106538268177.7644         106560265223.1343      
    106579663766.7951     
O1D
    175068753.3636682         175924156.0471511         176255213.5697290      
    176994763.9276721         177791029.7215914         174182844.0917902      
    174627987.2170058         175326265.4111397         176088502.3466985      
    176918951.2829330     
O
    10734970935.51147         10780694335.54392         12119079332.88170      
    12495397917.79165         12562168403.94179         10676542181.48497      
    11631246687.76747         12254492316.85372         12527362837.75653      
    12333274325.59955     
O2
    116690747659.4947         116734657497.5101         117991028827.4853      
    118358836217.8557         118433842532.1120         116589109036.6244      
    117475856888.3217         118074107899.2121         118350728677.2870      
    118191832621.0328     
O3
    707002599491.5149         707039308947.3383         705494807832.5422      
    706096962051.5763         707830536298.4448         704106082789.3148      
    704054223637.1788         704682333351.8600         705551657048.3285      
    708056009380.6565     
 Calculated grids per second:     1279388.671101644     
 time step    60.00000000000000     
M
    106564125981.6960         106564835131.0266         106578750813.0620      
    106596079898.6875         106607716802.2221         106519114319.3988      
    106519586685.2710         106538268177.7644         106560265223.1343      
    106579663766.7951     
Ar
    106564125981.6960         106564835131.0266         106578750813.0620      
    106596079898.6875         106607716802.2221         106519114319.3988      
    106519586685.2710         106538268177.7644         106560265223.1343      
    106579663766.7951     
CO2
    41467962180223.68         41468514164516.57         41474000639146.90      
    41480799913050.02         41485399659779.49         41450192302306.98      
    41450639626734.03         41458107716903.64         41466819571374.55      
    41474470674925.64     
H2O
    542258397205.6353         542508812927.6385         542573936962.5143      
    542625267401.1971         542634861745.0939         541989583818.8474      
    542216940344.4905         542417312290.1646         542540499444.1071      
    542606162272.1516     
N2
    106564125981.6960         106564835131.0266         106578750813.0620      
    106596079898.6875         106607716802.2221         106519114319.3988      
    106519586685.2710         106538268177.7644         106560265223.1343      
    106579663766.7951     
O1D
    175068753.3636682         175924156.0471511         176255213.5697290      
    176994763.9276721         177791029.7215914         174182844.0917902      
    174627987.2170058         175326265.4111397         176088502.3466985      
    176918951.2829330     
O
    10734970935.51147         10780694335.54392         12119079332.88170      
    12495397917.79165         12562168403.94179         10676542181.48497      
    11631246687.76747         12254492316.85372         12527362837.75653      
    12333274325.59955     
O2
    116690747659.4947         116734657497.5101         117991028827.4853      
    118358836217.8557         118433842532.1120         116589109036.6244      
    117475856888.3217         118074107899.2121         118350728677.2870      
    118191832621.0328     
O3
    707002599491.5149         707039308947.3383         705494807832.5422      
    706096962051.5763         707830536298.4448         704106082789.3148      
    704054223637.1788         704682333351.8600         705551657048.3285      
    708056009380.6565     
 Calculated grids per second:     1277639.436622162     
 time step    65.00000000000000     
M
    106564125981.6960         106564835131.0266         106578750813.0620      
    106596079898.6875         106607716802.2221         106519114319.3988      
    106519586685.2710         106538268177.7644         106560265223.1343      
    106579663766.7951     
Ar
    106564125981.6960         106564835131.0266         106578750813.0620      
    106596079898.6875         106607716802.2221         106519114319.3988      
    106519586685.2710         106538268177.7644         106560265223.1343      
    106579663766.7951     
CO2
    41467962180223.68         41468514164516.57         41474000639146.90      
    41480799913050.02         41485399659779.49         41450192302306.98      
    41450639626734.03         41458107716903.64         41466819571374.55      
    41474470674925.64     
H2O
    542258397205.6353         542508812927.6385         542573936962.5143      
    542625267401.1971         542634861745.0939         541989583818.8474      
    542216940344.4905         542417312290.1646         542540499444.1071      
    542606162272.1516     
N2
    106564125981.6960         106564835131.0266         106578750813.0620      
    106596079898.6875         106607716802.2221         106519114319.3988      
    106519586685.2710         106538268177.7644         106560265223.1343      
    106579663766.7951     
O1D
    175068753.3636682         175924156.0471511         176255213.5697290      
    176994763.9276721         177791029.7215914         174182844.0917902      
    174627987.2170058         175326265.4111397         176088502.3466985      
    176918951.2829330     
O
    10734970935.51147         10780694335.54392         12119079332.88170      
    12495397917.79165         12562168403.94179         10676542181.48497      
    11631246687.76747         12254492316.85372         12527362837.75653      
    12333274325.59955     
O2
    116690747659.4947         116734657497.5101         117991028827.4853      
    118358836217.8557         118433842532.1120         116589109036.6244      
    117475856888.3217         118074107899.2121         118350728677.2870      
    118191832621.0328     
O3
    707002599491.5149         707039308947.3383         705494807832.5422      
    706096962051.5763         707830536298.4448         704106082789.3148      
    704054223637.1788         704682333351.8600         705551657048.3285      
    708056009380.6565     
 Calculated grids per second:     1278262.358948137     
 time step    70.00000000000000     
M
    106564125981.6960         106564835131.0266         106578750813.0620      
    106596079898.6875         106607716802.2221         106519114319.3988      
    106519586685.2710         106538268177.7644         106560265223.1343      
    106579663766.7951     
Ar
    106564125981.6960         106564835131.0266         106578750813.0620      
    106596079898.6875         106607716802.2221         106519114319.3988      
    106519586685.2710         106538268177.7644         106560265223.1343      
    106579663766.7951     
CO2
    41467962180223.68         41468514164516.57         41474000639146.90      
    41480799913050.02         41485399659779.49         41450192302306.98      
    41450639626734.03         41458107716903.64         41466819571374.55      
    41474470674925.64     
H2O
    542258397205.6353         542508812927.6385         542573936962.5143      
    542625267401.1971         542634861745.0939         541989583818.8474      
    542216940344.4905         542417312290.1646         542540499444.1071      
    542606162272.1516     
N2
    106564125981.6960         106564835131.0266         106578750813.0620      
    106596079898.6875         106607716802.2221         106519114319.3988      
    106519586685.2710         106538268177.7644         106560265223.1343      
    106579663766.7951     
O1D
    175068753.3636682         175924156.0471511         176255213.5697290      
    176994763.9276721         177791029.7215914         174182844.0917902      
    174627987.2170058         175326265.4111397         176088502.3466985      
    176918951.2829330     
O
    10734970935.51147         10780694335.54392         12119079332.88170      
    12495397917.79165         12562168403.94179         10676542181.48497      
    11631246687.76747         12254492316.85372         12527362837.75653      
    12333274325.59955     
O2
    116690747659.4947         116734657497.5101         117991028827.4853      
    118358836217.8557         118433842532.1120         116589109036.6244      
    117475856888.3217         118074107899.2121         118350728677.2870      
    118191832621.0328     
O3
    707002599491.5149         707039308947.3383         705494807832.5422      
    706096962051.5763         707830536298.4448         704106082789.3148      
    704054223637.1788         704682333351.8600         705551657048.3285      
    708056009380.6565     
 Calculated grids per second:     1278755.661328139     
 time step    75.00000000000000     
M
    106564125981.6960         106564835131.0266         106578750813.0620      
    106596079898.6875         106607716802.2221         106519114319.3988      
    106519586685.2710         106538268177.7644         106560265223.1343      
    106579663766.7951     
Ar
    106564125981.6960         106564835131.0266         106578750813.0620      
    106596079898.6875         106607716802.2221         106519114319.3988      
    106519586685.2710         106538268177.7644         106560265223.1343      
    106579663766.7951     
CO2
    41467962180223.68         41468514164516.57         41474000639146.90      
    41480799913050.02         41485399659779.49         41450192302306.98      
    41450639626734.03         41458107716903.64         41466819571374.55      
    41474470674925.64     
H2O
    542258397205.6353         542508812927.6385         542573936962.5143      
    542625267401.1971         542634861745.0939         541989583818.8474      
    542216940344.4905         542417312290.1646         542540499444.1071      
    542606162272.1516     
N2
    106564125981.6960         106564835131.0266         106578750813.0620      
    106596079898.6875         106607716802.2221         106519114319.3988      
    106519586685.2710         106538268177.7644         106560265223.1343      
    106579663766.7951     
O1D
    175068753.3636682         175924156.0471511         176255213.5697290      
    176994763.9276721         177791029.7215914         174182844.0917902      
    174627987.2170058         175326265.4111397         176088502.3466985      
    176918951.2829330     
O
    10734970935.51147         10780694335.54392         12119079332.88170      
    12495397917.79165         12562168403.94179         10676542181.48497      
    11631246687.76747         12254492316.85372         12527362837.75653      
    12333274325.59955     
O2
    116690747659.4947         116734657497.5101         117991028827.4853      
    118358836217.8557         118433842532.1120         116589109036.6244      
    117475856888.3217         118074107899.2121         118350728677.2870      
    118191832621.0328     
O3
    707002599491.5149         707039308947.3383         705494807832.5422      
    706096962051.5763         707830536298.4448         704106082789.3148      
    704054223637.1788         704682333351.8600         705551657048.3285      
    708056009380.6565     
 Calculated grids per second:     1279153.963806666     
 time step    80.00000000000000     
M
    106564125981.6960         106564835131.0266         106578750813.0620      
    106596079898.6875         106607716802.2221         106519114319.3988      
    106519586685.2710         106538268177.7644         106560265223.1343      
    106579663766.7951     
Ar
    106564125981.6960         106564835131.0266         106578750813.0620      
    106596079898.6875         106607716802.2221         106519114319.3988      
    106519586685.2710         106538268177.7644         106560265223.1343      
    106579663766.7951     
CO2
    41467962180223.68         41468514164516.57         41474000639146.90      
    41480799913050.02         41485399659779.49         41450192302306.98      
    41450639626734.03         41458107716903.64         41466819571374.55      
    41474470674925.64     
H2O
    542258397205.6353         542508812927.6385         542573936962.5143      
    542625267401.1971         542634861745.0939         541989583818.8474      
    542216940344.4905         542417312290.1646         542540499444.1071      
    542606162272.1516     
N2
    106564125981.6960         106564835131.0266         106578750813.0620      
    106596079898.6875         106607716802.2221         106519114319.3988      
    106519586685.2710         106538268177.7644         106560265223.1343      
    106579663766.7951     
O1D
    175068753.3636682         175924156.0471511         176255213.5697290      
    176994763.9276721         177791029.7215914         174182844.0917902      
    174627987.2170058         175326265.4111397         176088502.3466985      
    176918951.2829330     
O
    10734970935.51147         10780694335.54392         12119079332.88170      
    12495397917.79165         12562168403.94179         10676542181.48497      
    11631246687.76747         12254492316.85372         12527362837.75653      
    12333274325.59955     
O2
    116690747659.4947         116734657497.5101         117991028827.4853      
    118358836217.8557         118433842532.1120         116589109036.6244      
    117475856888.3217         118074107899.2121         118350728677.2870      
    118191832621.0328     
O3
    707002599491.5149         707039308947.3383         705494807832.5422      
    706096962051.5763         707830536298.4448         704106082789.3148      
    704054223637.1788         704682333351.8600         705551657048.3285      
    708056009380.6565     
 Calculated grids per second:     1277571.213495327     
 time step    85.00000000000000     
M
    106564125981.6960         106564835131.0266         106578750813.0620      
    106596079898.6875         106607716802.2221         106519114319.3988      
    106519586685.2710         106538268177.7644         106560265223.1343      
    106579663766.7951     
Ar
    106564125981.6960         106564835131.0266         106578750813.0620      
    106596079898.6875         106607716802.2221         106519114319.3988      
    106519586685.2710         106538268177.7644         106560265223.1343      
    106579663766.7951     
CO2
    41467962180223.68         41468514164516.57         41474000639146.90      
    41480799913050.02         41485399659779.49         41450192302306.98      
    41450639626734.03         41458107716903.64         41466819571374.55      
    41474470674925.64     
H2O
    542258397205.6353         542508812927.6385         542573936962.5143      
    542625267401.1971         542634861745.0939         541989583818.8474      
    542216940344.4905         542417312290.1646         542540499444.1071      
    542606162272.1516     
N2
    106564125981.6960         106564835131.0266         106578750813.0620      
    106596079898.6875         106607716802.2221         106519114319.3988      
    106519586685.2710         106538268177.7644         106560265223.1343      
    106579663766.7951     
O1D
    175068753.3636682         175924156.0471511         176255213.5697290      
    176994763.9276721         177791029.7215914         174182844.0917902      
    174627987.2170058         175326265.4111397         176088502.3466985      
    176918951.2829330     
O
    10734970935.51147         10780694335.54392         12119079332.88170      
    12495397917.79165         12562168403.94179         10676542181.48497      
    11631246687.76747         12254492316.85372         12527362837.75653      
    12333274325.59955     
O2
    116690747659.4947         116734657497.5101         117991028827.4853      
    118358836217.8557         118433842532.1120         116589109036.6244      
    117475856888.3217         118074107899.2121         118350728677.2870      
    118191832621.0328     
O3
    707002599491.5149         707039308947.3383         705494807832.5422      
    706096962051.5763         707830536298.4448         704106082789.3148      
    704054223637.1788         704682333351.8600         705551657048.3285      
    708056009380.6565     
 Calculated grids per second:     1280509.678998492     
 time step    90.00000000000000     
M
    106564125981.6960         106564835131.0266         106578750813.0620      
    106596079898.6875         106607716802.2221         106519114319.3988      
    106519586685.2710         106538268177.7644         106560265223.1343      
    106579663766.7951     
Ar
    106564125981.6960         106564835131.0266         106578750813.0620      
    106596079898.6875         106607716802.2221         106519114319.3988      
    106519586685.2710         106538268177.7644         106560265223.1343      
    106579663766.7951     
CO2
    41467962180223.68         41468514164516.57         41474000639146.90      
    41480799913050.02         41485399659779.49         41450192302306.98      
    41450639626734.03         41458107716903.64         41466819571374.55      
    41474470674925.64     
H2O
    542258397205.6353         542508812927.6385         542573936962.5143      
    542625267401.1971         542634861745.0939         541989583818.8474      
    542216940344.4905         542417312290.1646         542540499444.1071      
    542606162272.1516     
N2
    106564125981.6960         106564835131.0266         106578750813.0620      
    106596079898.6875         106607716802.2221         106519114319.3988      
    106519586685.2710         106538268177.7644         106560265223.1343      
    106579663766.7951     
O1D
    175068753.3636682         175924156.0471511         176255213.5697290      
    176994763.9276721         177791029.7215914         174182844.0917902      
    174627987.2170058         175326265.4111397         176088502.3466985      
    176918951.2829330     
O
    10734970935.51147         10780694335.54392         12119079332.88170      
    12495397917.79165         12562168403.94179         10676542181.48497      
    11631246687.76747         12254492316.85372         12527362837.75653      
    12333274325.59955     
O2
    116690747659.4947         116734657497.5101         117991028827.4853      
    118358836217.8557         118433842532.1120         116589109036.6244      
    117475856888.3217         118074107899.2121         118350728677.2870      
    118191832621.0328     
O3
    707002599491.5149         707039308947.3383         705494807832.5422      
    706096962051.5763         707830536298.4448         704106082789.3148      
    704054223637.1788         704682333351.8600         705551657048.3285      
    708056009380.6565     
 Calculated grids per second:     1278964.699523828     
 time step    95.00000000000000     
M
    106564125981.6960         106564835131.0266         106578750813.0620      
    106596079898.6875         106607716802.2221         106519114319.3988      
    106519586685.2710         106538268177.7644         106560265223.1343      
    106579663766.7951     
Ar
    106564125981.6960         106564835131.0266         106578750813.0620      
    106596079898.6875         106607716802.2221         106519114319.3988      
    106519586685.2710         106538268177.7644         106560265223.1343      
    106579663766.7951     
CO2
    41467962180223.68         41468514164516.57         41474000639146.90      
    41480799913050.02         41485399659779.49         41450192302306.98      
    41450639626734.03         41458107716903.64         41466819571374.55      
    41474470674925.64     
H2O
    542258397205.6353         542508812927.6385         542573936962.5143      
    542625267401.1971         542634861745.0939         541989583818.8474      
    542216940344.4905         542417312290.1646         542540499444.1071      
    542606162272.1516     
N2
    106564125981.6960         106564835131.0266         106578750813.0620      
    106596079898.6875         106607716802.2221         106519114319.3988      
    106519586685.2710         106538268177.7644         106560265223.1343      
    106579663766.7951     
O1D
    175068753.3636682         175924156.0471511         176255213.5697290      
    176994763.9276721         177791029.7215914         174182844.0917902      
    174627987.2170058         175326265.4111397         176088502.3466985      
    176918951.2829330     
O
    10734970935.51147         10780694335.54392         12119079332.88170      
    12495397917.79165         12562168403.94179         10676542181.48497      
    11631246687.76747         12254492316.85372         12527362837.75653      
    12333274325.59955     
O2
    116690747659.4947         116734657497.5101         117991028827.4853      
    118358836217.8557         118433842532.1120         116589109036.6244      
    117475856888.3217         118074107899.2121         118350728677.2870      
    118191832621.0328     
O3
    707002599491.5149         707039308947.3383         705494807832.5422      
    706096962051.5763         707830536298.4448         704106082789.3148      
    704054223637.1788         704682333351.8600         705551657048.3285      
    708056009380.6565     
 Calculated grids per second:     1279020.242982195     
 time step    100.0000000000000     
M
    106564125981.6960         106564835131.0266         106578750813.0620      
    106596079898.6875         106607716802.2221         106519114319.3988      
    106519586685.2710         106538268177.7644         106560265223.1343      
    106579663766.7951     
Ar
    106564125981.6960         106564835131.0266         106578750813.0620      
    106596079898.6875         106607716802.2221         106519114319.3988      
    106519586685.2710         106538268177.7644         106560265223.1343      
    106579663766.7951     
CO2
    41467962180223.68         41468514164516.57         41474000639146.90      
    41480799913050.02         41485399659779.49         41450192302306.98      
    41450639626734.03         41458107716903.64         41466819571374.55      
    41474470674925.64     
H2O
    542258397205.6353         542508812927.6385         542573936962.5143      
    542625267401.1971         542634861745.0939         541989583818.8474      
    542216940344.4905         542417312290.1646         542540499444.1071      
    542606162272.1516     
N2
    106564125981.6960         106564835131.0266         106578750813.0620      
    106596079898.6875         106607716802.2221         106519114319.3988      
    106519586685.2710         106538268177.7644         106560265223.1343      
    106579663766.7951     
O1D
    175068753.3636682         175924156.0471511         176255213.5697290      
    176994763.9276721         177791029.7215914         174182844.0917902      
    174627987.2170058         175326265.4111397         176088502.3466985      
    176918951.2829330     
O
    10734970935.51147         10780694335.54392         12119079332.88170      
    12495397917.79165         12562168403.94179         10676542181.48497      
    11631246687.76747         12254492316.85372         12527362837.75653      
    12333274325.59955     
O2
    116690747659.4947         116734657497.5101         117991028827.4853      
    118358836217.8557         118433842532.1120         116589109036.6244      
    117475856888.3217         118074107899.2121         118350728677.2870      
    118191832621.0328     
O3
    707002599491.5149         707039308947.3383         705494807832.5422      
    706096962051.5763         707830536298.4448         704106082789.3148      
    704054223637.1788         704682333351.8600         705551657048.3285      
    708056009380.6565     
 Calculated grids per second:     1277711.890434256     
 time step    105.0000000000000     
M
    106564125981.6960         106564835131.0266         106578750813.0620      
    106596079898.6875         106607716802.2221         106519114319.3988      
    106519586685.2710         106538268177.7644         106560265223.1343      
    106579663766.7951     
Ar
    106564125981.6960         106564835131.0266         106578750813.0620      
    106596079898.6875         106607716802.2221         106519114319.3988      
    106519586685.2710         106538268177.7644         106560265223.1343      
    106579663766.7951     
CO2
    41467962180223.68         41468514164516.57         41474000639146.90      
    41480799913050.02         41485399659779.49         41450192302306.98      
    41450639626734.03         41458107716903.64         41466819571374.55      
    41474470674925.64     
H2O
    542258397205.6353         542508812927.6385         542573936962.5143      
    542625267401.1971         542634861745.0939         541989583818.8474      
    542216940344.4905         542417312290.1646         542540499444.1071      
    542606162272.1516     
N2
    106564125981.6960         106564835131.0266         106578750813.0620      
    106596079898.6875         106607716802.2221         106519114319.3988      
    106519586685.2710         106538268177.7644         106560265223.1343      
    106579663766.7951     
O1D
    175068753.3636682         175924156.0471511         176255213.5697290      
    176994763.9276721         177791029.7215914         174182844.0917902      
    174627987.2170058         175326265.4111397         176088502.3466985      
    176918951.2829330     
O
    10734970935.51147         10780694335.54392         12119079332.88170      
    12495397917.79165         12562168403.94179         10676542181.48497      
    11631246687.76747         12254492316.85372         12527362837.75653      
    12333274325.59955     
O2
    116690747659.4947         116734657497.5101         117991028827.4853      
    118358836217.8557         118433842532.1120         116589109036.6244      
    117475856888.3217         118074107899.2121         118350728677.2870      
    118191832621.0328     
O3
    707002599491.5149         707039308947.3383         705494807832.5422      
    706096962051.5763         707830536298.4448         704106082789.3148      
    704054223637.1788         704682333351.8600         705551657048.3285      
    708056009380.6565     
 Calculated grids per second:     1279289.829516702     
 time step    110.0000000000000     
M
    106564125981.6960         106564835131.0266         106578750813.0620      
    106596079898.6875         106607716802.2221         106519114319.3988      
    106519586685.2710         106538268177.7644         106560265223.1343      
    106579663766.7951     
Ar
    106564125981.6960         106564835131.0266         106578750813.0620      
    106596079898.6875         106607716802.2221         106519114319.3988      
    106519586685.2710         106538268177.7644         106560265223.1343      
    106579663766.7951     
CO2
    41467962180223.68         41468514164516.57         41474000639146.90      
    41480799913050.02         41485399659779.49         41450192302306.98      
    41450639626734.03         41458107716903.64         41466819571374.55      
    41474470674925.64     
H2O
    542258397205.6353         542508812927.6385         542573936962.5143      
    542625267401.1971         542634861745.0939         541989583818.8474      
    542216940344.4905         542417312290.1646         542540499444.1071      
    542606162272.1516     
N2
    106564125981.6960         106564835131.0266         106578750813.0620      
    106596079898.6875         106607716802.2221         106519114319.3988      
    106519586685.2710         106538268177.7644         106560265223.1343      
    106579663766.7951     
O1D
    175068753.3636682         175924156.0471511         176255213.5697290      
    176994763.9276721         177791029.7215914         174182844.0917902      
    174627987.2170058         175326265.4111397         176088502.3466985      
    176918951.2829330     
O
    10734970935.51147         10780694335.54392         12119079332.88170      
    12495397917.79165         12562168403.94179         10676542181.48497      
    11631246687.76747         12254492316.85372         12527362837.75653      
    12333274325.59955     
O2
    116690747659.4947         116734657497.5101         117991028827.4853      
    118358836217.8557         118433842532.1120         116589109036.6244      
    117475856888.3217         118074107899.2121         118350728677.2870      
    118191832621.0328     
O3
    707002599491.5149         707039308947.3383         705494807832.5422      
    706096962051.5763         707830536298.4448         704106082789.3148      
    704054223637.1788         704682333351.8600         705551657048.3285      
    708056009380.6565     
 Calculated grids per second:     1277783.296492381     
 time step    115.0000000000000     
M
    106564125981.6960         106564835131.0266         106578750813.0620      
    106596079898.6875         106607716802.2221         106519114319.3988      
    106519586685.2710         106538268177.7644         106560265223.1343      
    106579663766.7951     
Ar
    106564125981.6960         106564835131.0266         106578750813.0620      
    106596079898.6875         106607716802.2221         106519114319.3988      
    106519586685.2710         106538268177.7644         106560265223.1343      
    106579663766.7951     
CO2
    41467962180223.68         41468514164516.57         41474000639146.90      
    41480799913050.02         41485399659779.49         41450192302306.98      
    41450639626734.03         41458107716903.64         41466819571374.55      
    41474470674925.64     
H2O
    542258397205.6353         542508812927.6385         542573936962.5143      
    542625267401.1971         542634861745.0939         541989583818.8474      
    542216940344.4905         542417312290.1646         542540499444.1071      
    542606162272.1516     
N2
    106564125981.6960         106564835131.0266         106578750813.0620      
    106596079898.6875         106607716802.2221         106519114319.3988      
    106519586685.2710         106538268177.7644         106560265223.1343      
    106579663766.7951     
O1D
    175068753.3636682         175924156.0471511         176255213.5697290      
    176994763.9276721         177791029.7215914         174182844.0917902      
    174627987.2170058         175326265.4111397         176088502.3466985      
    176918951.2829330     
O
    10734970935.51147         10780694335.54392         12119079332.88170      
    12495397917.79165         12562168403.94179         10676542181.48497      
    11631246687.76747         12254492316.85372         12527362837.75653      
    12333274325.59955     
O2
    116690747659.4947         116734657497.5101         117991028827.4853      
    118358836217.8557         118433842532.1120         116589109036.6244      
    117475856888.3217         118074107899.2121         118350728677.2870      
    118191832621.0328     
O3
    707002599491.5149         707039308947.3383         705494807832.5422      
    706096962051.5763         707830536298.4448         704106082789.3148      
    704054223637.1788         704682333351.8600         705551657048.3285      
    708056009380.6565     
 Calculated grids per second:     1278280.588371522     
 time step    120.0000000000000     
M
    106564125981.6960         106564835131.0266         106578750813.0620      
    106596079898.6875         106607716802.2221         106519114319.3988      
    106519586685.2710         106538268177.7644         106560265223.1343      
    106579663766.7951     
Ar
    106564125981.6960         106564835131.0266         106578750813.0620      
    106596079898.6875         106607716802.2221         106519114319.3988      
    106519586685.2710         106538268177.7644         106560265223.1343      
    106579663766.7951     
CO2
    41467962180223.68         41468514164516.57         41474000639146.90      
    41480799913050.02         41485399659779.49         41450192302306.98      
    41450639626734.03         41458107716903.64         41466819571374.55      
    41474470674925.64     
H2O
    542258397205.6353         542508812927.6385         542573936962.5143      
    542625267401.1971         542634861745.0939         541989583818.8474      
    542216940344.4905         542417312290.1646         542540499444.1071      
    542606162272.1516     
N2
    106564125981.6960         106564835131.0266         106578750813.0620      
    106596079898.6875         106607716802.2221         106519114319.3988      
    106519586685.2710         106538268177.7644         106560265223.1343      
    106579663766.7951     
O1D
    175068753.3636682         175924156.0471511         176255213.5697290      
    176994763.9276721         177791029.7215914         174182844.0917902      
    174627987.2170058         175326265.4111397         176088502.3466985      
    176918951.2829330     
O
    10734970935.51147         10780694335.54392         12119079332.88170      
    12495397917.79165         12562168403.94179         10676542181.48497      
    11631246687.76747         12254492316.85372         12527362837.75653      
    12333274325.59955     
O2
    116690747659.4947         116734657497.5101         117991028827.4853      
    118358836217.8557         118433842532.1120         116589109036.6244      
    117475856888.3217         118074107899.2121         118350728677.2870      
    118191832621.0328     
O3
    707002599491.5149         707039308947.3383         705494807832.5422      
    706096962051.5763         707830536298.4448         704106082789.3148      
    704054223637.1788         704682333351.8600         705551657048.3285      
    708056009380.6565     
 Calculated grids per second:     1278798.362502025     
 time step    125.0000000000000     
M
    106564125981.6960         106564835131.0266         106578750813.0620      
    106596079898.6875         106607716802.2221         106519114319.3988      
    106519586685.2710         106538268177.7644         106560265223.1343      
    106579663766.7951     
Ar
    106564125981.6960         106564835131.0266         106578750813.0620      
    106596079898.6875         106607716802.2221         106519114319.3988      
    106519586685.2710         106538268177.7644         106560265223.1343      
    106579663766.7951     
CO2
    41467962180223.68         41468514164516.57         41474000639146.90      
    41480799913050.02         41485399659779.49         41450192302306.98      
    41450639626734.03         41458107716903.64         41466819571374.55      
    41474470674925.64     
H2O
    542258397205.6353         542508812927.6385         542573936962.5143      
    542625267401.1971         542634861745.0939         541989583818.8474      
    542216940344.4905         542417312290.1646         542540499444.1071      
    542606162272.1516     
N2
    106564125981.6960         106564835131.0266         106578750813.0620      
    106596079898.6875         106607716802.2221         106519114319.3988      
    106519586685.2710         106538268177.7644         106560265223.1343      
    106579663766.7951     
O1D
    175068753.3636682         175924156.0471511         176255213.5697290      
    176994763.9276721         177791029.7215914         174182844.0917902      
    174627987.2170058         175326265.4111397         176088502.3466985      
    176918951.2829330     
O
    10734970935.51147         10780694335.54392         12119079332.88170      
    12495397917.79165         12562168403.94179         10676542181.48497      
    11631246687.76747         12254492316.85372         12527362837.75653      
    12333274325.59955     
O2
    116690747659.4947         116734657497.5101         117991028827.4853      
    118358836217.8557         118433842532.1120         116589109036.6244      
    117475856888.3217         118074107899.2121         118350728677.2870      
    118191832621.0328     
O3
    707002599491.5149         707039308947.3383         705494807832.5422      
    706096962051.5763         707830536298.4448         704106082789.3148      
    704054223637.1788         704682333351.8600         705551657048.3285      
    708056009380.6565     
 Calculated grids per second:     1279415.931307204     
 time step    130.0000000000000     
M
    106564125981.6960         106564835131.0266         106578750813.0620      
    106596079898.6875         106607716802.2221         106519114319.3988      
    106519586685.2710         106538268177.7644         106560265223.1343      
    106579663766.7951     
Ar
    106564125981.6960         106564835131.0266         106578750813.0620      
    106596079898.6875         106607716802.2221         106519114319.3988      
    106519586685.2710         106538268177.7644         106560265223.1343      
    106579663766.7951     
CO2
    41467962180223.68         41468514164516.57         41474000639146.90      
    41480799913050.02         41485399659779.49         41450192302306.98      
    41450639626734.03         41458107716903.64         41466819571374.55      
    41474470674925.64     
H2O
    542258397205.6353         542508812927.6385         542573936962.5143      
    542625267401.1971         542634861745.0939         541989583818.8474      
    542216940344.4905         542417312290.1646         542540499444.1071      
    542606162272.1516     
N2
    106564125981.6960         106564835131.0266         106578750813.0620      
    106596079898.6875         106607716802.2221         106519114319.3988      
    106519586685.2710         106538268177.7644         106560265223.1343      
    106579663766.7951     
O1D
    175068753.3636682         175924156.0471511         176255213.5697290      
    176994763.9276721         177791029.7215914         174182844.0917902      
    174627987.2170058         175326265.4111397         176088502.3466985      
    176918951.2829330     
O
    10734970935.51147         10780694335.54392         12119079332.88170      
    12495397917.79165         12562168403.94179         10676542181.48497      
    11631246687.76747         12254492316.85372         12527362837.75653      
    12333274325.59955     
O2
    116690747659.4947         116734657497.5101         117991028827.4853      
    118358836217.8557         118433842532.1120         116589109036.6244      
    117475856888.3217         118074107899.2121         118350728677.2870      
    118191832621.0328     
O3
    707002599491.5149         707039308947.3383         705494807832.5422      
    706096962051.5763         707830536298.4448         704106082789.3148      
    704054223637.1788         704682333351.8600         705551657048.3285      
    708056009380.6565     
 Calculated grids per second:     1277258.694300338     
 time step    135.0000000000000     
M
    106564125981.6960         106564835131.0266         106578750813.0620      
    106596079898.6875         106607716802.2221         106519114319.3988      
    106519586685.2710         106538268177.7644         106560265223.1343      
    106579663766.7951     
Ar
    106564125981.6960         106564835131.0266         106578750813.0620      
    106596079898.6875         106607716802.2221         106519114319.3988      
    106519586685.2710         106538268177.7644         106560265223.1343      
    106579663766.7951     
CO2
    41467962180223.68         41468514164516.57         41474000639146.90      
    41480799913050.02         41485399659779.49         41450192302306.98      
    41450639626734.03         41458107716903.64         41466819571374.55      
    41474470674925.64     
H2O
    542258397205.6353         542508812927.6385         542573936962.5143      
    542625267401.1971         542634861745.0939         541989583818.8474      
    542216940344.4905         542417312290.1646         542540499444.1071      
    542606162272.1516     
N2
    106564125981.6960         106564835131.0266         106578750813.0620      
    106596079898.6875         106607716802.2221         106519114319.3988      
    106519586685.2710         106538268177.7644         106560265223.1343      
    106579663766.7951     
O1D
    175068753.3636682         175924156.0471511         176255213.5697290      
    176994763.9276721         177791029.7215914         174182844.0917902      
    174627987.2170058         175326265.4111397         176088502.3466985      
    176918951.2829330     
O
    10734970935.51147         10780694335.54392         12119079332.88170      
    12495397917.79165         12562168403.94179         10676542181.48497      
    11631246687.76747         12254492316.85372         12527362837.75653      
    12333274325.59955     
O2
    116690747659.4947         116734657497.5101         117991028827.4853      
    118358836217.8557         118433842532.1120         116589109036.6244      
    117475856888.3217         118074107899.2121         118350728677.2870      
    118191832621.0328     
O3
    707002599491.5149         707039308947.3383         705494807832.5422      
    706096962051.5763         707830536298.4448         704106082789.3148      
    704054223637.1788         704682333351.8600         705551657048.3285      
    708056009380.6565     
 Calculated grids per second:     1280414.507798108     
 time step    140.0000000000000     
M
    106564125981.6960         106564835131.0266         106578750813.0620      
    106596079898.6875         106607716802.2221         106519114319.3988      
    106519586685.2710         106538268177.7644         106560265223.1343      
    106579663766.7951     
Ar
    106564125981.6960         106564835131.0266         106578750813.0620      
    106596079898.6875         106607716802.2221         106519114319.3988      
    106519586685.2710         106538268177.7644         106560265223.1343      
    106579663766.7951     
CO2
    41467962180223.68         41468514164516.57         41474000639146.90      
    41480799913050.02         41485399659779.49         41450192302306.98      
    41450639626734.03         41458107716903.64         41466819571374.55      
    41474470674925.64     
H2O
    542258397205.6353         542508812927.6385         542573936962.5143      
    542625267401.1971         542634861745.0939         541989583818.8474      
    542216940344.4905         542417312290.1646         542540499444.1071      
    542606162272.1516     
N2
    106564125981.6960         106564835131.0266         106578750813.0620      
    106596079898.6875         106607716802.2221         106519114319.3988      
    106519586685.2710         106538268177.7644         106560265223.1343      
    106579663766.7951     
O1D
    175068753.3636682         175924156.0471511         176255213.5697290      
    176994763.9276721         177791029.7215914         174182844.0917902      
    174627987.2170058         175326265.4111397         176088502.3466985      
    176918951.2829330     
O
    10734970935.51147         10780694335.54392         12119079332.88170      
    12495397917.79165         12562168403.94179         10676542181.48497      
    11631246687.76747         12254492316.85372         12527362837.75653      
    12333274325.59955     
O2
    116690747659.4947         116734657497.5101         117991028827.4853      
    118358836217.8557         118433842532.1120         116589109036.6244      
    117475856888.3217         118074107899.2121         118350728677.2870      
    118191832621.0328     
O3
    707002599491.5149         707039308947.3383         705494807832.5422      
    706096962051.5763         707830536298.4448         704106082789.3148      
    704054223637.1788         704682333351.8600         705551657048.3285      
    708056009380.6565     
 Calculated grids per second:     1279119.439729507     
 time step    145.0000000000000     
M
    106564125981.6960         106564835131.0266         106578750813.0620      
    106596079898.6875         106607716802.2221         106519114319.3988      
    106519586685.2710         106538268177.7644         106560265223.1343      
    106579663766.7951     
Ar
    106564125981.6960         106564835131.0266         106578750813.0620      
    106596079898.6875         106607716802.2221         106519114319.3988      
    106519586685.2710         106538268177.7644         106560265223.1343      
    106579663766.7951     
CO2
    41467962180223.68         41468514164516.57         41474000639146.90      
    41480799913050.02         41485399659779.49         41450192302306.98      
    41450639626734.03         41458107716903.64         41466819571374.55      
    41474470674925.64     
H2O
    542258397205.6353         542508812927.6385         542573936962.5143      
    542625267401.1971         542634861745.0939         541989583818.8474      
    542216940344.4905         542417312290.1646         542540499444.1071      
    542606162272.1516     
N2
    106564125981.6960         106564835131.0266         106578750813.0620      
    106596079898.6875         106607716802.2221         106519114319.3988      
    106519586685.2710         106538268177.7644         106560265223.1343      
    106579663766.7951     
O1D
    175068753.3636682         175924156.0471511         176255213.5697290      
    176994763.9276721         177791029.7215914         174182844.0917902      
    174627987.2170058         175326265.4111397         176088502.3466985      
    176918951.2829330     
O
    10734970935.51147         10780694335.54392         12119079332.88170      
    12495397917.79165         12562168403.94179         10676542181.48497      
    11631246687.76747         12254492316.85372         12527362837.75653      
    12333274325.59955     
O2
    116690747659.4947         116734657497.5101         117991028827.4853      
    118358836217.8557         118433842532.1120         116589109036.6244      
    117475856888.3217         118074107899.2121         118350728677.2870      
    118191832621.0328     
O3
    707002599491.5149         707039308947.3383         705494807832.5422      
    706096962051.5763         707830536298.4448         704106082789.3148      
    704054223637.1788         704682333351.8600         705551657048.3285      
    708056009380.6565     
 Calculated grids per second:     1279647.292820240     
 time step    150.0000000000000     
M
    106564125981.6960         106564835131.0266         106578750813.0620      
    106596079898.6875         106607716802.2221         106519114319.3988      
    106519586685.2710         106538268177.7644         106560265223.1343      
    106579663766.7951     
Ar
    106564125981.6960         106564835131.0266         106578750813.0620      
    106596079898.6875         106607716802.2221         106519114319.3988      
    106519586685.2710         106538268177.7644         106560265223.1343      
    106579663766.7951     
CO2
    41467962180223.68         41468514164516.57         41474000639146.90      
    41480799913050.02         41485399659779.49         41450192302306.98      
    41450639626734.03         41458107716903.64         41466819571374.55      
    41474470674925.64     
H2O
    542258397205.6353         542508812927.6385         542573936962.5143      
    542625267401.1971         542634861745.0939         541989583818.8474      
    542216940344.4905         542417312290.1646         542540499444.1071      
    542606162272.1516     
N2
    106564125981.6960         106564835131.0266         106578750813.0620      
    106596079898.6875         106607716802.2221         106519114319.3988      
    106519586685.2710         106538268177.7644         106560265223.1343      
    106579663766.7951     
O1D
    175068753.3636682         175924156.0471511         176255213.5697290      
    176994763.9276721         177791029.7215914         174182844.0917902      
    174627987.2170058         175326265.4111397         176088502.3466985      
    176918951.2829330     
O
    10734970935.51147         10780694335.54392         12119079332.88170      
    12495397917.79165         12562168403.94179         10676542181.48497      
    11631246687.76747         12254492316.85372         12527362837.75653      
    12333274325.59955     
O2
    116690747659.4947         116734657497.5101         117991028827.4853      
    118358836217.8557         118433842532.1120         116589109036.6244      
    117475856888.3217         118074107899.2121         118350728677.2870      
    118191832621.0328     
O3
    707002599491.5149         707039308947.3383         705494807832.5422      
    706096962051.5763         707830536298.4448         704106082789.3148      
    704054223637.1788         704682333351.8600         705551657048.3285      
    708056009380.6565     
 Calculated grids per second:     1277932.733884206     
 Successfully write MICM output to 
 ./test_output.nc                                                                                                                
<end of output>
Test time =  70.41 sec
----------------------------------------------------------
Test Passed.
"test_performance" end time: Jan 30 19:38 MST
"test_performance" time elapsed: 00:01:10
----------------------------------------------------------

End testing: Jan 30 19:38 MST
